44.0 APEX_CODE,FINEST;APEX_PROFILING,INFO;CALLOUT,INFO;DB,INFO;NBA,INFO;SYSTEM,DEBUG;VALIDATION,INFO;VISUALFORCE,INFO;WAVE,INFO;WORKFLOW,INFO
13:26:51.0 (91065)|USER_INFO|[EXTERNAL]|005N0000005hvfr|nikhil.jaitly@homerepair.com.uat|Australian Eastern Standard Time|GMT+11:00
13:26:51.0 (129061)|EXECUTION_STARTED
13:26:51.0 (133849)|CODE_UNIT_STARTED|[EXTERNAL]|Aura
13:26:51.0 (775477)|HEAP_ALLOCATE|[72]|Bytes:3
13:26:51.0 (832481)|HEAP_ALLOCATE|[77]|Bytes:152
13:26:51.0 (849620)|HEAP_ALLOCATE|[342]|Bytes:408
13:26:51.0 (863069)|HEAP_ALLOCATE|[355]|Bytes:408
13:26:51.0 (873679)|HEAP_ALLOCATE|[467]|Bytes:48
13:26:51.0 (897831)|HEAP_ALLOCATE|[139]|Bytes:6
13:26:51.0 (918393)|HEAP_ALLOCATE|[EXTERNAL]|Bytes:5
13:26:51.0 (927089)|HEAP_ALLOCATE|[EXTERNAL]|Bytes:5
13:26:51.0 (1672659)|CODE_UNIT_STARTED|[EXTERNAL]|01pN0000000oWSC|LightningFileUploadController.fetchCustomMetaDataValues(String)
13:26:51.0 (1775202)|HEAP_ALLOCATE|[EXTERNAL]|Bytes:7
13:26:51.0 (1788094)|METHOD_ENTRY|[1]|01pN0000000oWSC|LightningFileUploadController.LightningFileUploadController()
13:26:51.0 (1795741)|STATEMENT_EXECUTE|[1]
13:26:51.0 (1801628)|STATEMENT_EXECUTE|[1]
13:26:51.0 (1805325)|METHOD_EXIT|[1]|LightningFileUploadController
13:26:51.0 (1810992)|HEAP_ALLOCATE|[EXTERNAL]|Bytes:5
13:26:51.0 (1824118)|SYSTEM_MODE_ENTER|false
13:26:51.0 (1832039)|VARIABLE_SCOPE_BEGIN|[14]|platform|String|false|false
13:26:51.0 (1855121)|VARIABLE_ASSIGNMENT|[14]|platform|"Claim"
13:26:51.0 (1865391)|STATEMENT_EXECUTE|[14]
13:26:51.0 (1867194)|STATEMENT_EXECUTE|[15]
13:26:51.0 (1909667)|HEAP_ALLOCATE|[15]|Bytes:4
13:26:51.0 (1951617)|VARIABLE_SCOPE_BEGIN|[15]|platformList|List<String>|true|false
13:26:51.0 (1985366)|HEAP_ALLOCATE|[EXTERNAL]|Bytes:4
13:26:51.0 (1999954)|VARIABLE_ASSIGNMENT|[15]|platformList|[]|0x2c37ddd0
13:26:51.0 (2006125)|STATEMENT_EXECUTE|[16]
13:26:51.0 (2010023)|HEAP_ALLOCATE|[16]|Bytes:64
13:26:51.0 (2015531)|HEAP_ALLOCATE|[16]|Bytes:1
13:26:51.0 (2028419)|HEAP_ALLOCATE|[16]|Bytes:70
13:26:51.0 (2062868)|HEAP_ALLOCATE|[50]|Bytes:5
13:26:51.0 (2088122)|HEAP_ALLOCATE|[56]|Bytes:5
13:26:51.0 (2096350)|HEAP_ALLOCATE|[64]|Bytes:7
13:26:51.0 (2486389)|SOQL_EXECUTE_BEGIN|[16]|Aggregations:0|SELECT MasterLabel FROM Document_Type__mdt WHERE Platform__c = 'Claim'
13:26:51.0 (6455859)|SOQL_EXECUTE_END|[16]|Rows:6
13:26:51.0 (6485260)|HEAP_ALLOCATE|[16]|Bytes:28
13:26:51.0 (6509212)|HEAP_ALLOCATE|[16]|Bytes:346
13:26:51.0 (6578801)|HEAP_ALLOCATE|[16]|Bytes:28
13:26:51.0 (6601223)|VARIABLE_SCOPE_BEGIN|[16]|DocumentTypeList|List<Document_Type__mdt>|true|false
13:26:51.0 (6620728)|VARIABLE_ASSIGNMENT|[16]|DocumentTypeList|"List of size 6 too large to display"|0x230e2f6a
13:26:51.0 (6828627)|HEAP_ALLOCATE|[17]|Bytes:5
13:26:51.0 (6864539)|HEAP_ALLOCATE|[17]|Bytes:12
13:26:51.0 (6874071)|VARIABLE_SCOPE_BEGIN|[17]|dt|Document_Type__mdt|true|false
13:26:51.0 (6895740)|VARIABLE_ASSIGNMENT|[17]|dt|{"MasterLabel":"Liability quote","Id":"m05N000000004BhIAI"}|0x731469c7
13:26:51.0 (6902762)|STATEMENT_EXECUTE|[17]
13:26:51.0 (6904912)|STATEMENT_EXECUTE|[18]
13:26:51.0 (6966918)|HEAP_ALLOCATE|[EXTERNAL]|Bytes:4
13:26:51.0 (6984207)|HEAP_ALLOCATE|[17]|Bytes:5
13:26:51.0 (6996020)|HEAP_ALLOCATE|[17]|Bytes:12
13:26:51.0 (7002236)|VARIABLE_SCOPE_BEGIN|[17]|dt|Document_Type__mdt|true|false
13:26:51.0 (7019731)|VARIABLE_ASSIGNMENT|[17]|dt|{"MasterLabel":"Assessment Report","Id":"m05N000000004BcIAI"}|0x3c8dda03
13:26:51.0 (7025656)|STATEMENT_EXECUTE|[17]
13:26:51.0 (7027309)|STATEMENT_EXECUTE|[18]
13:26:51.0 (7038389)|HEAP_ALLOCATE|[EXTERNAL]|Bytes:4
13:26:51.0 (7049558)|HEAP_ALLOCATE|[17]|Bytes:5
13:26:51.0 (7058520)|HEAP_ALLOCATE|[17]|Bytes:12
13:26:51.0 (7063726)|VARIABLE_SCOPE_BEGIN|[17]|dt|Document_Type__mdt|true|false
13:26:51.0 (7076309)|VARIABLE_ASSIGNMENT|[17]|dt|{"MasterLabel":"Cash Settlement","Id":"m05N000000004BeIAI"}|0x2bf6d207
13:26:51.0 (7081843)|STATEMENT_EXECUTE|[17]
13:26:51.0 (7083374)|STATEMENT_EXECUTE|[18]
13:26:51.0 (7090800)|HEAP_ALLOCATE|[EXTERNAL]|Bytes:4
13:26:51.0 (7100281)|HEAP_ALLOCATE|[17]|Bytes:5
13:26:51.0 (7108086)|HEAP_ALLOCATE|[17]|Bytes:12
13:26:51.0 (7113187)|VARIABLE_SCOPE_BEGIN|[17]|dt|Document_Type__mdt|true|false
13:26:51.0 (7125360)|VARIABLE_ASSIGNMENT|[17]|dt|{"MasterLabel":"Partial Decline","Id":"m05N000000004BlIAI"}|0x6f65e4c1
13:26:51.0 (7130706)|STATEMENT_EXECUTE|[17]
13:26:51.0 (7132190)|STATEMENT_EXECUTE|[18]
13:26:51.0 (7138630)|HEAP_ALLOCATE|[EXTERNAL]|Bytes:4
13:26:51.0 (7148224)|HEAP_ALLOCATE|[17]|Bytes:5
13:26:51.0 (7155859)|HEAP_ALLOCATE|[17]|Bytes:12
13:26:51.0 (7160545)|VARIABLE_SCOPE_BEGIN|[17]|dt|Document_Type__mdt|true|false
13:26:51.0 (7171918)|VARIABLE_ASSIGNMENT|[17]|dt|{"MasterLabel":"Others","Id":"m05N000000004BkIAI"}|0x3f6fe2bb
13:26:51.0 (7177388)|STATEMENT_EXECUTE|[17]
13:26:51.0 (7178991)|STATEMENT_EXECUTE|[18]
13:26:51.0 (7185256)|HEAP_ALLOCATE|[EXTERNAL]|Bytes:4
13:26:51.0 (7199983)|HEAP_ALLOCATE|[17]|Bytes:5
13:26:51.0 (7207857)|HEAP_ALLOCATE|[17]|Bytes:12
13:26:51.0 (7212824)|VARIABLE_SCOPE_BEGIN|[17]|dt|Document_Type__mdt|true|false
13:26:51.0 (7226783)|VARIABLE_ASSIGNMENT|[17]|dt|{"MasterLabel":"Decline Report","Id":"m05N000000004BfIAI"}|0x6d607a97
13:26:51.0 (7232083)|STATEMENT_EXECUTE|[17]
13:26:51.0 (7233566)|STATEMENT_EXECUTE|[18]
13:26:51.0 (7240143)|HEAP_ALLOCATE|[EXTERNAL]|Bytes:4
13:26:51.0 (7249505)|HEAP_ALLOCATE|[17]|Bytes:5
13:26:51.0 (7259181)|VARIABLE_ASSIGNMENT|[17]|dt|null|
13:26:51.0 (7264530)|STATEMENT_EXECUTE|[20]
13:26:51.0 (7272657)|SYSTEM_MODE_EXIT|false
13:26:51.7 (7302689)|CUMULATIVE_LIMIT_USAGE
13:26:51.7 (7302689)|LIMIT_USAGE_FOR_NS|(default)|
  Number of SOQL queries: 0 out of 100
  Number of query rows: 6 out of 50000
  Number of SOSL queries: 0 out of 20
  Number of DML statements: 0 out of 150
  Number of DML rows: 0 out of 10000
  Maximum CPU time: 0 out of 10000
  Maximum heap size: 0 out of 6000000
  Number of callouts: 0 out of 100
  Number of Email Invocations: 0 out of 10
  Number of future calls: 0 out of 50
  Number of queueable jobs added to the queue: 0 out of 50
  Number of Mobile Apex push calls: 0 out of 10

13:26:51.7 (7302689)|CUMULATIVE_LIMIT_USAGE_END

13:26:51.0 (7337337)|CODE_UNIT_FINISHED|LightningFileUploadController.fetchCustomMetaDataValues(String)
13:26:51.0 (7401324)|CODE_UNIT_FINISHED|Aura
13:26:51.0 (8513066)|EXECUTION_FINISHED
