44.0 APEX_CODE,FINEST;APEX_PROFILING,INFO;CALLOUT,INFO;DB,INFO;NBA,INFO;SYSTEM,DEBUG;VALIDATION,INFO;VISUALFORCE,INFO;WAVE,INFO;WORKFLOW,INFO
13:26:59.0 (96982)|USER_INFO|[EXTERNAL]|005N0000005hvfr|nikhil.jaitly@homerepair.com.uat|Australian Eastern Standard Time|GMT+11:00
13:26:59.0 (139134)|EXECUTION_STARTED
13:26:59.0 (143282)|CODE_UNIT_STARTED|[EXTERNAL]|Aura
13:26:59.0 (768579)|HEAP_ALLOCATE|[72]|Bytes:3
13:26:59.0 (817564)|HEAP_ALLOCATE|[77]|Bytes:152
13:26:59.0 (833957)|HEAP_ALLOCATE|[342]|Bytes:408
13:26:59.0 (848079)|HEAP_ALLOCATE|[355]|Bytes:408
13:26:59.0 (861006)|HEAP_ALLOCATE|[467]|Bytes:48
13:26:59.0 (888541)|HEAP_ALLOCATE|[139]|Bytes:6
13:26:59.0 (912868)|HEAP_ALLOCATE|[EXTERNAL]|Bytes:15
13:26:59.0 (923941)|HEAP_ALLOCATE|[EXTERNAL]|Bytes:15
13:26:59.0 (1676557)|CODE_UNIT_STARTED|[EXTERNAL]|01pN0000000s8L1|NJ_ClaimPlannerController.initClaimPlanner(String)
13:26:59.0 (2017111)|VARIABLE_SCOPE_BEGIN|[12]|NJ_ClaimPlannerController.summaryLabelMap|Map<String,NJ_ClaimPlannerController.SummVal>|true|true
13:26:59.0 (2120536)|HEAP_ALLOCATE|[EXTERNAL]|Bytes:28
13:26:59.0 (2130212)|HEAP_ALLOCATE|[EXTERNAL]|Bytes:2
13:26:59.0 (2134791)|HEAP_ALLOCATE|[EXTERNAL]|Bytes:2
13:26:59.0 (2145912)|METHOD_ENTRY|[1]|01pN0000000s8L1|NJ_ClaimPlannerController.NJ_ClaimPlannerController()
13:26:59.0 (2152950)|STATEMENT_EXECUTE|[1]
13:26:59.0 (2157701)|STATEMENT_EXECUTE|[1]
13:26:59.0 (2190462)|HEAP_ALLOCATE|[50]|Bytes:5
13:26:59.0 (2213022)|HEAP_ALLOCATE|[56]|Bytes:5
13:26:59.0 (2221772)|HEAP_ALLOCATE|[64]|Bytes:7
13:26:59.0 (2241476)|SYSTEM_MODE_ENTER|false
13:26:59.0 (2253209)|HEAP_ALLOCATE|[12]|Bytes:5
13:26:59.0 (2258069)|STATEMENT_EXECUTE|[2]
13:26:59.0 (2259784)|STATEMENT_EXECUTE|[12]
13:26:59.0 (2269980)|HEAP_ALLOCATE|[12]|Bytes:4
13:26:59.0 (2298739)|HEAP_ALLOCATE|[12]|Bytes:3
13:26:59.0 (2320242)|HEAP_ALLOCATE|[12]|Bytes:1
13:26:59.0 (2333659)|HEAP_ALLOCATE|[12]|Bytes:16
13:26:59.0 (2338108)|HEAP_ALLOCATE|[12]|Bytes:7
13:26:59.0 (2342127)|HEAP_ALLOCATE|[12]|Bytes:18
13:26:59.0 (2366340)|CONSTRUCTOR_ENTRY|[12]|01pN0000000s8L1|<init>(String,String,String)|NJ_ClaimPlannerController.SummVal
13:26:59.0 (2394532)|VARIABLE_SCOPE_BEGIN|[6]|this|NJ_ClaimPlannerController.SummVal|true|false
13:26:59.0 (2442263)|VARIABLE_ASSIGNMENT|[6]|this|{}|0x6e815b5d
13:26:59.0 (2450272)|VARIABLE_SCOPE_BEGIN|[6]|lbl|String|false|false
13:26:59.0 (2464547)|VARIABLE_ASSIGNMENT|[6]|lbl|"New"
13:26:59.0 (2469868)|VARIABLE_SCOPE_BEGIN|[6]|code|String|false|false
13:26:59.0 (2477790)|VARIABLE_ASSIGNMENT|[6]|code|"#A2D9CE"
13:26:59.0 (2481886)|VARIABLE_SCOPE_BEGIN|[6]|iconName|String|false|false
13:26:59.0 (2489539)|VARIABLE_ASSIGNMENT|[6]|iconName|"action:description"
13:26:59.0 (2495154)|STATEMENT_EXECUTE|[2]
13:26:59.0 (2496888)|STATEMENT_EXECUTE|[3]
13:26:59.0 (2498717)|STATEMENT_EXECUTE|[4]
13:26:59.0 (2500097)|STATEMENT_EXECUTE|[5]
13:26:59.0 (2505983)|HEAP_ALLOCATE|[7]|Bytes:6
13:26:59.0 (2539559)|STATEMENT_EXECUTE|[6]
13:26:59.0 (2541615)|STATEMENT_EXECUTE|[7]
13:26:59.0 (2550918)|VARIABLE_ASSIGNMENT|[7]|this.label|"New"|0x6e815b5d
13:26:59.0 (2556671)|STATEMENT_EXECUTE|[8]
13:26:59.0 (2561799)|VARIABLE_ASSIGNMENT|[8]|this.colorCode|"#A2D9CE"|0x6e815b5d
13:26:59.0 (2567448)|STATEMENT_EXECUTE|[9]
13:26:59.0 (2574848)|VARIABLE_ASSIGNMENT|[9]|this.iconName|"action:description"|0x6e815b5d
13:26:59.0 (2587798)|CONSTRUCTOR_EXIT|[12]|01pN0000000s8L1|<init>(String,String,String)|NJ_ClaimPlannerController.SummVal
13:26:59.0 (2612612)|HEAP_ALLOCATE|[13]|Bytes:9
13:26:59.0 (2619366)|HEAP_ALLOCATE|[13]|Bytes:16
13:26:59.0 (2624328)|HEAP_ALLOCATE|[13]|Bytes:7
13:26:59.0 (2630079)|HEAP_ALLOCATE|[13]|Bytes:11
13:26:59.0 (2639659)|CONSTRUCTOR_ENTRY|[13]|01pN0000000s8L1|<init>(String,String,String)|NJ_ClaimPlannerController.SummVal
13:26:59.0 (2668773)|VARIABLE_SCOPE_BEGIN|[6]|this|NJ_ClaimPlannerController.SummVal|true|false
13:26:59.0 (2692347)|VARIABLE_ASSIGNMENT|[6]|this|{}|0x4ece0d0f
13:26:59.0 (2698274)|VARIABLE_SCOPE_BEGIN|[6]|lbl|String|false|false
13:26:59.0 (2706456)|VARIABLE_ASSIGNMENT|[6]|lbl|"Tentative"
13:26:59.0 (2711043)|VARIABLE_SCOPE_BEGIN|[6]|code|String|false|false
13:26:59.0 (2722296)|VARIABLE_ASSIGNMENT|[6]|code|"#F4D03F"
13:26:59.0 (2726065)|VARIABLE_SCOPE_BEGIN|[6]|iconName|String|false|false
13:26:59.0 (2733229)|VARIABLE_ASSIGNMENT|[6]|iconName|"action:info"
13:26:59.0 (2739935)|STATEMENT_EXECUTE|[2]
13:26:59.0 (2742262)|STATEMENT_EXECUTE|[3]
13:26:59.0 (2744321)|STATEMENT_EXECUTE|[4]
13:26:59.0 (2746257)|STATEMENT_EXECUTE|[5]
13:26:59.0 (2770706)|STATEMENT_EXECUTE|[6]
13:26:59.0 (2772475)|STATEMENT_EXECUTE|[7]
13:26:59.0 (2778883)|VARIABLE_ASSIGNMENT|[7]|this.label|"Tentative"|0x4ece0d0f
13:26:59.0 (2784858)|STATEMENT_EXECUTE|[8]
13:26:59.0 (2789497)|VARIABLE_ASSIGNMENT|[8]|this.colorCode|"#F4D03F"|0x4ece0d0f
13:26:59.0 (2797550)|STATEMENT_EXECUTE|[9]
13:26:59.0 (2803805)|VARIABLE_ASSIGNMENT|[9]|this.iconName|"action:info"|0x4ece0d0f
13:26:59.0 (2813990)|CONSTRUCTOR_EXIT|[13]|01pN0000000s8L1|<init>(String,String,String)|NJ_ClaimPlannerController.SummVal
13:26:59.0 (2831374)|HEAP_ALLOCATE|[15]|Bytes:21
13:26:59.0 (2837921)|HEAP_ALLOCATE|[15]|Bytes:16
13:26:59.0 (2841468)|HEAP_ALLOCATE|[15]|Bytes:9
13:26:59.0 (2845310)|HEAP_ALLOCATE|[15]|Bytes:7
13:26:59.0 (2850258)|HEAP_ALLOCATE|[15]|Bytes:26
13:26:59.0 (2860385)|CONSTRUCTOR_ENTRY|[15]|01pN0000000s8L1|<init>(String,String,String)|NJ_ClaimPlannerController.SummVal
13:26:59.0 (2873601)|VARIABLE_SCOPE_BEGIN|[6]|this|NJ_ClaimPlannerController.SummVal|true|false
13:26:59.0 (2888545)|VARIABLE_ASSIGNMENT|[6]|this|{}|0x3333af9
13:26:59.0 (2893855)|VARIABLE_SCOPE_BEGIN|[6]|lbl|String|false|false
13:26:59.0 (2907973)|VARIABLE_ASSIGNMENT|[6]|lbl|"AwaitConf"
13:26:59.0 (2914000)|VARIABLE_SCOPE_BEGIN|[6]|code|String|false|false
13:26:59.0 (2922334)|VARIABLE_ASSIGNMENT|[6]|code|"#1132D5"
13:26:59.0 (2925924)|VARIABLE_SCOPE_BEGIN|[6]|iconName|String|false|false
13:26:59.0 (2935159)|VARIABLE_ASSIGNMENT|[6]|iconName|"action:submit_for_ap (6 more) ..."
13:26:59.0 (2940007)|STATEMENT_EXECUTE|[2]
13:26:59.0 (2941531)|STATEMENT_EXECUTE|[3]
13:26:59.0 (2942959)|STATEMENT_EXECUTE|[4]
13:26:59.0 (2944342)|STATEMENT_EXECUTE|[5]
13:26:59.0 (2953426)|STATEMENT_EXECUTE|[6]
13:26:59.0 (2954839)|STATEMENT_EXECUTE|[7]
13:26:59.0 (2961016)|VARIABLE_ASSIGNMENT|[7]|this.label|"AwaitConf"|0x3333af9
13:26:59.0 (2968785)|STATEMENT_EXECUTE|[8]
13:26:59.0 (2974832)|VARIABLE_ASSIGNMENT|[8]|this.colorCode|"#1132D5"|0x3333af9
13:26:59.0 (2979515)|STATEMENT_EXECUTE|[9]
13:26:59.0 (2985204)|VARIABLE_ASSIGNMENT|[9]|this.iconName|"action:submit_for_ap (6 more) ..."|0x3333af9
13:26:59.0 (2994799)|CONSTRUCTOR_EXIT|[15]|01pN0000000s8L1|<init>(String,String,String)|NJ_ClaimPlannerController.SummVal
13:26:59.0 (3010331)|HEAP_ALLOCATE|[16]|Bytes:9
13:26:59.0 (3017846)|HEAP_ALLOCATE|[16]|Bytes:16
13:26:59.0 (3023634)|HEAP_ALLOCATE|[16]|Bytes:7
13:26:59.0 (3029281)|HEAP_ALLOCATE|[16]|Bytes:11
13:26:59.0 (3037779)|CONSTRUCTOR_ENTRY|[16]|01pN0000000s8L1|<init>(String,String,String)|NJ_ClaimPlannerController.SummVal
13:26:59.0 (3049260)|VARIABLE_SCOPE_BEGIN|[6]|this|NJ_ClaimPlannerController.SummVal|true|false
13:26:59.0 (3062243)|VARIABLE_ASSIGNMENT|[6]|this|{}|0x1b6c1e47
13:26:59.0 (3067708)|VARIABLE_SCOPE_BEGIN|[6]|lbl|String|false|false
13:26:59.0 (3077451)|VARIABLE_ASSIGNMENT|[6]|lbl|"Confirmed"
13:26:59.0 (3084082)|VARIABLE_SCOPE_BEGIN|[6]|code|String|false|false
13:26:59.0 (3091634)|VARIABLE_ASSIGNMENT|[6]|code|"#85C1E9"
13:26:59.0 (3095090)|VARIABLE_SCOPE_BEGIN|[6]|iconName|String|false|false
13:26:59.0 (3102175)|VARIABLE_ASSIGNMENT|[6]|iconName|"action:user"
13:26:59.0 (3106744)|STATEMENT_EXECUTE|[2]
13:26:59.0 (3108655)|STATEMENT_EXECUTE|[3]
13:26:59.0 (3110270)|STATEMENT_EXECUTE|[4]
13:26:59.0 (3111678)|STATEMENT_EXECUTE|[5]
13:26:59.0 (3120103)|STATEMENT_EXECUTE|[6]
13:26:59.0 (3121572)|STATEMENT_EXECUTE|[7]
13:26:59.0 (3126653)|VARIABLE_ASSIGNMENT|[7]|this.label|"Confirmed"|0x1b6c1e47
13:26:59.0 (3133681)|STATEMENT_EXECUTE|[8]
13:26:59.0 (3140090)|VARIABLE_ASSIGNMENT|[8]|this.colorCode|"#85C1E9"|0x1b6c1e47
13:26:59.0 (3145585)|STATEMENT_EXECUTE|[9]
13:26:59.0 (3149871)|VARIABLE_ASSIGNMENT|[9]|this.iconName|"action:user"|0x1b6c1e47
13:26:59.0 (3159327)|CONSTRUCTOR_EXIT|[16]|01pN0000000s8L1|<init>(String,String,String)|NJ_ClaimPlannerController.SummVal
13:26:59.0 (3173318)|HEAP_ALLOCATE|[17]|Bytes:15
13:26:59.0 (3178917)|HEAP_ALLOCATE|[17]|Bytes:16
13:26:59.0 (3182942)|HEAP_ALLOCATE|[17]|Bytes:9
13:26:59.0 (3187882)|HEAP_ALLOCATE|[17]|Bytes:7
13:26:59.0 (3193091)|HEAP_ALLOCATE|[17]|Bytes:13
13:26:59.0 (3201975)|CONSTRUCTOR_ENTRY|[17]|01pN0000000s8L1|<init>(String,String,String)|NJ_ClaimPlannerController.SummVal
13:26:59.0 (3213011)|VARIABLE_SCOPE_BEGIN|[6]|this|NJ_ClaimPlannerController.SummVal|true|false
13:26:59.0 (3225686)|VARIABLE_ASSIGNMENT|[6]|this|{}|0x403a22bf
13:26:59.0 (3230882)|VARIABLE_SCOPE_BEGIN|[6]|lbl|String|false|false
13:26:59.0 (3238746)|VARIABLE_ASSIGNMENT|[6]|lbl|"CantCompl"
13:26:59.0 (3245020)|VARIABLE_SCOPE_BEGIN|[6]|code|String|false|false
13:26:59.0 (3255402)|VARIABLE_ASSIGNMENT|[6]|code|"#EC7063"
13:26:59.0 (3259586)|VARIABLE_SCOPE_BEGIN|[6]|iconName|String|false|false
13:26:59.0 (3266985)|VARIABLE_ASSIGNMENT|[6]|iconName|"action:reject"
13:26:59.0 (3271554)|STATEMENT_EXECUTE|[2]
13:26:59.0 (3273143)|STATEMENT_EXECUTE|[3]
13:26:59.0 (3274618)|STATEMENT_EXECUTE|[4]
13:26:59.0 (3275984)|STATEMENT_EXECUTE|[5]
13:26:59.0 (3283985)|STATEMENT_EXECUTE|[6]
13:26:59.0 (3285394)|STATEMENT_EXECUTE|[7]
13:26:59.0 (3290358)|VARIABLE_ASSIGNMENT|[7]|this.label|"CantCompl"|0x403a22bf
13:26:59.0 (3295329)|STATEMENT_EXECUTE|[8]
13:26:59.0 (3301233)|VARIABLE_ASSIGNMENT|[8]|this.colorCode|"#EC7063"|0x403a22bf
13:26:59.0 (3308977)|STATEMENT_EXECUTE|[9]
13:26:59.0 (3313580)|VARIABLE_ASSIGNMENT|[9]|this.iconName|"action:reject"|0x403a22bf
13:26:59.0 (3322844)|CONSTRUCTOR_EXIT|[17]|01pN0000000s8L1|<init>(String,String,String)|NJ_ClaimPlannerController.SummVal
13:26:59.0 (3335914)|HEAP_ALLOCATE|[18]|Bytes:9
13:26:59.0 (3341441)|HEAP_ALLOCATE|[18]|Bytes:16
13:26:59.0 (3345763)|HEAP_ALLOCATE|[18]|Bytes:7
13:26:59.0 (3348891)|HEAP_ALLOCATE|[18]|Bytes:12
13:26:59.0 (3356686)|CONSTRUCTOR_ENTRY|[18]|01pN0000000s8L1|<init>(String,String,String)|NJ_ClaimPlannerController.SummVal
13:26:59.0 (3370436)|VARIABLE_SCOPE_BEGIN|[6]|this|NJ_ClaimPlannerController.SummVal|true|false
13:26:59.0 (3383151)|VARIABLE_ASSIGNMENT|[6]|this|{}|0x22660d41
13:26:59.0 (3388080)|VARIABLE_SCOPE_BEGIN|[6]|lbl|String|false|false
13:26:59.0 (3395939)|VARIABLE_ASSIGNMENT|[6]|lbl|"Cancelled"
13:26:59.0 (3399574)|VARIABLE_SCOPE_BEGIN|[6]|code|String|false|false
13:26:59.0 (3406408)|VARIABLE_ASSIGNMENT|[6]|code|"#18090E"
13:26:59.0 (3411109)|VARIABLE_SCOPE_BEGIN|[6]|iconName|String|false|false
13:26:59.0 (3421690)|VARIABLE_ASSIGNMENT|[6]|iconName|"action:close"
13:26:59.0 (3426729)|STATEMENT_EXECUTE|[2]
13:26:59.0 (3428245)|STATEMENT_EXECUTE|[3]
13:26:59.0 (3429646)|STATEMENT_EXECUTE|[4]
13:26:59.0 (3431045)|STATEMENT_EXECUTE|[5]
13:26:59.0 (3439391)|STATEMENT_EXECUTE|[6]
13:26:59.0 (3440848)|STATEMENT_EXECUTE|[7]
13:26:59.0 (3445630)|VARIABLE_ASSIGNMENT|[7]|this.label|"Cancelled"|0x22660d41
13:26:59.0 (3450958)|STATEMENT_EXECUTE|[8]
13:26:59.0 (3455168)|VARIABLE_ASSIGNMENT|[8]|this.colorCode|"#18090E"|0x22660d41
13:26:59.0 (3459416)|STATEMENT_EXECUTE|[9]
13:26:59.0 (3463953)|VARIABLE_ASSIGNMENT|[9]|this.iconName|"action:close"|0x22660d41
13:26:59.0 (3476887)|CONSTRUCTOR_EXIT|[18]|01pN0000000s8L1|<init>(String,String,String)|NJ_ClaimPlannerController.SummVal
13:26:59.0 (3490807)|HEAP_ALLOCATE|[19]|Bytes:9
13:26:59.0 (3495879)|HEAP_ALLOCATE|[19]|Bytes:16
13:26:59.0 (3499267)|HEAP_ALLOCATE|[19]|Bytes:7
13:26:59.0 (3502878)|HEAP_ALLOCATE|[19]|Bytes:15
13:26:59.0 (3509432)|CONSTRUCTOR_ENTRY|[19]|01pN0000000s8L1|<init>(String,String,String)|NJ_ClaimPlannerController.SummVal
13:26:59.0 (3520778)|VARIABLE_SCOPE_BEGIN|[6]|this|NJ_ClaimPlannerController.SummVal|true|false
13:26:59.0 (3537378)|VARIABLE_ASSIGNMENT|[6]|this|{}|0x1c238e79
13:26:59.0 (3542772)|VARIABLE_SCOPE_BEGIN|[6]|lbl|String|false|false
13:26:59.0 (3550184)|VARIABLE_ASSIGNMENT|[6]|lbl|"Completed"
13:26:59.0 (3554201)|VARIABLE_SCOPE_BEGIN|[6]|code|String|false|false
13:26:59.0 (3561425)|VARIABLE_ASSIGNMENT|[6]|code|"#58D68D"
13:26:59.0 (3565000)|VARIABLE_SCOPE_BEGIN|[6]|iconName|String|false|false
13:26:59.0 (3572241)|VARIABLE_ASSIGNMENT|[6]|iconName|"action:approval"
13:26:59.0 (3576956)|STATEMENT_EXECUTE|[2]
13:26:59.0 (3579400)|STATEMENT_EXECUTE|[3]
13:26:59.0 (3581690)|STATEMENT_EXECUTE|[4]
13:26:59.0 (3583812)|STATEMENT_EXECUTE|[5]
13:26:59.0 (3593531)|STATEMENT_EXECUTE|[6]
13:26:59.0 (3595325)|STATEMENT_EXECUTE|[7]
13:26:59.0 (3600740)|VARIABLE_ASSIGNMENT|[7]|this.label|"Completed"|0x1c238e79
13:26:59.0 (3606247)|STATEMENT_EXECUTE|[8]
13:26:59.0 (3610714)|VARIABLE_ASSIGNMENT|[8]|this.colorCode|"#58D68D"|0x1c238e79
13:26:59.0 (3615257)|STATEMENT_EXECUTE|[9]
13:26:59.0 (3619628)|VARIABLE_ASSIGNMENT|[9]|this.iconName|"action:approval"|0x1c238e79
13:26:59.0 (3628243)|CONSTRUCTOR_EXIT|[19]|01pN0000000s8L1|<init>(String,String,String)|NJ_ClaimPlannerController.SummVal
13:26:59.0 (3664214)|VARIABLE_ASSIGNMENT|[12]|NJ_ClaimPlannerController.summaryLabelMap|"Map of size 7 too large to display"|0xebd84b9
13:26:59.0 (3671110)|STATEMENT_EXECUTE|[31]
13:26:59.0 (3677209)|SYSTEM_MODE_EXIT|false
13:26:59.0 (3685794)|METHOD_EXIT|[1]|NJ_ClaimPlannerController
13:26:59.0 (3693405)|HEAP_ALLOCATE|[EXTERNAL]|Bytes:15
13:26:59.0 (3703622)|SYSTEM_MODE_ENTER|false
13:26:59.0 (3709500)|VARIABLE_SCOPE_BEGIN|[42]|claimId|String|false|false
13:26:59.0 (3719102)|VARIABLE_ASSIGNMENT|[42]|claimId|"500N000000CB1ZD"
13:26:59.0 (3730974)|HEAP_ALLOCATE|[43]|Bytes:5
13:26:59.0 (3735483)|STATEMENT_EXECUTE|[42]
13:26:59.0 (3737114)|STATEMENT_EXECUTE|[43]
13:26:59.0 (3771515)|USER_DEBUG|[43]|DEBUG|500N000000CB1ZD
13:26:59.0 (3781568)|STATEMENT_EXECUTE|[44]
13:26:59.0 (3785768)|HEAP_ALLOCATE|[44]|Bytes:2
13:26:59.0 (3907729)|HEAP_ALLOCATE|[44]|Bytes:12
13:26:59.0 (3925450)|CONSTRUCTOR_ENTRY|[44]|01pN0000000s8L1|<init>()|NJ_ClaimPlannerController.ClaimPlannerInitInfo
13:26:59.0 (3944660)|VARIABLE_SCOPE_BEGIN|[36]|this|NJ_ClaimPlannerController.ClaimPlannerInitInfo|true|false
13:26:59.0 (3966740)|VARIABLE_ASSIGNMENT|[36]|this|{}|0x6aa9f9cb
13:26:59.0 (3974957)|STATEMENT_EXECUTE|[31]
13:26:59.0 (3977087)|STATEMENT_EXECUTE|[33]
13:26:59.0 (3979186)|STATEMENT_EXECUTE|[35]
13:26:59.0 (3992530)|STATEMENT_EXECUTE|[36]
13:26:59.0 (3994249)|STATEMENT_EXECUTE|[37]
13:26:59.0 (4002963)|HEAP_ALLOCATE|[37]|Bytes:4
13:26:59.0 (4065499)|HEAP_ALLOCATE|[EXTERNAL]|Bytes:4
13:26:59.0 (4079071)|VARIABLE_ASSIGNMENT|[37]|this.summaries|[]|0x6aa9f9cb
13:26:59.0 (4085194)|STATEMENT_EXECUTE|[38]
13:26:59.0 (4093240)|HEAP_ALLOCATE|[38]|Bytes:5
13:26:59.0 (4103963)|VARIABLE_ASSIGNMENT|[38]|this.hasWorkOrder|false|0x6aa9f9cb
13:26:59.0 (4111890)|CONSTRUCTOR_EXIT|[44]|01pN0000000s8L1|<init>()|NJ_ClaimPlannerController.ClaimPlannerInitInfo
13:26:59.0 (4118078)|VARIABLE_SCOPE_BEGIN|[44]|cpii|NJ_ClaimPlannerController.ClaimPlannerInitInfo|true|false
13:26:59.0 (4138961)|VARIABLE_ASSIGNMENT|[44]|cpii|{"hasWorkOrder":false,"summaries":"0x853306b"}|0x6aa9f9cb
13:26:59.0 (4156279)|HEAP_ALLOCATE|[45]|Bytes:4
13:26:59.0 (4198151)|HEAP_ALLOCATE|[45]|Bytes:107
13:26:59.0 (4220374)|HEAP_ALLOCATE|[45]|Bytes:28
13:26:59.0 (4267582)|HEAP_ALLOCATE|[45]|Bytes:5
13:26:59.0 (4283336)|VARIABLE_SCOPE_BEGIN|[45]|summLabel|String|false|false
13:26:59.0 (4294154)|VARIABLE_ASSIGNMENT|[45]|summLabel|"New"
13:26:59.0 (4298849)|STATEMENT_EXECUTE|[45]
13:26:59.0 (4300460)|STATEMENT_EXECUTE|[46]
13:26:59.0 (4336919)|HEAP_ALLOCATE|[46]|Bytes:244
13:26:59.0 (4343025)|HEAP_ALLOCATE|[46]|Bytes:40
13:26:59.0 (4355637)|METHOD_ENTRY|[6]|01pN0000000s8L4|NJ_SelectOptionLightning.NJ_SelectOptionLightning()
13:26:59.0 (4361016)|STATEMENT_EXECUTE|[6]
13:26:59.0 (4363576)|STATEMENT_EXECUTE|[6]
13:26:59.0 (4367067)|METHOD_EXIT|[6]|NJ_SelectOptionLightning
13:26:59.0 (4381739)|HEAP_ALLOCATE|[46]|Bytes:36
13:26:59.0 (4440017)|CONSTRUCTOR_ENTRY|[46]|01pN0000000s8L4|<init>(String,String,String,String)|NJ_SelectOptionLightning
13:26:59.0 (4451933)|VARIABLE_SCOPE_BEGIN|[24]|this|NJ_SelectOptionLightning|true|false
13:26:59.0 (4503528)|VARIABLE_ASSIGNMENT|[24]|this|{}|0x66d110db
13:26:59.0 (4511001)|VARIABLE_SCOPE_BEGIN|[24]|value|String|false|false
13:26:59.0 (4519101)|VARIABLE_ASSIGNMENT|[24]|value|"New"
13:26:59.0 (4523433)|VARIABLE_SCOPE_BEGIN|[24]|label|String|false|false
13:26:59.0 (4530436)|VARIABLE_ASSIGNMENT|[24]|label|"New"
13:26:59.0 (4533963)|VARIABLE_SCOPE_BEGIN|[24]|color|String|false|false
13:26:59.0 (4543854)|VARIABLE_ASSIGNMENT|[24]|color|"#A2D9CE"
13:26:59.0 (4550053)|VARIABLE_SCOPE_BEGIN|[24]|iconName|String|false|false
13:26:59.0 (4558261)|VARIABLE_ASSIGNMENT|[24]|iconName|"action:description"
13:26:59.0 (4563084)|STATEMENT_EXECUTE|[6]
13:26:59.0 (4564682)|STATEMENT_EXECUTE|[47]
13:26:59.0 (4566321)|STATEMENT_EXECUTE|[49]
13:26:59.0 (4567813)|STATEMENT_EXECUTE|[51]
13:26:59.0 (4569147)|STATEMENT_EXECUTE|[53]
13:26:59.0 (4570564)|STATEMENT_EXECUTE|[55]
13:26:59.0 (4572083)|STATEMENT_EXECUTE|[58]
13:26:59.0 (4573407)|STATEMENT_EXECUTE|[60]
13:26:59.0 (4574741)|STATEMENT_EXECUTE|[62]
13:26:59.0 (4587732)|STATEMENT_EXECUTE|[24]
13:26:59.0 (4589460)|STATEMENT_EXECUTE|[25]
13:26:59.0 (4637515)|VARIABLE_ASSIGNMENT|[EXTERNAL]|this|{}|0x66d110db
13:26:59.0 (4648451)|VARIABLE_ASSIGNMENT|[EXTERNAL]|value|"New"
13:26:59.0 (4661760)|VARIABLE_ASSIGNMENT|[49]|this.value|"New"|0x66d110db
13:26:59.0 (4671910)|STATEMENT_EXECUTE|[26]
13:26:59.0 (4708323)|VARIABLE_ASSIGNMENT|[EXTERNAL]|this|{"value":"New"}|0x66d110db
13:26:59.0 (4721128)|VARIABLE_ASSIGNMENT|[EXTERNAL]|value|"New"
13:26:59.0 (4730192)|VARIABLE_ASSIGNMENT|[47]|this.label|"New"|0x66d110db
13:26:59.0 (4738707)|STATEMENT_EXECUTE|[27]
13:26:59.0 (4777113)|VARIABLE_ASSIGNMENT|[EXTERNAL]|this|{"label":"New","value":"New"}|0x66d110db
13:26:59.0 (4788366)|VARIABLE_ASSIGNMENT|[EXTERNAL]|value|false
13:26:59.0 (4794899)|HEAP_ALLOCATE|[51]|Bytes:5
13:26:59.0 (4802357)|VARIABLE_ASSIGNMENT|[51]|this.disabled|false|0x66d110db
13:26:59.0 (4810893)|STATEMENT_EXECUTE|[28]
13:26:59.0 (4849400)|VARIABLE_ASSIGNMENT|[EXTERNAL]|this|{"disabled":false,"label":"New","value":"New"}|0x66d110db
13:26:59.0 (4859713)|VARIABLE_ASSIGNMENT|[EXTERNAL]|value|false
13:26:59.0 (4865294)|HEAP_ALLOCATE|[53]|Bytes:5
13:26:59.0 (4871757)|VARIABLE_ASSIGNMENT|[53]|this.escapeItem|false|0x66d110db
13:26:59.0 (4882577)|STATEMENT_EXECUTE|[29]
13:26:59.0 (4923414)|VARIABLE_ASSIGNMENT|[EXTERNAL]|this|{"disabled":false,"escapeItem":false,"label":"New","value":"New"}|0x66d110db
13:26:59.0 (4933488)|VARIABLE_ASSIGNMENT|[EXTERNAL]|value|"#A2D9CE"
13:26:59.0 (4946226)|VARIABLE_ASSIGNMENT|[60]|this.colorCode|"#A2D9CE"|0x66d110db
13:26:59.0 (4954719)|STATEMENT_EXECUTE|[30]
13:26:59.0 (4989551)|VARIABLE_ASSIGNMENT|[EXTERNAL]|this|{"colorCode":"#A2D9CE","disabled":false,"escapeItem":false,"label":"New","value":"New"}|0x66d110db
13:26:59.0 (5004061)|VARIABLE_ASSIGNMENT|[EXTERNAL]|value|"action:description"
13:26:59.0 (5013834)|VARIABLE_ASSIGNMENT|[62]|this.iconName|"action:description"|0x66d110db
13:26:59.0 (5022125)|STATEMENT_EXECUTE|[31]
13:26:59.0 (5063131)|VARIABLE_ASSIGNMENT|[EXTERNAL]|this|{"colorCode":"#A2D9CE","disabled":false,"escapeItem":false,"iconName":"action:description","label":"New","value":"New"}|0x66d110db
13:26:59.0 (5075631)|VARIABLE_ASSIGNMENT|[EXTERNAL]|value|0
13:26:59.0 (5080910)|HEAP_ALLOCATE|[55]|Bytes:4
13:26:59.0 (5088027)|VARIABLE_ASSIGNMENT|[55]|this.total|0|0x66d110db
13:26:59.0 (5102156)|CONSTRUCTOR_EXIT|[46]|01pN0000000s8L4|<init>(String,String,String,String)|NJ_SelectOptionLightning
13:26:59.0 (5121805)|HEAP_ALLOCATE|[EXTERNAL]|Bytes:4
13:26:59.0 (5135712)|HEAP_ALLOCATE|[45]|Bytes:5
13:26:59.0 (5147705)|VARIABLE_SCOPE_BEGIN|[45]|summLabel|String|false|false
13:26:59.0 (5158051)|VARIABLE_ASSIGNMENT|[45]|summLabel|"Tentative"
13:26:59.0 (5164816)|STATEMENT_EXECUTE|[45]
13:26:59.0 (5166887)|STATEMENT_EXECUTE|[46]
13:26:59.0 (5172328)|HEAP_ALLOCATE|[46]|Bytes:36
13:26:59.0 (5199333)|CONSTRUCTOR_ENTRY|[46]|01pN0000000s8L4|<init>(String,String,String,String)|NJ_SelectOptionLightning
13:26:59.0 (5206465)|VARIABLE_SCOPE_BEGIN|[24]|this|NJ_SelectOptionLightning|true|false
13:26:59.0 (5229260)|VARIABLE_ASSIGNMENT|[24]|this|{}|0x664dd41a
13:26:59.0 (5235096)|VARIABLE_SCOPE_BEGIN|[24]|value|String|false|false
13:26:59.0 (5243047)|VARIABLE_ASSIGNMENT|[24]|value|"Tentative"
13:26:59.0 (5246951)|VARIABLE_SCOPE_BEGIN|[24]|label|String|false|false
13:26:59.0 (5254488)|VARIABLE_ASSIGNMENT|[24]|label|"Tentative"
13:26:59.0 (5257908)|VARIABLE_SCOPE_BEGIN|[24]|color|String|false|false
13:26:59.0 (5264478)|VARIABLE_ASSIGNMENT|[24]|color|"#F4D03F"
13:26:59.0 (5267787)|VARIABLE_SCOPE_BEGIN|[24]|iconName|String|false|false
13:26:59.0 (5277232)|VARIABLE_ASSIGNMENT|[24]|iconName|"action:info"
13:26:59.0 (5283675)|STATEMENT_EXECUTE|[6]
13:26:59.0 (5285314)|STATEMENT_EXECUTE|[47]
13:26:59.0 (5286764)|STATEMENT_EXECUTE|[49]
13:26:59.0 (5288216)|STATEMENT_EXECUTE|[51]
13:26:59.0 (5289591)|STATEMENT_EXECUTE|[53]
13:26:59.0 (5291075)|STATEMENT_EXECUTE|[55]
13:26:59.0 (5292414)|STATEMENT_EXECUTE|[58]
13:26:59.0 (5293767)|STATEMENT_EXECUTE|[60]
13:26:59.0 (5295094)|STATEMENT_EXECUTE|[62]
13:26:59.0 (5305342)|STATEMENT_EXECUTE|[24]
13:26:59.0 (5306818)|STATEMENT_EXECUTE|[25]
13:26:59.0 (5323519)|VARIABLE_ASSIGNMENT|[EXTERNAL]|this|{}|0x664dd41a
13:26:59.0 (5335403)|VARIABLE_ASSIGNMENT|[EXTERNAL]|value|"Tentative"
13:26:59.0 (5344663)|VARIABLE_ASSIGNMENT|[49]|this.value|"Tentative"|0x664dd41a
13:26:59.0 (5353032)|STATEMENT_EXECUTE|[26]
13:26:59.0 (5369777)|VARIABLE_ASSIGNMENT|[EXTERNAL]|this|{"value":"Tentative"}|0x664dd41a
13:26:59.0 (5378206)|VARIABLE_ASSIGNMENT|[EXTERNAL]|value|"Tentative"
13:26:59.0 (5386709)|VARIABLE_ASSIGNMENT|[47]|this.label|"Tentative"|0x664dd41a
13:26:59.0 (5396405)|STATEMENT_EXECUTE|[27]
13:26:59.0 (5414449)|VARIABLE_ASSIGNMENT|[EXTERNAL]|this|{"label":"Tentative","value":"Tentative"}|0x664dd41a
13:26:59.0 (5423552)|VARIABLE_ASSIGNMENT|[EXTERNAL]|value|false
13:26:59.0 (5428471)|HEAP_ALLOCATE|[51]|Bytes:5
13:26:59.0 (5434444)|VARIABLE_ASSIGNMENT|[51]|this.disabled|false|0x664dd41a
13:26:59.0 (5443717)|STATEMENT_EXECUTE|[28]
13:26:59.0 (5464998)|VARIABLE_ASSIGNMENT|[EXTERNAL]|this|{"disabled":false,"label":"Tentative","value":"Tentative"}|0x664dd41a
13:26:59.0 (5473933)|VARIABLE_ASSIGNMENT|[EXTERNAL]|value|false
13:26:59.0 (5478998)|HEAP_ALLOCATE|[53]|Bytes:5
13:26:59.0 (5484682)|VARIABLE_ASSIGNMENT|[53]|this.escapeItem|false|0x664dd41a
13:26:59.0 (5492184)|STATEMENT_EXECUTE|[29]
13:26:59.0 (5515603)|VARIABLE_ASSIGNMENT|[EXTERNAL]|this|{"disabled":false,"escapeItem":false,"label":"Tentative","value":"Tentative"}|0x664dd41a
13:26:59.0 (5524492)|VARIABLE_ASSIGNMENT|[EXTERNAL]|value|"#F4D03F"
13:26:59.0 (5531540)|VARIABLE_ASSIGNMENT|[60]|this.colorCode|"#F4D03F"|0x664dd41a
13:26:59.0 (5539291)|STATEMENT_EXECUTE|[30]
13:26:59.0 (5562631)|VARIABLE_ASSIGNMENT|[EXTERNAL]|this|{"colorCode":"#F4D03F","disabled":false,"escapeItem":false,"label":"Tentative","value":"Tentative"}|0x664dd41a
13:26:59.0 (5571816)|VARIABLE_ASSIGNMENT|[EXTERNAL]|value|"action:info"
13:26:59.0 (5579706)|VARIABLE_ASSIGNMENT|[62]|this.iconName|"action:info"|0x664dd41a
13:26:59.0 (5587577)|STATEMENT_EXECUTE|[31]
13:26:59.0 (5610367)|VARIABLE_ASSIGNMENT|[EXTERNAL]|this|{"colorCode":"#F4D03F","disabled":false,"escapeItem":false,"iconName":"action:info","label":"Tentative","value":"Tentative"}|0x664dd41a
13:26:59.0 (5622950)|VARIABLE_ASSIGNMENT|[EXTERNAL]|value|0
13:26:59.0 (5627633)|HEAP_ALLOCATE|[55]|Bytes:4
13:26:59.0 (5634300)|VARIABLE_ASSIGNMENT|[55]|this.total|0|0x664dd41a
13:26:59.0 (5646095)|CONSTRUCTOR_EXIT|[46]|01pN0000000s8L4|<init>(String,String,String,String)|NJ_SelectOptionLightning
13:26:59.0 (5656747)|HEAP_ALLOCATE|[EXTERNAL]|Bytes:4
13:26:59.0 (5670800)|HEAP_ALLOCATE|[45]|Bytes:5
13:26:59.0 (5682603)|VARIABLE_SCOPE_BEGIN|[45]|summLabel|String|false|false
13:26:59.0 (5693694)|VARIABLE_ASSIGNMENT|[45]|summLabel|"Awaiting Confirmatio (1 more) ..."
13:26:59.0 (5698137)|STATEMENT_EXECUTE|[45]
13:26:59.0 (5699655)|STATEMENT_EXECUTE|[46]
13:26:59.0 (5703585)|HEAP_ALLOCATE|[46]|Bytes:36
13:26:59.0 (5732414)|CONSTRUCTOR_ENTRY|[46]|01pN0000000s8L4|<init>(String,String,String,String)|NJ_SelectOptionLightning
13:26:59.0 (5739400)|VARIABLE_SCOPE_BEGIN|[24]|this|NJ_SelectOptionLightning|true|false
13:26:59.0 (5757691)|VARIABLE_ASSIGNMENT|[24]|this|{}|0x6a7e041f
13:26:59.0 (5763555)|VARIABLE_SCOPE_BEGIN|[24]|value|String|false|false
13:26:59.0 (5772683)|VARIABLE_ASSIGNMENT|[24]|value|"Awaiting Confirmatio (1 more) ..."
13:26:59.0 (5778686)|VARIABLE_SCOPE_BEGIN|[24]|label|String|false|false
13:26:59.0 (5788674)|VARIABLE_ASSIGNMENT|[24]|label|"AwaitConf"
13:26:59.0 (5792612)|VARIABLE_SCOPE_BEGIN|[24]|color|String|false|false
13:26:59.0 (5799972)|VARIABLE_ASSIGNMENT|[24]|color|"#1132D5"
13:26:59.0 (5803706)|VARIABLE_SCOPE_BEGIN|[24]|iconName|String|false|false
13:26:59.0 (5812483)|VARIABLE_ASSIGNMENT|[24]|iconName|"action:submit_for_ap (6 more) ..."
13:26:59.0 (5817080)|STATEMENT_EXECUTE|[6]
13:26:59.0 (5818688)|STATEMENT_EXECUTE|[47]
13:26:59.0 (5820166)|STATEMENT_EXECUTE|[49]
13:26:59.0 (5821552)|STATEMENT_EXECUTE|[51]
13:26:59.0 (5822892)|STATEMENT_EXECUTE|[53]
13:26:59.0 (5824247)|STATEMENT_EXECUTE|[55]
13:26:59.0 (5825650)|STATEMENT_EXECUTE|[58]
13:26:59.0 (5826997)|STATEMENT_EXECUTE|[60]
13:26:59.0 (5828340)|STATEMENT_EXECUTE|[62]
13:26:59.0 (5840963)|STATEMENT_EXECUTE|[24]
13:26:59.0 (5842636)|STATEMENT_EXECUTE|[25]
13:26:59.0 (5859221)|VARIABLE_ASSIGNMENT|[EXTERNAL]|this|{}|0x6a7e041f
13:26:59.0 (5872696)|VARIABLE_ASSIGNMENT|[EXTERNAL]|value|"Awaiting Confirmatio (1 more) ..."
13:26:59.0 (5881627)|VARIABLE_ASSIGNMENT|[49]|this.value|"Awaiting Confirmatio (1 more) ..."|0x6a7e041f
13:26:59.0 (5890695)|STATEMENT_EXECUTE|[26]
13:26:59.0 (5915680)|VARIABLE_ASSIGNMENT|[EXTERNAL]|this|{"value":"Awaiting Confirmatio (1 more) ..."}|0x6a7e041f
13:26:59.0 (5923961)|VARIABLE_ASSIGNMENT|[EXTERNAL]|value|"AwaitConf"
13:26:59.0 (5931468)|VARIABLE_ASSIGNMENT|[47]|this.label|"AwaitConf"|0x6a7e041f
13:26:59.0 (5938605)|STATEMENT_EXECUTE|[27]
13:26:59.0 (5962164)|VARIABLE_ASSIGNMENT|[EXTERNAL]|this|{"label":"AwaitConf","value":"Awaiting Confirmatio (1 more) ..."}|0x6a7e041f
13:26:59.0 (5971984)|VARIABLE_ASSIGNMENT|[EXTERNAL]|value|false
13:26:59.0 (5977355)|HEAP_ALLOCATE|[51]|Bytes:5
13:26:59.0 (5983635)|VARIABLE_ASSIGNMENT|[51]|this.disabled|false|0x6a7e041f
13:26:59.0 (5991575)|STATEMENT_EXECUTE|[28]
13:26:59.0 (6015864)|VARIABLE_ASSIGNMENT|[EXTERNAL]|this|{"disabled":false,"label":"AwaitConf","value":"Awaiting Confirmatio (1 more) ..."}|0x6a7e041f
13:26:59.0 (6025574)|VARIABLE_ASSIGNMENT|[EXTERNAL]|value|false
13:26:59.0 (6030359)|HEAP_ALLOCATE|[53]|Bytes:5
13:26:59.0 (6036501)|VARIABLE_ASSIGNMENT|[53]|this.escapeItem|false|0x6a7e041f
13:26:59.0 (6044152)|STATEMENT_EXECUTE|[29]
13:26:59.0 (6069141)|VARIABLE_ASSIGNMENT|[EXTERNAL]|this|{"disabled":false,"escapeItem":false,"label":"AwaitConf","value":"Awaiting Confirmatio (1 more) ..."}|0x6a7e041f
13:26:59.0 (6078188)|VARIABLE_ASSIGNMENT|[EXTERNAL]|value|"#1132D5"
13:26:59.0 (6085381)|VARIABLE_ASSIGNMENT|[60]|this.colorCode|"#1132D5"|0x6a7e041f
13:26:59.0 (6093384)|STATEMENT_EXECUTE|[30]
13:26:59.0 (6116349)|VARIABLE_ASSIGNMENT|[EXTERNAL]|this|{"colorCode":"#1132D5","disabled":false,"escapeItem":false,"label":"AwaitConf","value":"Awaiting Confirmatio (1 more) ..."}|0x6a7e041f
13:26:59.0 (6128775)|VARIABLE_ASSIGNMENT|[EXTERNAL]|value|"action:submit_for_ap (6 more) ..."
13:26:59.0 (6137039)|VARIABLE_ASSIGNMENT|[62]|this.iconName|"action:submit_for_ap (6 more) ..."|0x6a7e041f
13:26:59.0 (6144684)|STATEMENT_EXECUTE|[31]
13:26:59.0 (6168051)|VARIABLE_ASSIGNMENT|[EXTERNAL]|this|{"colorCode":"#1132D5","disabled":false,"escapeItem":false,"iconName":"action:submit_for_ap (6 more) ...","label":"AwaitConf","value":"Awaiting Confirmatio (1 more) ..."}|0x6a7e041f
13:26:59.0 (6181369)|VARIABLE_ASSIGNMENT|[EXTERNAL]|value|0
13:26:59.0 (6186353)|HEAP_ALLOCATE|[55]|Bytes:4
13:26:59.0 (6192260)|VARIABLE_ASSIGNMENT|[55]|this.total|0|0x6a7e041f
13:26:59.0 (6204999)|CONSTRUCTOR_EXIT|[46]|01pN0000000s8L4|<init>(String,String,String,String)|NJ_SelectOptionLightning
13:26:59.0 (6215493)|HEAP_ALLOCATE|[EXTERNAL]|Bytes:4
13:26:59.0 (6228844)|HEAP_ALLOCATE|[45]|Bytes:5
13:26:59.0 (6241093)|VARIABLE_SCOPE_BEGIN|[45]|summLabel|String|false|false
13:26:59.0 (6251069)|VARIABLE_ASSIGNMENT|[45]|summLabel|"Confirmed"
13:26:59.0 (6255812)|STATEMENT_EXECUTE|[45]
13:26:59.0 (6257390)|STATEMENT_EXECUTE|[46]
13:26:59.0 (6261571)|HEAP_ALLOCATE|[46]|Bytes:36
13:26:59.0 (6288960)|CONSTRUCTOR_ENTRY|[46]|01pN0000000s8L4|<init>(String,String,String,String)|NJ_SelectOptionLightning
13:26:59.0 (6296011)|VARIABLE_SCOPE_BEGIN|[24]|this|NJ_SelectOptionLightning|true|false
13:26:59.0 (6314248)|VARIABLE_ASSIGNMENT|[24]|this|{}|0x2d70360a
13:26:59.0 (6319970)|VARIABLE_SCOPE_BEGIN|[24]|value|String|false|false
13:26:59.0 (6327421)|VARIABLE_ASSIGNMENT|[24]|value|"Confirmed"
13:26:59.0 (6331429)|VARIABLE_SCOPE_BEGIN|[24]|label|String|false|false
13:26:59.0 (6341043)|VARIABLE_ASSIGNMENT|[24]|label|"Confirmed"
13:26:59.0 (6347732)|VARIABLE_SCOPE_BEGIN|[24]|color|String|false|false
13:26:59.0 (6355262)|VARIABLE_ASSIGNMENT|[24]|color|"#85C1E9"
13:26:59.0 (6358899)|VARIABLE_SCOPE_BEGIN|[24]|iconName|String|false|false
13:26:59.0 (6365985)|VARIABLE_ASSIGNMENT|[24]|iconName|"action:user"
13:26:59.0 (6370597)|STATEMENT_EXECUTE|[6]
13:26:59.0 (6372215)|STATEMENT_EXECUTE|[47]
13:26:59.0 (6373677)|STATEMENT_EXECUTE|[49]
13:26:59.0 (6375062)|STATEMENT_EXECUTE|[51]
13:26:59.0 (6376401)|STATEMENT_EXECUTE|[53]
13:26:59.0 (6377743)|STATEMENT_EXECUTE|[55]
13:26:59.0 (6379076)|STATEMENT_EXECUTE|[58]
13:26:59.0 (6380422)|STATEMENT_EXECUTE|[60]
13:26:59.0 (6381757)|STATEMENT_EXECUTE|[62]
13:26:59.0 (6391198)|STATEMENT_EXECUTE|[24]
13:26:59.0 (6393321)|STATEMENT_EXECUTE|[25]
13:26:59.0 (6411905)|VARIABLE_ASSIGNMENT|[EXTERNAL]|this|{}|0x2d70360a
13:26:59.0 (6420498)|VARIABLE_ASSIGNMENT|[EXTERNAL]|value|"Confirmed"
13:26:59.0 (6428078)|VARIABLE_ASSIGNMENT|[49]|this.value|"Confirmed"|0x2d70360a
13:26:59.0 (6435211)|STATEMENT_EXECUTE|[26]
13:26:59.0 (6454394)|VARIABLE_ASSIGNMENT|[EXTERNAL]|this|{"value":"Confirmed"}|0x2d70360a
13:26:59.0 (6463625)|VARIABLE_ASSIGNMENT|[EXTERNAL]|value|"Confirmed"
13:26:59.0 (6470241)|VARIABLE_ASSIGNMENT|[47]|this.label|"Confirmed"|0x2d70360a
13:26:59.0 (6477604)|STATEMENT_EXECUTE|[27]
13:26:59.0 (6494969)|VARIABLE_ASSIGNMENT|[EXTERNAL]|this|{"label":"Confirmed","value":"Confirmed"}|0x2d70360a
13:26:59.0 (6504118)|VARIABLE_ASSIGNMENT|[EXTERNAL]|value|false
13:26:59.0 (6512248)|HEAP_ALLOCATE|[51]|Bytes:5
13:26:59.0 (6518828)|VARIABLE_ASSIGNMENT|[51]|this.disabled|false|0x2d70360a
13:26:59.0 (6526613)|STATEMENT_EXECUTE|[28]
13:26:59.0 (6545600)|VARIABLE_ASSIGNMENT|[EXTERNAL]|this|{"disabled":false,"label":"Confirmed","value":"Confirmed"}|0x2d70360a
13:26:59.0 (6553759)|VARIABLE_ASSIGNMENT|[EXTERNAL]|value|false
13:26:59.0 (6559946)|HEAP_ALLOCATE|[53]|Bytes:5
13:26:59.0 (6568137)|VARIABLE_ASSIGNMENT|[53]|this.escapeItem|false|0x2d70360a
13:26:59.0 (6577007)|STATEMENT_EXECUTE|[29]
13:26:59.0 (6597295)|VARIABLE_ASSIGNMENT|[EXTERNAL]|this|{"disabled":false,"escapeItem":false,"label":"Confirmed","value":"Confirmed"}|0x2d70360a
13:26:59.0 (6605655)|VARIABLE_ASSIGNMENT|[EXTERNAL]|value|"#85C1E9"
13:26:59.0 (6612373)|VARIABLE_ASSIGNMENT|[60]|this.colorCode|"#85C1E9"|0x2d70360a
13:26:59.0 (6623935)|STATEMENT_EXECUTE|[30]
13:26:59.0 (6645983)|VARIABLE_ASSIGNMENT|[EXTERNAL]|this|{"colorCode":"#85C1E9","disabled":false,"escapeItem":false,"label":"Confirmed","value":"Confirmed"}|0x2d70360a
13:26:59.0 (6654696)|VARIABLE_ASSIGNMENT|[EXTERNAL]|value|"action:user"
13:26:59.0 (6661581)|VARIABLE_ASSIGNMENT|[62]|this.iconName|"action:user"|0x2d70360a
13:26:59.0 (6669267)|STATEMENT_EXECUTE|[31]
13:26:59.0 (6694707)|VARIABLE_ASSIGNMENT|[EXTERNAL]|this|{"colorCode":"#85C1E9","disabled":false,"escapeItem":false,"iconName":"action:user","label":"Confirmed","value":"Confirmed"}|0x2d70360a
13:26:59.0 (6703997)|VARIABLE_ASSIGNMENT|[EXTERNAL]|value|0
13:26:59.0 (6708878)|HEAP_ALLOCATE|[55]|Bytes:4
13:26:59.0 (6714465)|VARIABLE_ASSIGNMENT|[55]|this.total|0|0x2d70360a
13:26:59.0 (6727044)|CONSTRUCTOR_EXIT|[46]|01pN0000000s8L4|<init>(String,String,String,String)|NJ_SelectOptionLightning
13:26:59.0 (6741033)|HEAP_ALLOCATE|[EXTERNAL]|Bytes:4
13:26:59.0 (6752480)|HEAP_ALLOCATE|[45]|Bytes:5
13:26:59.0 (6762309)|VARIABLE_SCOPE_BEGIN|[45]|summLabel|String|false|false
13:26:59.0 (6771870)|VARIABLE_ASSIGNMENT|[45]|summLabel|"Cannot Complete"
13:26:59.0 (6776798)|STATEMENT_EXECUTE|[45]
13:26:59.0 (6778393)|STATEMENT_EXECUTE|[46]
13:26:59.0 (6782551)|HEAP_ALLOCATE|[46]|Bytes:36
13:26:59.0 (6810003)|CONSTRUCTOR_ENTRY|[46]|01pN0000000s8L4|<init>(String,String,String,String)|NJ_SelectOptionLightning
13:26:59.0 (6817331)|VARIABLE_SCOPE_BEGIN|[24]|this|NJ_SelectOptionLightning|true|false
13:26:59.0 (6834394)|VARIABLE_ASSIGNMENT|[24]|this|{}|0x7cca3f90
13:26:59.0 (6840997)|VARIABLE_SCOPE_BEGIN|[24]|value|String|false|false
13:26:59.0 (6853175)|VARIABLE_ASSIGNMENT|[24]|value|"Cannot Complete"
13:26:59.0 (6857409)|VARIABLE_SCOPE_BEGIN|[24]|label|String|false|false
13:26:59.0 (6864502)|VARIABLE_ASSIGNMENT|[24]|label|"CantCompl"
13:26:59.0 (6867856)|VARIABLE_SCOPE_BEGIN|[24]|color|String|false|false
13:26:59.0 (6875193)|VARIABLE_ASSIGNMENT|[24]|color|"#EC7063"
13:26:59.0 (6878643)|VARIABLE_SCOPE_BEGIN|[24]|iconName|String|false|false
13:26:59.0 (6886365)|VARIABLE_ASSIGNMENT|[24]|iconName|"action:reject"
13:26:59.0 (6890531)|STATEMENT_EXECUTE|[6]
13:26:59.0 (6892149)|STATEMENT_EXECUTE|[47]
13:26:59.0 (6893712)|STATEMENT_EXECUTE|[49]
13:26:59.0 (6899103)|STATEMENT_EXECUTE|[51]
13:26:59.0 (6901376)|STATEMENT_EXECUTE|[53]
13:26:59.0 (6903295)|STATEMENT_EXECUTE|[55]
13:26:59.0 (6905224)|STATEMENT_EXECUTE|[58]
13:26:59.0 (6906892)|STATEMENT_EXECUTE|[60]
13:26:59.0 (6908217)|STATEMENT_EXECUTE|[62]
13:26:59.0 (6917138)|STATEMENT_EXECUTE|[24]
13:26:59.0 (6918618)|STATEMENT_EXECUTE|[25]
13:26:59.0 (6934659)|VARIABLE_ASSIGNMENT|[EXTERNAL]|this|{}|0x7cca3f90
13:26:59.0 (6943382)|VARIABLE_ASSIGNMENT|[EXTERNAL]|value|"Cannot Complete"
13:26:59.0 (6952107)|VARIABLE_ASSIGNMENT|[49]|this.value|"Cannot Complete"|0x7cca3f90
13:26:59.0 (6963069)|STATEMENT_EXECUTE|[26]
13:26:59.0 (6979975)|VARIABLE_ASSIGNMENT|[EXTERNAL]|this|{"value":"Cannot Complete"}|0x7cca3f90
13:26:59.0 (6988758)|VARIABLE_ASSIGNMENT|[EXTERNAL]|value|"CantCompl"
13:26:59.0 (6995873)|VARIABLE_ASSIGNMENT|[47]|this.label|"CantCompl"|0x7cca3f90
13:26:59.0 (7002743)|STATEMENT_EXECUTE|[27]
13:26:59.0 (7025644)|VARIABLE_ASSIGNMENT|[EXTERNAL]|this|{"label":"CantCompl","value":"Cannot Complete"}|0x7cca3f90
13:26:59.0 (7034862)|VARIABLE_ASSIGNMENT|[EXTERNAL]|value|false
13:26:59.0 (7039880)|HEAP_ALLOCATE|[51]|Bytes:5
13:26:59.0 (7046061)|VARIABLE_ASSIGNMENT|[51]|this.disabled|false|0x7cca3f90
13:26:59.0 (7053390)|STATEMENT_EXECUTE|[28]
13:26:59.0 (7076216)|VARIABLE_ASSIGNMENT|[EXTERNAL]|this|{"disabled":false,"label":"CantCompl","value":"Cannot Complete"}|0x7cca3f90
13:26:59.0 (7085952)|VARIABLE_ASSIGNMENT|[EXTERNAL]|value|false
13:26:59.0 (7090698)|HEAP_ALLOCATE|[53]|Bytes:5
13:26:59.0 (7096262)|VARIABLE_ASSIGNMENT|[53]|this.escapeItem|false|0x7cca3f90
13:26:59.0 (7104111)|STATEMENT_EXECUTE|[29]
13:26:59.0 (7125809)|VARIABLE_ASSIGNMENT|[EXTERNAL]|this|{"disabled":false,"escapeItem":false,"label":"CantCompl","value":"Cannot Complete"}|0x7cca3f90
13:26:59.0 (7136355)|VARIABLE_ASSIGNMENT|[EXTERNAL]|value|"#EC7063"
13:26:59.0 (7143367)|VARIABLE_ASSIGNMENT|[60]|this.colorCode|"#EC7063"|0x7cca3f90
13:26:59.0 (7150613)|STATEMENT_EXECUTE|[30]
13:26:59.0 (7169825)|VARIABLE_ASSIGNMENT|[EXTERNAL]|this|{"colorCode":"#EC7063","disabled":false,"escapeItem":false,"label":"CantCompl","value":"Cannot Complete"}|0x7cca3f90
13:26:59.0 (7180721)|VARIABLE_ASSIGNMENT|[EXTERNAL]|value|"action:reject"
13:26:59.0 (7190149)|VARIABLE_ASSIGNMENT|[62]|this.iconName|"action:reject"|0x7cca3f90
13:26:59.0 (7197553)|STATEMENT_EXECUTE|[31]
13:26:59.0 (7219391)|VARIABLE_ASSIGNMENT|[EXTERNAL]|this|{"colorCode":"#EC7063","disabled":false,"escapeItem":false,"iconName":"action:reject","label":"CantCompl","value":"Cannot Complete"}|0x7cca3f90
13:26:59.0 (7228579)|VARIABLE_ASSIGNMENT|[EXTERNAL]|value|0
13:26:59.0 (7234448)|HEAP_ALLOCATE|[55]|Bytes:4
13:26:59.0 (7243083)|VARIABLE_ASSIGNMENT|[55]|this.total|0|0x7cca3f90
13:26:59.0 (7255300)|CONSTRUCTOR_EXIT|[46]|01pN0000000s8L4|<init>(String,String,String,String)|NJ_SelectOptionLightning
13:26:59.0 (7264339)|HEAP_ALLOCATE|[EXTERNAL]|Bytes:4
13:26:59.0 (7274881)|HEAP_ALLOCATE|[45]|Bytes:5
13:26:59.0 (7284250)|VARIABLE_SCOPE_BEGIN|[45]|summLabel|String|false|false
13:26:59.0 (7297161)|VARIABLE_ASSIGNMENT|[45]|summLabel|"Cancelled"
13:26:59.0 (7302220)|STATEMENT_EXECUTE|[45]
13:26:59.0 (7303751)|STATEMENT_EXECUTE|[46]
13:26:59.0 (7307712)|HEAP_ALLOCATE|[46]|Bytes:36
13:26:59.0 (7331912)|CONSTRUCTOR_ENTRY|[46]|01pN0000000s8L4|<init>(String,String,String,String)|NJ_SelectOptionLightning
13:26:59.0 (7339093)|VARIABLE_SCOPE_BEGIN|[24]|this|NJ_SelectOptionLightning|true|false
13:26:59.0 (7360574)|VARIABLE_ASSIGNMENT|[24]|this|{}|0x74afd917
13:26:59.0 (7366442)|VARIABLE_SCOPE_BEGIN|[24]|value|String|false|false
13:26:59.0 (7374816)|VARIABLE_ASSIGNMENT|[24]|value|"Cancelled"
13:26:59.0 (7378355)|VARIABLE_SCOPE_BEGIN|[24]|label|String|false|false
13:26:59.0 (7386018)|VARIABLE_ASSIGNMENT|[24]|label|"Cancelled"
13:26:59.0 (7389438)|VARIABLE_SCOPE_BEGIN|[24]|color|String|false|false
13:26:59.0 (7396287)|VARIABLE_ASSIGNMENT|[24]|color|"#18090E"
13:26:59.0 (7400870)|VARIABLE_SCOPE_BEGIN|[24]|iconName|String|false|false
13:26:59.0 (7411895)|VARIABLE_ASSIGNMENT|[24]|iconName|"action:close"
13:26:59.0 (7416338)|STATEMENT_EXECUTE|[6]
13:26:59.0 (7418378)|STATEMENT_EXECUTE|[47]
13:26:59.0 (7419903)|STATEMENT_EXECUTE|[49]
13:26:59.0 (7421305)|STATEMENT_EXECUTE|[51]
13:26:59.0 (7422664)|STATEMENT_EXECUTE|[53]
13:26:59.0 (7424102)|STATEMENT_EXECUTE|[55]
13:26:59.0 (7425434)|STATEMENT_EXECUTE|[58]
13:26:59.0 (7426763)|STATEMENT_EXECUTE|[60]
13:26:59.0 (7428113)|STATEMENT_EXECUTE|[62]
13:26:59.0 (7436675)|STATEMENT_EXECUTE|[24]
13:26:59.0 (7438144)|STATEMENT_EXECUTE|[25]
13:26:59.0 (7453966)|VARIABLE_ASSIGNMENT|[EXTERNAL]|this|{}|0x74afd917
13:26:59.0 (7466597)|VARIABLE_ASSIGNMENT|[EXTERNAL]|value|"Cancelled"
13:26:59.0 (7475012)|VARIABLE_ASSIGNMENT|[49]|this.value|"Cancelled"|0x74afd917
13:26:59.0 (7483017)|STATEMENT_EXECUTE|[26]
13:26:59.0 (7499072)|VARIABLE_ASSIGNMENT|[EXTERNAL]|this|{"value":"Cancelled"}|0x74afd917
13:26:59.0 (7507484)|VARIABLE_ASSIGNMENT|[EXTERNAL]|value|"Cancelled"
13:26:59.0 (7516630)|VARIABLE_ASSIGNMENT|[47]|this.label|"Cancelled"|0x74afd917
13:26:59.0 (7526024)|STATEMENT_EXECUTE|[27]
13:26:59.0 (7544268)|VARIABLE_ASSIGNMENT|[EXTERNAL]|this|{"label":"Cancelled","value":"Cancelled"}|0x74afd917
13:26:59.0 (7553457)|VARIABLE_ASSIGNMENT|[EXTERNAL]|value|false
13:26:59.0 (7558693)|HEAP_ALLOCATE|[51]|Bytes:5
13:26:59.0 (7564422)|VARIABLE_ASSIGNMENT|[51]|this.disabled|false|0x74afd917
13:26:59.0 (7575037)|STATEMENT_EXECUTE|[28]
13:26:59.0 (7595815)|VARIABLE_ASSIGNMENT|[EXTERNAL]|this|{"disabled":false,"label":"Cancelled","value":"Cancelled"}|0x74afd917
13:26:59.0 (7604577)|VARIABLE_ASSIGNMENT|[EXTERNAL]|value|false
13:26:59.0 (7609668)|HEAP_ALLOCATE|[53]|Bytes:5
13:26:59.0 (7615419)|VARIABLE_ASSIGNMENT|[53]|this.escapeItem|false|0x74afd917
13:26:59.0 (7623968)|STATEMENT_EXECUTE|[29]
13:26:59.0 (7646735)|VARIABLE_ASSIGNMENT|[EXTERNAL]|this|{"disabled":false,"escapeItem":false,"label":"Cancelled","value":"Cancelled"}|0x74afd917
13:26:59.0 (7655125)|VARIABLE_ASSIGNMENT|[EXTERNAL]|value|"#18090E"
13:26:59.0 (7662147)|VARIABLE_ASSIGNMENT|[60]|this.colorCode|"#18090E"|0x74afd917
13:26:59.0 (7669374)|STATEMENT_EXECUTE|[30]
13:26:59.0 (7693095)|VARIABLE_ASSIGNMENT|[EXTERNAL]|this|{"colorCode":"#18090E","disabled":false,"escapeItem":false,"label":"Cancelled","value":"Cancelled"}|0x74afd917
13:26:59.0 (7702172)|VARIABLE_ASSIGNMENT|[EXTERNAL]|value|"action:close"
13:26:59.0 (7709778)|VARIABLE_ASSIGNMENT|[62]|this.iconName|"action:close"|0x74afd917
13:26:59.0 (7717648)|STATEMENT_EXECUTE|[31]
13:26:59.0 (7740272)|VARIABLE_ASSIGNMENT|[EXTERNAL]|this|{"colorCode":"#18090E","disabled":false,"escapeItem":false,"iconName":"action:close","label":"Cancelled","value":"Cancelled"}|0x74afd917
13:26:59.0 (7751185)|VARIABLE_ASSIGNMENT|[EXTERNAL]|value|0
13:26:59.0 (7756839)|HEAP_ALLOCATE|[55]|Bytes:4
13:26:59.0 (7762541)|VARIABLE_ASSIGNMENT|[55]|this.total|0|0x74afd917
13:26:59.0 (7774380)|CONSTRUCTOR_EXIT|[46]|01pN0000000s8L4|<init>(String,String,String,String)|NJ_SelectOptionLightning
13:26:59.0 (7784148)|HEAP_ALLOCATE|[EXTERNAL]|Bytes:4
13:26:59.0 (7796556)|HEAP_ALLOCATE|[45]|Bytes:5
13:26:59.0 (7808094)|VARIABLE_SCOPE_BEGIN|[45]|summLabel|String|false|false
13:26:59.0 (7817367)|VARIABLE_ASSIGNMENT|[45]|summLabel|"Completed"
13:26:59.0 (7822009)|STATEMENT_EXECUTE|[45]
13:26:59.0 (7823788)|STATEMENT_EXECUTE|[46]
13:26:59.0 (7827651)|HEAP_ALLOCATE|[46]|Bytes:36
13:26:59.0 (7853784)|CONSTRUCTOR_ENTRY|[46]|01pN0000000s8L4|<init>(String,String,String,String)|NJ_SelectOptionLightning
13:26:59.0 (7862265)|VARIABLE_SCOPE_BEGIN|[24]|this|NJ_SelectOptionLightning|true|false
13:26:59.0 (7880139)|VARIABLE_ASSIGNMENT|[24]|this|{}|0x6e6b6561
13:26:59.0 (7885673)|VARIABLE_SCOPE_BEGIN|[24]|value|String|false|false
13:26:59.0 (7893725)|VARIABLE_ASSIGNMENT|[24]|value|"Completed"
13:26:59.0 (7901192)|VARIABLE_SCOPE_BEGIN|[24]|label|String|false|false
13:26:59.0 (7911818)|VARIABLE_ASSIGNMENT|[24]|label|"Completed"
13:26:59.0 (7917287)|VARIABLE_SCOPE_BEGIN|[24]|color|String|false|false
13:26:59.0 (7925206)|VARIABLE_ASSIGNMENT|[24]|color|"#58D68D"
13:26:59.0 (7928812)|VARIABLE_SCOPE_BEGIN|[24]|iconName|String|false|false
13:26:59.0 (7936235)|VARIABLE_ASSIGNMENT|[24]|iconName|"action:approval"
13:26:59.0 (7940339)|STATEMENT_EXECUTE|[6]
13:26:59.0 (7941891)|STATEMENT_EXECUTE|[47]
13:26:59.0 (7943324)|STATEMENT_EXECUTE|[49]
13:26:59.0 (7944708)|STATEMENT_EXECUTE|[51]
13:26:59.0 (7946045)|STATEMENT_EXECUTE|[53]
13:26:59.0 (7947565)|STATEMENT_EXECUTE|[55]
13:26:59.0 (7949046)|STATEMENT_EXECUTE|[58]
13:26:59.0 (7950372)|STATEMENT_EXECUTE|[60]
13:26:59.0 (7951701)|STATEMENT_EXECUTE|[62]
13:26:59.0 (7961352)|STATEMENT_EXECUTE|[24]
13:26:59.0 (7963543)|STATEMENT_EXECUTE|[25]
13:26:59.0 (7981739)|VARIABLE_ASSIGNMENT|[EXTERNAL]|this|{}|0x6e6b6561
13:26:59.0 (7990429)|VARIABLE_ASSIGNMENT|[EXTERNAL]|value|"Completed"
13:26:59.0 (7997846)|VARIABLE_ASSIGNMENT|[49]|this.value|"Completed"|0x6e6b6561
13:26:59.0 (8005234)|STATEMENT_EXECUTE|[26]
13:26:59.0 (8025083)|VARIABLE_ASSIGNMENT|[EXTERNAL]|this|{"value":"Completed"}|0x6e6b6561
13:26:59.0 (8033962)|VARIABLE_ASSIGNMENT|[EXTERNAL]|value|"Completed"
13:26:59.0 (8041006)|VARIABLE_ASSIGNMENT|[47]|this.label|"Completed"|0x6e6b6561
13:26:59.0 (8048771)|STATEMENT_EXECUTE|[27]
13:26:59.0 (8066080)|VARIABLE_ASSIGNMENT|[EXTERNAL]|this|{"label":"Completed","value":"Completed"}|0x6e6b6561
13:26:59.0 (8076640)|VARIABLE_ASSIGNMENT|[EXTERNAL]|value|false
13:26:59.0 (8084206)|HEAP_ALLOCATE|[51]|Bytes:5
13:26:59.0 (8090672)|VARIABLE_ASSIGNMENT|[51]|this.disabled|false|0x6e6b6561
13:26:59.0 (8097914)|STATEMENT_EXECUTE|[28]
13:26:59.0 (8115910)|VARIABLE_ASSIGNMENT|[EXTERNAL]|this|{"disabled":false,"label":"Completed","value":"Completed"}|0x6e6b6561
13:26:59.0 (8124009)|VARIABLE_ASSIGNMENT|[EXTERNAL]|value|false
13:26:59.0 (8129512)|HEAP_ALLOCATE|[53]|Bytes:5
13:26:59.0 (8138356)|VARIABLE_ASSIGNMENT|[53]|this.escapeItem|false|0x6e6b6561
13:26:59.0 (8146479)|STATEMENT_EXECUTE|[29]
13:26:59.0 (8165048)|VARIABLE_ASSIGNMENT|[EXTERNAL]|this|{"disabled":false,"escapeItem":false,"label":"Completed","value":"Completed"}|0x6e6b6561
13:26:59.0 (8173658)|VARIABLE_ASSIGNMENT|[EXTERNAL]|value|"#58D68D"
13:26:59.0 (8180795)|VARIABLE_ASSIGNMENT|[60]|this.colorCode|"#58D68D"|0x6e6b6561
13:26:59.0 (8189975)|STATEMENT_EXECUTE|[30]
13:26:59.0 (8211455)|VARIABLE_ASSIGNMENT|[EXTERNAL]|this|{"colorCode":"#58D68D","disabled":false,"escapeItem":false,"label":"Completed","value":"Completed"}|0x6e6b6561
13:26:59.0 (8221153)|VARIABLE_ASSIGNMENT|[EXTERNAL]|value|"action:approval"
13:26:59.0 (8228586)|VARIABLE_ASSIGNMENT|[62]|this.iconName|"action:approval"|0x6e6b6561
13:26:59.0 (8235615)|STATEMENT_EXECUTE|[31]
13:26:59.0 (8260729)|VARIABLE_ASSIGNMENT|[EXTERNAL]|this|{"colorCode":"#58D68D","disabled":false,"escapeItem":false,"iconName":"action:approval","label":"Completed","value":"Completed"}|0x6e6b6561
13:26:59.0 (8269795)|VARIABLE_ASSIGNMENT|[EXTERNAL]|value|0
13:26:59.0 (8274130)|HEAP_ALLOCATE|[55]|Bytes:4
13:26:59.0 (8280266)|VARIABLE_ASSIGNMENT|[55]|this.total|0|0x6e6b6561
13:26:59.0 (8291426)|CONSTRUCTOR_EXIT|[46]|01pN0000000s8L4|<init>(String,String,String,String)|NJ_SelectOptionLightning
13:26:59.0 (8304619)|HEAP_ALLOCATE|[EXTERNAL]|Bytes:4
13:26:59.0 (8316738)|HEAP_ALLOCATE|[45]|Bytes:5
13:26:59.0 (8326946)|VARIABLE_ASSIGNMENT|[45]|summLabel|null
13:26:59.0 (8331816)|STATEMENT_EXECUTE|[48]
13:26:59.0 (8334716)|VARIABLE_SCOPE_BEGIN|[48]|totalStatus|Integer|false|false
13:26:59.0 (8340803)|HEAP_ALLOCATE|[48]|Bytes:4
13:26:59.0 (8346192)|VARIABLE_ASSIGNMENT|[48]|totalStatus|0
13:26:59.0 (8352439)|HEAP_ALLOCATE|[49]|Bytes:101
13:26:59.0 (8370223)|HEAP_ALLOCATE|[49]|Bytes:4
13:26:59.0 (8380076)|HEAP_ALLOCATE|[49]|Bytes:7
13:26:59.0 (9342373)|SOQL_EXECUTE_BEGIN|[49]|Aggregations:0|SELECT COUNT(Id) total, Status stat FROM ServiceAppointment 
13:26:59.0 (15018511)|SOQL_EXECUTE_END|[49]|Rows:2
13:26:59.0 (15040286)|HEAP_ALLOCATE|[EXTERNAL]|Bytes:12
13:26:59.0 (15180977)|HEAP_ALLOCATE|[49]|Bytes:54
13:26:59.0 (15189836)|HEAP_ALLOCATE|[49]|Bytes:8
13:26:59.0 (15199455)|SYSTEM_METHOD_ENTRY|[7]|QueryLocatorIterator.QueryLocatorIterator()
13:26:59.0 (15203652)|STATEMENT_EXECUTE|[7]
13:26:59.0 (15211005)|SYSTEM_METHOD_EXIT|[7]|QueryLocatorIterator
13:26:59.0 (15221060)|HEAP_ALLOCATE|[49]|Bytes:28
13:26:59.0 (15280401)|HEAP_ALLOCATE|[49]|Bytes:12
13:26:59.0 (15295097)|HEAP_ALLOCATE|[49]|Bytes:8
13:26:59.0 (15299003)|HEAP_ALLOCATE|[49]|Bytes:8
13:26:59.0 (15304033)|VARIABLE_SCOPE_BEGIN|[15]|this|Database.QueryLocatorIterator|true|false
13:26:59.0 (15328422)|VARIABLE_ASSIGNMENT|[15]|this|{}|0x477c5a6e
13:26:59.0 (15336968)|VARIABLE_SCOPE_BEGIN|[15]|values|List<SObject>|true|false
13:26:59.0 (15358156)|VARIABLE_ASSIGNMENT|[15]|values|[{"total":1,"stat":"New"},{"total":1,"stat":"Confirmed"}]|0x775a010c
13:26:59.0 (15364730)|VARIABLE_SCOPE_BEGIN|[15]|ql|Database.QueryLocator|true|false
13:26:59.0 (15382063)|VARIABLE_ASSIGNMENT|[15]|ql|{"query":"SELECT COUNT(Id) tot (81 more) ..."}|0x15e210a6
13:26:59.0 (15390135)|VARIABLE_SCOPE_BEGIN|[15]|totalNumRecords|Integer|false|false
13:26:59.0 (15398414)|VARIABLE_ASSIGNMENT|[15]|totalNumRecords|2
13:26:59.0 (15403012)|VARIABLE_SCOPE_BEGIN|[15]|queryMoreSize|Integer|false|false
13:26:59.0 (15409797)|VARIABLE_ASSIGNMENT|[15]|queryMoreSize|49998
13:26:59.0 (15460772)|HEAP_ALLOCATE|[49]|Bytes:28
13:26:59.0 (15479698)|METHOD_ENTRY|[49]||Database.QueryLocatorIterator.hasNext()
13:26:59.0 (15544981)|METHOD_EXIT|[49]||Database.QueryLocatorIterator.hasNext()
13:26:59.0 (15556941)|METHOD_ENTRY|[49]||Database.QueryLocatorIterator.next()
13:26:59.0 (15641573)|METHOD_EXIT|[49]||Database.QueryLocatorIterator.next()
13:26:59.0 (15650189)|VARIABLE_SCOPE_BEGIN|[49]|agr|AggregateResult|true|false
13:26:59.0 (15668340)|VARIABLE_ASSIGNMENT|[49]|agr|{"total":1,"stat":"New"}|0x3fc9f58c
13:26:59.0 (15676041)|STATEMENT_EXECUTE|[52]
13:26:59.0 (15807448)|HEAP_ALLOCATE|[53]|Bytes:5
13:26:59.0 (15820717)|HEAP_ALLOCATE|[53]|Bytes:36
13:26:59.0 (15827896)|VARIABLE_SCOPE_BEGIN|[53]|summ|NJ_SelectOptionLightning|true|false
13:26:59.0 (15865419)|VARIABLE_ASSIGNMENT|[53]|summ|{"colorCode":"#A2D9CE","disabled":false,"escapeItem":false,"iconName":"action:description","label":"New","total":0,"value":"New"}|0x66d110db
13:26:59.0 (15873476)|STATEMENT_EXECUTE|[53]
13:26:59.0 (15921454)|VARIABLE_ASSIGNMENT|[EXTERNAL]|this|{"colorCode":"#A2D9CE","disabled":false,"escapeItem":false,"iconName":"action:description","label":"New","total":0,"value":"New"}|0x66d110db
13:26:59.0 (15937355)|HEAP_ALLOCATE|[54]|Bytes:4
13:26:59.0 (15984502)|HEAP_ALLOCATE|[54]|Bytes:3
13:26:59.0 (16012719)|HEAP_ALLOCATE|[54]|Bytes:3
13:26:59.0 (16041102)|STATEMENT_EXECUTE|[54]
13:26:59.0 (16043237)|STATEMENT_EXECUTE|[55]
13:26:59.0 (16046434)|HEAP_ALLOCATE|[55]|Bytes:5
13:26:59.0 (16095755)|HEAP_ALLOCATE|[55]|Bytes:1
13:26:59.0 (16153767)|VARIABLE_ASSIGNMENT|[EXTERNAL]|this|{"colorCode":"#A2D9CE","disabled":false,"escapeItem":false,"iconName":"action:description","label":"New","total":0,"value":"New"}|0x66d110db
13:26:59.0 (16165310)|VARIABLE_ASSIGNMENT|[EXTERNAL]|value|1
13:26:59.0 (16173059)|HEAP_ALLOCATE|[55]|Bytes:4
13:26:59.0 (16182757)|VARIABLE_ASSIGNMENT|[55]|this.total|1|0x66d110db
13:26:59.0 (16200228)|HEAP_ALLOCATE|[53]|Bytes:5
13:26:59.0 (16210007)|HEAP_ALLOCATE|[53]|Bytes:36
13:26:59.0 (16216529)|VARIABLE_SCOPE_BEGIN|[53]|summ|NJ_SelectOptionLightning|true|false
13:26:59.0 (16248432)|VARIABLE_ASSIGNMENT|[53]|summ|{"colorCode":"#F4D03F","disabled":false,"escapeItem":false,"iconName":"action:info","label":"Tentative","total":0,"value":"Tentative"}|0x664dd41a
13:26:59.0 (16255408)|STATEMENT_EXECUTE|[53]
13:26:59.0 (16279085)|VARIABLE_ASSIGNMENT|[EXTERNAL]|this|{"colorCode":"#F4D03F","disabled":false,"escapeItem":false,"iconName":"action:info","label":"Tentative","total":0,"value":"Tentative"}|0x664dd41a
13:26:59.0 (16309508)|HEAP_ALLOCATE|[54]|Bytes:3
13:26:59.0 (16323689)|HEAP_ALLOCATE|[54]|Bytes:3
13:26:59.0 (16338385)|STATEMENT_EXECUTE|[54]
13:26:59.0 (16349077)|HEAP_ALLOCATE|[53]|Bytes:5
13:26:59.0 (16358447)|HEAP_ALLOCATE|[53]|Bytes:36
13:26:59.0 (16364046)|VARIABLE_SCOPE_BEGIN|[53]|summ|NJ_SelectOptionLightning|true|false
13:26:59.0 (16397444)|VARIABLE_ASSIGNMENT|[53]|summ|{"colorCode":"#1132D5","disabled":false,"escapeItem":false,"iconName":"action:submit_for_ap (6 more) ...","label":"AwaitConf","total":0,"value":"Awaiting Confirmatio (1 more) ..."}|0x6a7e041f
13:26:59.0 (16406769)|STATEMENT_EXECUTE|[53]
13:26:59.0 (16432452)|VARIABLE_ASSIGNMENT|[EXTERNAL]|this|{"colorCode":"#1132D5","disabled":false,"escapeItem":false,"iconName":"action:submit_for_ap (6 more) ...","label":"AwaitConf","total":0,"value":"Awaiting Confirmatio (1 more) ..."}|0x6a7e041f
13:26:59.0 (16460085)|HEAP_ALLOCATE|[54]|Bytes:3
13:26:59.0 (16474557)|HEAP_ALLOCATE|[54]|Bytes:3
13:26:59.0 (16486813)|STATEMENT_EXECUTE|[54]
13:26:59.0 (16494158)|HEAP_ALLOCATE|[53]|Bytes:5
13:26:59.0 (16502717)|HEAP_ALLOCATE|[53]|Bytes:36
13:26:59.0 (16510528)|VARIABLE_SCOPE_BEGIN|[53]|summ|NJ_SelectOptionLightning|true|false
13:26:59.0 (16539493)|VARIABLE_ASSIGNMENT|[53]|summ|{"colorCode":"#85C1E9","disabled":false,"escapeItem":false,"iconName":"action:user","label":"Confirmed","total":0,"value":"Confirmed"}|0x2d70360a
13:26:59.0 (16546033)|STATEMENT_EXECUTE|[53]
13:26:59.0 (16572664)|VARIABLE_ASSIGNMENT|[EXTERNAL]|this|{"colorCode":"#85C1E9","disabled":false,"escapeItem":false,"iconName":"action:user","label":"Confirmed","total":0,"value":"Confirmed"}|0x2d70360a
13:26:59.0 (16596744)|HEAP_ALLOCATE|[54]|Bytes:3
13:26:59.0 (16610245)|HEAP_ALLOCATE|[54]|Bytes:3
13:26:59.0 (16623850)|STATEMENT_EXECUTE|[54]
13:26:59.0 (16632869)|HEAP_ALLOCATE|[53]|Bytes:5
13:26:59.0 (16641433)|HEAP_ALLOCATE|[53]|Bytes:36
13:26:59.0 (16646636)|VARIABLE_SCOPE_BEGIN|[53]|summ|NJ_SelectOptionLightning|true|false
13:26:59.0 (16674421)|VARIABLE_ASSIGNMENT|[53]|summ|{"colorCode":"#EC7063","disabled":false,"escapeItem":false,"iconName":"action:reject","label":"CantCompl","total":0,"value":"Cannot Complete"}|0x7cca3f90
13:26:59.0 (16684498)|STATEMENT_EXECUTE|[53]
13:26:59.0 (16707605)|VARIABLE_ASSIGNMENT|[EXTERNAL]|this|{"colorCode":"#EC7063","disabled":false,"escapeItem":false,"iconName":"action:reject","label":"CantCompl","total":0,"value":"Cannot Complete"}|0x7cca3f90
13:26:59.0 (16731420)|HEAP_ALLOCATE|[54]|Bytes:3
13:26:59.0 (16749378)|HEAP_ALLOCATE|[54]|Bytes:3
13:26:59.0 (16760754)|STATEMENT_EXECUTE|[54]
13:26:59.0 (16768102)|HEAP_ALLOCATE|[53]|Bytes:5
13:26:59.0 (16776163)|HEAP_ALLOCATE|[53]|Bytes:36
13:26:59.0 (16781340)|VARIABLE_SCOPE_BEGIN|[53]|summ|NJ_SelectOptionLightning|true|false
13:26:59.0 (16812271)|VARIABLE_ASSIGNMENT|[53]|summ|{"colorCode":"#18090E","disabled":false,"escapeItem":false,"iconName":"action:close","label":"Cancelled","total":0,"value":"Cancelled"}|0x74afd917
13:26:59.0 (16818968)|STATEMENT_EXECUTE|[53]
13:26:59.0 (16841150)|VARIABLE_ASSIGNMENT|[EXTERNAL]|this|{"colorCode":"#18090E","disabled":false,"escapeItem":false,"iconName":"action:close","label":"Cancelled","total":0,"value":"Cancelled"}|0x74afd917
13:26:59.0 (16867685)|HEAP_ALLOCATE|[54]|Bytes:3
13:26:59.0 (16881095)|HEAP_ALLOCATE|[54]|Bytes:3
13:26:59.0 (16891869)|STATEMENT_EXECUTE|[54]
13:26:59.0 (16904806)|HEAP_ALLOCATE|[53]|Bytes:5
13:26:59.0 (16915326)|HEAP_ALLOCATE|[53]|Bytes:36
13:26:59.0 (16920852)|VARIABLE_SCOPE_BEGIN|[53]|summ|NJ_SelectOptionLightning|true|false
13:26:59.0 (16947815)|VARIABLE_ASSIGNMENT|[53]|summ|{"colorCode":"#58D68D","disabled":false,"escapeItem":false,"iconName":"action:approval","label":"Completed","total":0,"value":"Completed"}|0x6e6b6561
13:26:59.0 (16955129)|STATEMENT_EXECUTE|[53]
13:26:59.0 (16981851)|VARIABLE_ASSIGNMENT|[EXTERNAL]|this|{"colorCode":"#58D68D","disabled":false,"escapeItem":false,"iconName":"action:approval","label":"Completed","total":0,"value":"Completed"}|0x6e6b6561
13:26:59.0 (17004923)|HEAP_ALLOCATE|[54]|Bytes:3
13:26:59.0 (17024900)|HEAP_ALLOCATE|[54]|Bytes:3
13:26:59.0 (17037092)|STATEMENT_EXECUTE|[54]
13:26:59.0 (17044961)|HEAP_ALLOCATE|[53]|Bytes:5
13:26:59.0 (17055404)|VARIABLE_ASSIGNMENT|[53]|summ|null|
13:26:59.0 (17060633)|STATEMENT_EXECUTE|[58]
13:26:59.0 (17102738)|HEAP_ALLOCATE|[58]|Bytes:1
13:26:59.0 (17121286)|HEAP_ALLOCATE|[58]|Bytes:4
13:26:59.0 (17131021)|VARIABLE_ASSIGNMENT|[58]|totalStatus|1
13:26:59.0 (17141032)|METHOD_ENTRY|[49]||Database.QueryLocatorIterator.hasNext()
13:26:59.0 (17162464)|METHOD_EXIT|[49]||Database.QueryLocatorIterator.hasNext()
13:26:59.0 (17167828)|METHOD_ENTRY|[49]||Database.QueryLocatorIterator.next()
13:26:59.0 (17223313)|METHOD_EXIT|[49]||Database.QueryLocatorIterator.next()
13:26:59.0 (17231441)|VARIABLE_SCOPE_BEGIN|[49]|agr|AggregateResult|true|false
13:26:59.0 (17250070)|VARIABLE_ASSIGNMENT|[49]|agr|{"total":1,"stat":"Confirmed"}|0x7b445ccc
13:26:59.0 (17256480)|STATEMENT_EXECUTE|[52]
13:26:59.0 (17272297)|HEAP_ALLOCATE|[53]|Bytes:5
13:26:59.0 (17281174)|HEAP_ALLOCATE|[53]|Bytes:36
13:26:59.0 (17286581)|VARIABLE_SCOPE_BEGIN|[53]|summ|NJ_SelectOptionLightning|true|false
13:26:59.0 (17318622)|VARIABLE_ASSIGNMENT|[53]|summ|{"colorCode":"#A2D9CE","disabled":false,"escapeItem":false,"iconName":"action:description","label":"New","total":1,"value":"New"}|0x66d110db
13:26:59.0 (17325714)|STATEMENT_EXECUTE|[53]
13:26:59.0 (17350308)|VARIABLE_ASSIGNMENT|[EXTERNAL]|this|{"colorCode":"#A2D9CE","disabled":false,"escapeItem":false,"iconName":"action:description","label":"New","total":1,"value":"New"}|0x66d110db
13:26:59.0 (17379712)|HEAP_ALLOCATE|[54]|Bytes:9
13:26:59.0 (17394672)|HEAP_ALLOCATE|[54]|Bytes:9
13:26:59.0 (17409299)|STATEMENT_EXECUTE|[54]
13:26:59.0 (17418831)|HEAP_ALLOCATE|[53]|Bytes:5
13:26:59.0 (17428037)|HEAP_ALLOCATE|[53]|Bytes:36
13:26:59.0 (17433909)|VARIABLE_SCOPE_BEGIN|[53]|summ|NJ_SelectOptionLightning|true|false
13:26:59.0 (17463155)|VARIABLE_ASSIGNMENT|[53]|summ|{"colorCode":"#F4D03F","disabled":false,"escapeItem":false,"iconName":"action:info","label":"Tentative","total":0,"value":"Tentative"}|0x664dd41a
13:26:59.0 (17472589)|STATEMENT_EXECUTE|[53]
13:26:59.0 (17495530)|VARIABLE_ASSIGNMENT|[EXTERNAL]|this|{"colorCode":"#F4D03F","disabled":false,"escapeItem":false,"iconName":"action:info","label":"Tentative","total":0,"value":"Tentative"}|0x664dd41a
13:26:59.0 (17518721)|HEAP_ALLOCATE|[54]|Bytes:9
13:26:59.0 (17536885)|HEAP_ALLOCATE|[54]|Bytes:9
13:26:59.0 (17548438)|STATEMENT_EXECUTE|[54]
13:26:59.0 (17555590)|HEAP_ALLOCATE|[53]|Bytes:5
13:26:59.0 (17563601)|HEAP_ALLOCATE|[53]|Bytes:36
13:26:59.0 (17569156)|VARIABLE_SCOPE_BEGIN|[53]|summ|NJ_SelectOptionLightning|true|false
13:26:59.0 (17602876)|VARIABLE_ASSIGNMENT|[53]|summ|{"colorCode":"#1132D5","disabled":false,"escapeItem":false,"iconName":"action:submit_for_ap (6 more) ...","label":"AwaitConf","total":0,"value":"Awaiting Confirmatio (1 more) ..."}|0x6a7e041f
13:26:59.0 (17611028)|STATEMENT_EXECUTE|[53]
13:26:59.0 (17637164)|VARIABLE_ASSIGNMENT|[EXTERNAL]|this|{"colorCode":"#1132D5","disabled":false,"escapeItem":false,"iconName":"action:submit_for_ap (6 more) ...","label":"AwaitConf","total":0,"value":"Awaiting Confirmatio (1 more) ..."}|0x6a7e041f
13:26:59.0 (17663515)|HEAP_ALLOCATE|[54]|Bytes:9
13:26:59.0 (17676845)|HEAP_ALLOCATE|[54]|Bytes:9
13:26:59.0 (17688739)|STATEMENT_EXECUTE|[54]
13:26:59.0 (17698593)|HEAP_ALLOCATE|[53]|Bytes:5
13:26:59.0 (17707502)|HEAP_ALLOCATE|[53]|Bytes:36
13:26:59.0 (17712520)|VARIABLE_SCOPE_BEGIN|[53]|summ|NJ_SelectOptionLightning|true|false
13:26:59.0 (17739840)|VARIABLE_ASSIGNMENT|[53]|summ|{"colorCode":"#85C1E9","disabled":false,"escapeItem":false,"iconName":"action:user","label":"Confirmed","total":0,"value":"Confirmed"}|0x2d70360a
13:26:59.0 (17747408)|STATEMENT_EXECUTE|[53]
13:26:59.0 (17773017)|VARIABLE_ASSIGNMENT|[EXTERNAL]|this|{"colorCode":"#85C1E9","disabled":false,"escapeItem":false,"iconName":"action:user","label":"Confirmed","total":0,"value":"Confirmed"}|0x2d70360a
13:26:59.0 (17795801)|HEAP_ALLOCATE|[54]|Bytes:9
13:26:59.0 (17814594)|HEAP_ALLOCATE|[54]|Bytes:9
13:26:59.0 (17828043)|STATEMENT_EXECUTE|[54]
13:26:59.0 (17829831)|STATEMENT_EXECUTE|[55]
13:26:59.0 (17849958)|HEAP_ALLOCATE|[55]|Bytes:1
13:26:59.0 (17895378)|VARIABLE_ASSIGNMENT|[EXTERNAL]|this|{"colorCode":"#85C1E9","disabled":false,"escapeItem":false,"iconName":"action:user","label":"Confirmed","total":0,"value":"Confirmed"}|0x2d70360a
13:26:59.0 (17908821)|VARIABLE_ASSIGNMENT|[EXTERNAL]|value|1
13:26:59.0 (17914284)|HEAP_ALLOCATE|[55]|Bytes:4
13:26:59.0 (17924383)|VARIABLE_ASSIGNMENT|[55]|this.total|1|0x2d70360a
13:26:59.0 (17938472)|HEAP_ALLOCATE|[53]|Bytes:5
13:26:59.0 (17946704)|HEAP_ALLOCATE|[53]|Bytes:36
13:26:59.0 (17951869)|VARIABLE_SCOPE_BEGIN|[53]|summ|NJ_SelectOptionLightning|true|false
13:26:59.0 (17981142)|VARIABLE_ASSIGNMENT|[53]|summ|{"colorCode":"#EC7063","disabled":false,"escapeItem":false,"iconName":"action:reject","label":"CantCompl","total":0,"value":"Cannot Complete"}|0x7cca3f90
13:26:59.0 (17988318)|STATEMENT_EXECUTE|[53]
13:26:59.0 (18010507)|VARIABLE_ASSIGNMENT|[EXTERNAL]|this|{"colorCode":"#EC7063","disabled":false,"escapeItem":false,"iconName":"action:reject","label":"CantCompl","total":0,"value":"Cannot Complete"}|0x7cca3f90
13:26:59.0 (18038227)|HEAP_ALLOCATE|[54]|Bytes:9
13:26:59.0 (18052427)|HEAP_ALLOCATE|[54]|Bytes:9
13:26:59.0 (18064253)|STATEMENT_EXECUTE|[54]
13:26:59.0 (18071554)|HEAP_ALLOCATE|[53]|Bytes:5
13:26:59.0 (18080033)|HEAP_ALLOCATE|[53]|Bytes:36
13:26:59.0 (18087178)|VARIABLE_SCOPE_BEGIN|[53]|summ|NJ_SelectOptionLightning|true|false
13:26:59.0 (18116457)|VARIABLE_ASSIGNMENT|[53]|summ|{"colorCode":"#18090E","disabled":false,"escapeItem":false,"iconName":"action:close","label":"Cancelled","total":0,"value":"Cancelled"}|0x74afd917
13:26:59.0 (18122954)|STATEMENT_EXECUTE|[53]
13:26:59.0 (18148711)|VARIABLE_ASSIGNMENT|[EXTERNAL]|this|{"colorCode":"#18090E","disabled":false,"escapeItem":false,"iconName":"action:close","label":"Cancelled","total":0,"value":"Cancelled"}|0x74afd917
13:26:59.0 (18171406)|HEAP_ALLOCATE|[54]|Bytes:9
13:26:59.0 (18184724)|HEAP_ALLOCATE|[54]|Bytes:9
13:26:59.0 (18197198)|STATEMENT_EXECUTE|[54]
13:26:59.0 (18206846)|HEAP_ALLOCATE|[53]|Bytes:5
13:26:59.0 (18215140)|HEAP_ALLOCATE|[53]|Bytes:36
13:26:59.0 (18220355)|VARIABLE_SCOPE_BEGIN|[53]|summ|NJ_SelectOptionLightning|true|false
13:26:59.0 (18247047)|VARIABLE_ASSIGNMENT|[53]|summ|{"colorCode":"#58D68D","disabled":false,"escapeItem":false,"iconName":"action:approval","label":"Completed","total":0,"value":"Completed"}|0x6e6b6561
13:26:59.0 (18255975)|STATEMENT_EXECUTE|[53]
13:26:59.0 (18280577)|VARIABLE_ASSIGNMENT|[EXTERNAL]|this|{"colorCode":"#58D68D","disabled":false,"escapeItem":false,"iconName":"action:approval","label":"Completed","total":0,"value":"Completed"}|0x6e6b6561
13:26:59.0 (18302093)|HEAP_ALLOCATE|[54]|Bytes:9
13:26:59.0 (18321108)|HEAP_ALLOCATE|[54]|Bytes:9
13:26:59.0 (18333596)|STATEMENT_EXECUTE|[54]
13:26:59.0 (18340874)|HEAP_ALLOCATE|[53]|Bytes:5
13:26:59.0 (18350912)|VARIABLE_ASSIGNMENT|[53]|summ|null|
13:26:59.0 (18355878)|STATEMENT_EXECUTE|[58]
13:26:59.0 (18382964)|HEAP_ALLOCATE|[58]|Bytes:1
13:26:59.0 (18400239)|HEAP_ALLOCATE|[58]|Bytes:4
13:26:59.0 (18406711)|VARIABLE_ASSIGNMENT|[58]|totalStatus|2
13:26:59.0 (18413996)|METHOD_ENTRY|[49]||Database.QueryLocatorIterator.hasNext()
13:26:59.0 (18430982)|METHOD_EXIT|[49]||Database.QueryLocatorIterator.hasNext()
13:26:59.0 (18439583)|VARIABLE_ASSIGNMENT|[49]|agr|null|
13:26:59.0 (18452886)|STATEMENT_EXECUTE|[60]
13:26:59.0 (18456202)|HEAP_ALLOCATE|[60]|Bytes:56
13:26:59.0 (18469666)|HEAP_ALLOCATE|[60]|Bytes:4
13:26:59.0 (19013663)|SOQL_EXECUTE_BEGIN|[60]|Aggregations:0|SELECT Id FROM WorkOrder WHERE CaseId = :tmpVar1 LIMIT 1
13:26:59.0 (21246664)|SOQL_EXECUTE_END|[60]|Rows:1
13:26:59.0 (21266516)|HEAP_ALLOCATE|[60]|Bytes:8
13:26:59.0 (21279950)|HEAP_ALLOCATE|[60]|Bytes:29
13:26:59.0 (21334655)|HEAP_ALLOCATE|[60]|Bytes:8
13:26:59.0 (21349772)|VARIABLE_SCOPE_BEGIN|[60]|workOrders|List<WorkOrder>|true|false
13:26:59.0 (21369857)|VARIABLE_ASSIGNMENT|[60]|workOrders|[{"Id":"0WON00000000WJNOA2"}]|0x7b5e1f9
13:26:59.0 (21420514)|STATEMENT_EXECUTE|[66]
13:26:59.0 (21423099)|STATEMENT_EXECUTE|[67]
13:26:59.0 (21429960)|HEAP_ALLOCATE|[67]|Bytes:5
13:26:59.0 (21441679)|VARIABLE_ASSIGNMENT|[67]|this.hasWorkOrder|true|0x6aa9f9cb
13:26:59.0 (21448308)|STATEMENT_EXECUTE|[69]
13:26:59.0 (21454575)|HEAP_ALLOCATE|[69]|Bytes:36
13:26:59.0 (21461141)|HEAP_ALLOCATE|[69]|Bytes:5
13:26:59.0 (21465857)|HEAP_ALLOCATE|[69]|Bytes:23
13:26:59.0 (21478029)|CONSTRUCTOR_ENTRY|[69]|01pN0000000s8L4|<init>(String,String,String,String)|NJ_SelectOptionLightning
13:26:59.0 (21494696)|VARIABLE_SCOPE_BEGIN|[24]|this|NJ_SelectOptionLightning|true|false
13:26:59.0 (21522106)|VARIABLE_ASSIGNMENT|[24]|this|{}|0x863f755
13:26:59.0 (21528524)|VARIABLE_SCOPE_BEGIN|[24]|value|String|false|false
13:26:59.0 (21536930)|VARIABLE_ASSIGNMENT|[24]|value|"Total"
13:26:59.0 (21540813)|VARIABLE_SCOPE_BEGIN|[24]|label|String|false|false
13:26:59.0 (21547338)|VARIABLE_ASSIGNMENT|[24]|label|"Total"
13:26:59.0 (21550915)|VARIABLE_SCOPE_BEGIN|[24]|color|String|false|false
13:26:59.0 (21559089)|VARIABLE_ASSIGNMENT|[24]|color|""
13:26:59.0 (21564791)|VARIABLE_SCOPE_BEGIN|[24]|iconName|String|false|false
13:26:59.0 (21575810)|VARIABLE_ASSIGNMENT|[24]|iconName|"action:add_relations (3 more) ..."
13:26:59.0 (21581511)|STATEMENT_EXECUTE|[6]
13:26:59.0 (21583304)|STATEMENT_EXECUTE|[47]
13:26:59.0 (21584979)|STATEMENT_EXECUTE|[49]
13:26:59.0 (21586502)|STATEMENT_EXECUTE|[51]
13:26:59.0 (21587856)|STATEMENT_EXECUTE|[53]
13:26:59.0 (21589200)|STATEMENT_EXECUTE|[55]
13:26:59.0 (21590569)|STATEMENT_EXECUTE|[58]
13:26:59.0 (21591980)|STATEMENT_EXECUTE|[60]
13:26:59.0 (21593314)|STATEMENT_EXECUTE|[62]
13:26:59.0 (21605883)|STATEMENT_EXECUTE|[24]
13:26:59.0 (21607441)|STATEMENT_EXECUTE|[25]
13:26:59.0 (21630183)|VARIABLE_ASSIGNMENT|[EXTERNAL]|this|{}|0x863f755
13:26:59.0 (21639204)|VARIABLE_ASSIGNMENT|[EXTERNAL]|value|"Total"
13:26:59.0 (21648191)|VARIABLE_ASSIGNMENT|[49]|this.value|"Total"|0x863f755
13:26:59.0 (21656677)|STATEMENT_EXECUTE|[26]
13:26:59.0 (21676545)|VARIABLE_ASSIGNMENT|[EXTERNAL]|this|{"value":"Total"}|0x863f755
13:26:59.0 (21687143)|VARIABLE_ASSIGNMENT|[EXTERNAL]|value|"Total"
13:26:59.0 (21694667)|VARIABLE_ASSIGNMENT|[47]|this.label|"Total"|0x863f755
13:26:59.0 (21702574)|STATEMENT_EXECUTE|[27]
13:26:59.0 (21720439)|VARIABLE_ASSIGNMENT|[EXTERNAL]|this|{"label":"Total","value":"Total"}|0x863f755
13:26:59.0 (21732252)|VARIABLE_ASSIGNMENT|[EXTERNAL]|value|false
13:26:59.0 (21740253)|HEAP_ALLOCATE|[51]|Bytes:5
13:26:59.0 (21746935)|VARIABLE_ASSIGNMENT|[51]|this.disabled|false|0x863f755
13:26:59.0 (21754637)|STATEMENT_EXECUTE|[28]
13:26:59.0 (21773380)|VARIABLE_ASSIGNMENT|[EXTERNAL]|this|{"disabled":false,"label":"Total","value":"Total"}|0x863f755
13:26:59.0 (21782369)|VARIABLE_ASSIGNMENT|[EXTERNAL]|value|false
13:26:59.0 (21789938)|HEAP_ALLOCATE|[53]|Bytes:5
13:26:59.0 (21797402)|VARIABLE_ASSIGNMENT|[53]|this.escapeItem|false|0x863f755
13:26:59.0 (21805096)|STATEMENT_EXECUTE|[29]
13:26:59.0 (21823980)|VARIABLE_ASSIGNMENT|[EXTERNAL]|this|{"disabled":false,"escapeItem":false,"label":"Total","value":"Total"}|0x863f755
13:26:59.0 (21832202)|VARIABLE_ASSIGNMENT|[EXTERNAL]|value|""
13:26:59.0 (21838837)|VARIABLE_ASSIGNMENT|[60]|this.colorCode|""|0x863f755
13:26:59.0 (21850761)|STATEMENT_EXECUTE|[30]
13:26:59.0 (21870883)|VARIABLE_ASSIGNMENT|[EXTERNAL]|this|{"colorCode":"","disabled":false,"escapeItem":false,"label":"Total","value":"Total"}|0x863f755
13:26:59.0 (21880864)|VARIABLE_ASSIGNMENT|[EXTERNAL]|value|"action:add_relations (3 more) ..."
13:26:59.0 (21889808)|VARIABLE_ASSIGNMENT|[62]|this.iconName|"action:add_relations (3 more) ..."|0x863f755
13:26:59.0 (21902851)|STATEMENT_EXECUTE|[31]
13:26:59.0 (21930629)|VARIABLE_ASSIGNMENT|[EXTERNAL]|this|{"colorCode":"","disabled":false,"escapeItem":false,"iconName":"action:add_relations (3 more) ...","label":"Total","value":"Total"}|0x863f755
13:26:59.0 (21940238)|VARIABLE_ASSIGNMENT|[EXTERNAL]|value|0
13:26:59.0 (21945119)|HEAP_ALLOCATE|[55]|Bytes:4
13:26:59.0 (21952056)|VARIABLE_ASSIGNMENT|[55]|this.total|0|0x863f755
13:26:59.0 (21969488)|CONSTRUCTOR_EXIT|[69]|01pN0000000s8L4|<init>(String,String,String,String)|NJ_SelectOptionLightning
13:26:59.0 (21976685)|VARIABLE_SCOPE_BEGIN|[69]|totalOpt|NJ_SelectOptionLightning|true|false
13:26:59.0 (22002452)|VARIABLE_ASSIGNMENT|[69]|totalOpt|{"colorCode":"","disabled":false,"escapeItem":false,"iconName":"action:add_relations (3 more) ...","label":"Total","total":0,"value":"Total"}|0x863f755
13:26:59.0 (22011126)|STATEMENT_EXECUTE|[70]
13:26:59.0 (22047585)|VARIABLE_ASSIGNMENT|[EXTERNAL]|this|{"colorCode":"","disabled":false,"escapeItem":false,"iconName":"action:add_relations (3 more) ...","label":"Total","total":0,"value":"Total"}|0x863f755
13:26:59.0 (22056794)|VARIABLE_ASSIGNMENT|[EXTERNAL]|value|2
13:26:59.0 (22061733)|HEAP_ALLOCATE|[55]|Bytes:4
13:26:59.0 (22069870)|VARIABLE_ASSIGNMENT|[55]|this.total|2|0x863f755
13:26:59.0 (22081024)|STATEMENT_EXECUTE|[71]
13:26:59.0 (22106261)|HEAP_ALLOCATE|[EXTERNAL]|Bytes:4
13:26:59.0 (22114010)|STATEMENT_EXECUTE|[72]
13:26:59.0 (22123599)|SYSTEM_MODE_EXIT|false
13:26:59.22 (22155494)|CUMULATIVE_LIMIT_USAGE
13:26:59.22 (22155494)|LIMIT_USAGE_FOR_NS|(default)|
  Number of SOQL queries: 2 out of 100
  Number of query rows: 3 out of 50000
  Number of SOSL queries: 0 out of 20
  Number of DML statements: 0 out of 150
  Number of DML rows: 0 out of 10000
  Maximum CPU time: 0 out of 10000
  Maximum heap size: 0 out of 6000000
  Number of callouts: 0 out of 100
  Number of Email Invocations: 0 out of 10
  Number of future calls: 0 out of 50
  Number of queueable jobs added to the queue: 0 out of 50
  Number of Mobile Apex push calls: 0 out of 10

13:26:59.22 (22155494)|CUMULATIVE_LIMIT_USAGE_END

13:26:59.0 (22191492)|CODE_UNIT_FINISHED|NJ_ClaimPlannerController.initClaimPlanner(String)
13:26:59.0 (22485135)|CODE_UNIT_FINISHED|Aura
13:26:59.0 (23608413)|EXECUTION_FINISHED
