44.0 APEX_CODE,FINEST;APEX_PROFILING,INFO;CALLOUT,INFO;DB,INFO;NBA,INFO;SYSTEM,DEBUG;VALIDATION,INFO;VISUALFORCE,INFO;WAVE,INFO;WORKFLOW,INFO
13:27:13.0 (86241)|USER_INFO|[EXTERNAL]|005N0000005hvfr|nikhil.jaitly@homerepair.com.uat|Australian Eastern Standard Time|GMT+11:00
13:27:13.0 (123467)|EXECUTION_STARTED
13:27:13.0 (127487)|CODE_UNIT_STARTED|[EXTERNAL]|Aura
13:27:13.0 (773245)|HEAP_ALLOCATE|[72]|Bytes:3
13:27:13.0 (824178)|HEAP_ALLOCATE|[77]|Bytes:152
13:27:13.0 (845129)|HEAP_ALLOCATE|[342]|Bytes:408
13:27:13.0 (859379)|HEAP_ALLOCATE|[355]|Bytes:408
13:27:13.0 (873898)|HEAP_ALLOCATE|[467]|Bytes:48
13:27:13.0 (899326)|HEAP_ALLOCATE|[139]|Bytes:6
13:27:13.0 (930067)|HEAP_ALLOCATE|[EXTERNAL]|Bytes:18
13:27:13.0 (939083)|HEAP_ALLOCATE|[EXTERNAL]|Bytes:18
13:27:13.0 (1670597)|CODE_UNIT_STARTED|[EXTERNAL]|01pN0000000oWSC|LightningFileUploadController.fetchContentDocument(String)
13:27:13.0 (1774348)|HEAP_ALLOCATE|[EXTERNAL]|Bytes:7
13:27:13.0 (1787868)|METHOD_ENTRY|[1]|01pN0000000oWSC|LightningFileUploadController.LightningFileUploadController()
13:27:13.0 (1795721)|STATEMENT_EXECUTE|[1]
13:27:13.0 (1801173)|STATEMENT_EXECUTE|[1]
13:27:13.0 (1805422)|METHOD_EXIT|[1]|LightningFileUploadController
13:27:13.0 (1810837)|HEAP_ALLOCATE|[EXTERNAL]|Bytes:18
13:27:13.0 (1821781)|SYSTEM_MODE_ENTER|false
13:27:13.0 (1830827)|VARIABLE_SCOPE_BEGIN|[23]|caseId|String|false|false
13:27:13.0 (1856304)|VARIABLE_ASSIGNMENT|[23]|caseId|"500N000000CYOT2IAP"
13:27:13.0 (1867156)|STATEMENT_EXECUTE|[23]
13:27:13.0 (1868984)|STATEMENT_EXECUTE|[24]
13:27:13.0 (1920161)|HEAP_ALLOCATE|[24]|Bytes:4
13:27:13.0 (1995393)|VARIABLE_SCOPE_BEGIN|[24]|ContentDocumentLinkList|List<ContentDocumentLink>|true|false
13:27:13.0 (2008194)|HEAP_ALLOCATE|[EXTERNAL]|Bytes:4
13:27:13.0 (2021737)|VARIABLE_ASSIGNMENT|[24]|ContentDocumentLinkList|[]|0x50e62882
13:27:13.0 (2058496)|HEAP_ALLOCATE|[50]|Bytes:5
13:27:13.0 (2081750)|HEAP_ALLOCATE|[56]|Bytes:5
13:27:13.0 (2089898)|HEAP_ALLOCATE|[64]|Bytes:7
13:27:13.0 (2121725)|STATEMENT_EXECUTE|[25]
13:27:13.0 (2123770)|STATEMENT_EXECUTE|[26]
13:27:13.0 (2126408)|HEAP_ALLOCATE|[26]|Bytes:305
13:27:13.0 (2142456)|HEAP_ALLOCATE|[26]|Bytes:4
13:27:13.0 (2151784)|HEAP_ALLOCATE|[26]|Bytes:7
13:27:13.0 (5095328)|SOQL_EXECUTE_BEGIN|[26]|Aggregations:0|SELECT id, ContentDocumentId, ContentDocument.LatestPublishedVersion.Title, ContentDocument.LatestPublishedVersion.LastModifiedBy.Name, ContentDocument.Description FROM ContentDocumentLink WHERE LinkedEntityId = :tmpVar1 ORDER BY ContentDocument.LatestPublishedVersion.CreatedDate DESC NULLS FIRST LIMIT 5
13:27:13.0 (24712846)|SOQL_EXECUTE_END|[26]|Rows:1
13:27:13.0 (24747210)|HEAP_ALLOCATE|[26]|Bytes:8
13:27:13.0 (24778249)|HEAP_ALLOCATE|[26]|Bytes:367
13:27:13.0 (24827545)|HEAP_ALLOCATE|[26]|Bytes:8
13:27:13.0 (24894820)|VARIABLE_ASSIGNMENT|[26]|ContentDocumentLinkList|[{"Id":"06AN0000002AIVkMAO","ContentDocumentId":"069N0000001QRzgIAG","ContentDocument":{"LatestPublishedVersionId":"068N0000001QEYeIAO","Id":"069N0000001QRzgIAG","LatestPublishedVersion":{"Title":"AssementReport-500N0 (17 more) ...","LastModifiedById":"005N00000056f2VIAQ","Id":"068N0000001QEYeIAO","LastModifiedBy":{"Name":"Chelsea Briggs","Id":"005N00000056f2VIAQ"}}}}]|0xb3e29b0
13:27:13.0 (24908339)|STATEMENT_EXECUTE|[28]
13:27:13.0 (24923156)|SYSTEM_MODE_EXIT|false
13:27:13.24 (24957551)|CUMULATIVE_LIMIT_USAGE
13:27:13.24 (24957551)|LIMIT_USAGE_FOR_NS|(default)|
  Number of SOQL queries: 1 out of 100
  Number of query rows: 1 out of 50000
  Number of SOSL queries: 0 out of 20
  Number of DML statements: 0 out of 150
  Number of DML rows: 0 out of 10000
  Maximum CPU time: 0 out of 10000
  Maximum heap size: 0 out of 6000000
  Number of callouts: 0 out of 100
  Number of Email Invocations: 0 out of 10
  Number of future calls: 0 out of 50
  Number of queueable jobs added to the queue: 0 out of 50
  Number of Mobile Apex push calls: 0 out of 10

13:27:13.24 (24957551)|CUMULATIVE_LIMIT_USAGE_END

13:27:13.0 (24994120)|CODE_UNIT_FINISHED|LightningFileUploadController.fetchContentDocument(String)
13:27:13.0 (25079674)|CODE_UNIT_FINISHED|Aura
13:27:13.0 (26261917)|EXECUTION_FINISHED
