44.0 APEX_CODE,FINEST;APEX_PROFILING,INFO;CALLOUT,INFO;DB,INFO;NBA,INFO;SYSTEM,DEBUG;VALIDATION,INFO;VISUALFORCE,INFO;WAVE,INFO;WORKFLOW,INFO
13:27:38.0 (87935)|USER_INFO|[EXTERNAL]|005N0000005hvfr|nikhil.jaitly@homerepair.com.uat|Australian Eastern Standard Time|GMT+11:00
13:27:38.0 (122728)|EXECUTION_STARTED
13:27:38.0 (127343)|CODE_UNIT_STARTED|[EXTERNAL]|Aura
13:27:38.0 (720105)|HEAP_ALLOCATE|[72]|Bytes:3
13:27:38.0 (778896)|HEAP_ALLOCATE|[77]|Bytes:152
13:27:38.0 (797160)|HEAP_ALLOCATE|[342]|Bytes:408
13:27:38.0 (810899)|HEAP_ALLOCATE|[355]|Bytes:408
13:27:38.0 (821698)|HEAP_ALLOCATE|[467]|Bytes:48
13:27:38.0 (845998)|HEAP_ALLOCATE|[139]|Bytes:6
13:27:38.0 (865705)|HEAP_ALLOCATE|[EXTERNAL]|Bytes:15
13:27:38.0 (874558)|HEAP_ALLOCATE|[EXTERNAL]|Bytes:15
13:27:38.0 (1621233)|CODE_UNIT_STARTED|[EXTERNAL]|01pN0000000s8L1|NJ_ClaimPlannerController.initClaimPlanner(String)
13:27:38.0 (1684298)|VARIABLE_SCOPE_BEGIN|[12]|NJ_ClaimPlannerController.summaryLabelMap|Map<String,NJ_ClaimPlannerController.SummVal>|true|true
13:27:38.0 (1735399)|HEAP_ALLOCATE|[EXTERNAL]|Bytes:28
13:27:38.0 (1743801)|HEAP_ALLOCATE|[EXTERNAL]|Bytes:2
13:27:38.0 (1747778)|HEAP_ALLOCATE|[EXTERNAL]|Bytes:2
13:27:38.0 (1823065)|METHOD_ENTRY|[1]|01pN0000000s8L1|NJ_ClaimPlannerController.NJ_ClaimPlannerController()
13:27:38.0 (1831865)|STATEMENT_EXECUTE|[1]
13:27:38.0 (1837542)|STATEMENT_EXECUTE|[1]
13:27:38.0 (1874203)|HEAP_ALLOCATE|[50]|Bytes:5
13:27:38.0 (1900389)|HEAP_ALLOCATE|[56]|Bytes:5
13:27:38.0 (1909373)|HEAP_ALLOCATE|[64]|Bytes:7
13:27:38.0 (1928045)|SYSTEM_MODE_ENTER|false
13:27:38.0 (1942469)|HEAP_ALLOCATE|[12]|Bytes:5
13:27:38.0 (1947572)|STATEMENT_EXECUTE|[2]
13:27:38.0 (1949565)|STATEMENT_EXECUTE|[12]
13:27:38.0 (1963261)|HEAP_ALLOCATE|[12]|Bytes:4
13:27:38.0 (2000833)|HEAP_ALLOCATE|[12]|Bytes:3
13:27:38.0 (2010869)|HEAP_ALLOCATE|[12]|Bytes:1
13:27:38.0 (2017486)|HEAP_ALLOCATE|[12]|Bytes:16
13:27:38.0 (2021546)|HEAP_ALLOCATE|[12]|Bytes:7
13:27:38.0 (2025318)|HEAP_ALLOCATE|[12]|Bytes:18
13:27:38.0 (2039964)|CONSTRUCTOR_ENTRY|[12]|01pN0000000s8L1|<init>(String,String,String)|NJ_ClaimPlannerController.SummVal
13:27:38.0 (2065767)|VARIABLE_SCOPE_BEGIN|[6]|this|NJ_ClaimPlannerController.SummVal|true|false
13:27:38.0 (2107014)|VARIABLE_ASSIGNMENT|[6]|this|{}|0x66988f7
13:27:38.0 (2115191)|VARIABLE_SCOPE_BEGIN|[6]|lbl|String|false|false
13:27:38.0 (2126384)|VARIABLE_ASSIGNMENT|[6]|lbl|"New"
13:27:38.0 (2130775)|VARIABLE_SCOPE_BEGIN|[6]|code|String|false|false
13:27:38.0 (2139183)|VARIABLE_ASSIGNMENT|[6]|code|"#A2D9CE"
13:27:38.0 (2143167)|VARIABLE_SCOPE_BEGIN|[6]|iconName|String|false|false
13:27:38.0 (2150834)|VARIABLE_ASSIGNMENT|[6]|iconName|"action:description"
13:27:38.0 (2156821)|STATEMENT_EXECUTE|[2]
13:27:38.0 (2158705)|STATEMENT_EXECUTE|[3]
13:27:38.0 (2160908)|STATEMENT_EXECUTE|[4]
13:27:38.0 (2162539)|STATEMENT_EXECUTE|[5]
13:27:38.0 (2168500)|HEAP_ALLOCATE|[7]|Bytes:6
13:27:38.0 (2198803)|STATEMENT_EXECUTE|[6]
13:27:38.0 (2200648)|STATEMENT_EXECUTE|[7]
13:27:38.0 (2210659)|VARIABLE_ASSIGNMENT|[7]|this.label|"New"|0x66988f7
13:27:38.0 (2216593)|STATEMENT_EXECUTE|[8]
13:27:38.0 (2221441)|VARIABLE_ASSIGNMENT|[8]|this.colorCode|"#A2D9CE"|0x66988f7
13:27:38.0 (2227814)|STATEMENT_EXECUTE|[9]
13:27:38.0 (2232465)|VARIABLE_ASSIGNMENT|[9]|this.iconName|"action:description"|0x66988f7
13:27:38.0 (2243779)|CONSTRUCTOR_EXIT|[12]|01pN0000000s8L1|<init>(String,String,String)|NJ_ClaimPlannerController.SummVal
13:27:38.0 (2270530)|HEAP_ALLOCATE|[13]|Bytes:9
13:27:38.0 (2276821)|HEAP_ALLOCATE|[13]|Bytes:16
13:27:38.0 (2281298)|HEAP_ALLOCATE|[13]|Bytes:7
13:27:38.0 (2284641)|HEAP_ALLOCATE|[13]|Bytes:11
13:27:38.0 (2291443)|CONSTRUCTOR_ENTRY|[13]|01pN0000000s8L1|<init>(String,String,String)|NJ_ClaimPlannerController.SummVal
13:27:38.0 (2304489)|VARIABLE_SCOPE_BEGIN|[6]|this|NJ_ClaimPlannerController.SummVal|true|false
13:27:38.0 (2320156)|VARIABLE_ASSIGNMENT|[6]|this|{}|0x7d6881a
13:27:38.0 (2325611)|VARIABLE_SCOPE_BEGIN|[6]|lbl|String|false|false
13:27:38.0 (2334612)|VARIABLE_ASSIGNMENT|[6]|lbl|"Tentative"
13:27:38.0 (2338592)|VARIABLE_SCOPE_BEGIN|[6]|code|String|false|false
13:27:38.0 (2346587)|VARIABLE_ASSIGNMENT|[6]|code|"#F4D03F"
13:27:38.0 (2350338)|VARIABLE_SCOPE_BEGIN|[6]|iconName|String|false|false
13:27:38.0 (2358649)|VARIABLE_ASSIGNMENT|[6]|iconName|"action:info"
13:27:38.0 (2363876)|STATEMENT_EXECUTE|[2]
13:27:38.0 (2365474)|STATEMENT_EXECUTE|[3]
13:27:38.0 (2366918)|STATEMENT_EXECUTE|[4]
13:27:38.0 (2368375)|STATEMENT_EXECUTE|[5]
13:27:38.0 (2377349)|STATEMENT_EXECUTE|[6]
13:27:38.0 (2378846)|STATEMENT_EXECUTE|[7]
13:27:38.0 (2384664)|VARIABLE_ASSIGNMENT|[7]|this.label|"Tentative"|0x7d6881a
13:27:38.0 (2390888)|STATEMENT_EXECUTE|[8]
13:27:38.0 (2395324)|VARIABLE_ASSIGNMENT|[8]|this.colorCode|"#F4D03F"|0x7d6881a
13:27:38.0 (2399522)|STATEMENT_EXECUTE|[9]
13:27:38.0 (2404194)|VARIABLE_ASSIGNMENT|[9]|this.iconName|"action:info"|0x7d6881a
13:27:38.0 (2413467)|CONSTRUCTOR_EXIT|[13]|01pN0000000s8L1|<init>(String,String,String)|NJ_ClaimPlannerController.SummVal
13:27:38.0 (2429159)|HEAP_ALLOCATE|[15]|Bytes:21
13:27:38.0 (2435074)|HEAP_ALLOCATE|[15]|Bytes:16
13:27:38.0 (2438304)|HEAP_ALLOCATE|[15]|Bytes:9
13:27:38.0 (2441841)|HEAP_ALLOCATE|[15]|Bytes:7
13:27:38.0 (2445149)|HEAP_ALLOCATE|[15]|Bytes:26
13:27:38.0 (2451543)|CONSTRUCTOR_ENTRY|[15]|01pN0000000s8L1|<init>(String,String,String)|NJ_ClaimPlannerController.SummVal
13:27:38.0 (2463342)|VARIABLE_SCOPE_BEGIN|[6]|this|NJ_ClaimPlannerController.SummVal|true|false
13:27:38.0 (2476246)|VARIABLE_ASSIGNMENT|[6]|this|{}|0x4a97b1b5
13:27:38.0 (2481697)|VARIABLE_SCOPE_BEGIN|[6]|lbl|String|false|false
13:27:38.0 (2489025)|VARIABLE_ASSIGNMENT|[6]|lbl|"AwaitConf"
13:27:38.0 (2492881)|VARIABLE_SCOPE_BEGIN|[6]|code|String|false|false
13:27:38.0 (2500231)|VARIABLE_ASSIGNMENT|[6]|code|"#1132D5"
13:27:38.0 (2503764)|VARIABLE_SCOPE_BEGIN|[6]|iconName|String|false|false
13:27:38.0 (2513323)|VARIABLE_ASSIGNMENT|[6]|iconName|"action:submit_for_ap (6 more) ..."
13:27:38.0 (2517667)|STATEMENT_EXECUTE|[2]
13:27:38.0 (2519211)|STATEMENT_EXECUTE|[3]
13:27:38.0 (2520688)|STATEMENT_EXECUTE|[4]
13:27:38.0 (2522103)|STATEMENT_EXECUTE|[5]
13:27:38.0 (2530065)|STATEMENT_EXECUTE|[6]
13:27:38.0 (2531492)|STATEMENT_EXECUTE|[7]
13:27:38.0 (2536605)|VARIABLE_ASSIGNMENT|[7]|this.label|"AwaitConf"|0x4a97b1b5
13:27:38.0 (2541864)|STATEMENT_EXECUTE|[8]
13:27:38.0 (2546653)|VARIABLE_ASSIGNMENT|[8]|this.colorCode|"#1132D5"|0x4a97b1b5
13:27:38.0 (2551879)|STATEMENT_EXECUTE|[9]
13:27:38.0 (2557693)|VARIABLE_ASSIGNMENT|[9]|this.iconName|"action:submit_for_ap (6 more) ..."|0x4a97b1b5
13:27:38.0 (2565780)|CONSTRUCTOR_EXIT|[15]|01pN0000000s8L1|<init>(String,String,String)|NJ_ClaimPlannerController.SummVal
13:27:38.0 (2579027)|HEAP_ALLOCATE|[16]|Bytes:9
13:27:38.0 (2584383)|HEAP_ALLOCATE|[16]|Bytes:16
13:27:38.0 (2588071)|HEAP_ALLOCATE|[16]|Bytes:7
13:27:38.0 (2591147)|HEAP_ALLOCATE|[16]|Bytes:11
13:27:38.0 (2598394)|CONSTRUCTOR_ENTRY|[16]|01pN0000000s8L1|<init>(String,String,String)|NJ_ClaimPlannerController.SummVal
13:27:38.0 (2610275)|VARIABLE_SCOPE_BEGIN|[6]|this|NJ_ClaimPlannerController.SummVal|true|false
13:27:38.0 (2623818)|VARIABLE_ASSIGNMENT|[6]|this|{}|0xf3b620
13:27:38.0 (2629456)|VARIABLE_SCOPE_BEGIN|[6]|lbl|String|false|false
13:27:38.0 (2637214)|VARIABLE_ASSIGNMENT|[6]|lbl|"Confirmed"
13:27:38.0 (2641821)|VARIABLE_SCOPE_BEGIN|[6]|code|String|false|false
13:27:38.0 (2648800)|VARIABLE_ASSIGNMENT|[6]|code|"#85C1E9"
13:27:38.0 (2652730)|VARIABLE_SCOPE_BEGIN|[6]|iconName|String|false|false
13:27:38.0 (2659930)|VARIABLE_ASSIGNMENT|[6]|iconName|"action:user"
13:27:38.0 (2665061)|STATEMENT_EXECUTE|[2]
13:27:38.0 (2666743)|STATEMENT_EXECUTE|[3]
13:27:38.0 (2668385)|STATEMENT_EXECUTE|[4]
13:27:38.0 (2669805)|STATEMENT_EXECUTE|[5]
13:27:38.0 (2677398)|STATEMENT_EXECUTE|[6]
13:27:38.0 (2678999)|STATEMENT_EXECUTE|[7]
13:27:38.0 (2684088)|VARIABLE_ASSIGNMENT|[7]|this.label|"Confirmed"|0xf3b620
13:27:38.0 (2689576)|STATEMENT_EXECUTE|[8]
13:27:38.0 (2693751)|VARIABLE_ASSIGNMENT|[8]|this.colorCode|"#85C1E9"|0xf3b620
13:27:38.0 (2698453)|STATEMENT_EXECUTE|[9]
13:27:38.0 (2702636)|VARIABLE_ASSIGNMENT|[9]|this.iconName|"action:user"|0xf3b620
13:27:38.0 (2710738)|CONSTRUCTOR_EXIT|[16]|01pN0000000s8L1|<init>(String,String,String)|NJ_ClaimPlannerController.SummVal
13:27:38.0 (2724635)|HEAP_ALLOCATE|[17]|Bytes:15
13:27:38.0 (2729750)|HEAP_ALLOCATE|[17]|Bytes:16
13:27:38.0 (2733545)|HEAP_ALLOCATE|[17]|Bytes:9
13:27:38.0 (2738318)|HEAP_ALLOCATE|[17]|Bytes:7
13:27:38.0 (2743055)|HEAP_ALLOCATE|[17]|Bytes:13
13:27:38.0 (2749537)|CONSTRUCTOR_ENTRY|[17]|01pN0000000s8L1|<init>(String,String,String)|NJ_ClaimPlannerController.SummVal
13:27:38.0 (2761509)|VARIABLE_SCOPE_BEGIN|[6]|this|NJ_ClaimPlannerController.SummVal|true|false
13:27:38.0 (2774455)|VARIABLE_ASSIGNMENT|[6]|this|{}|0xe8042be
13:27:38.0 (2780100)|VARIABLE_SCOPE_BEGIN|[6]|lbl|String|false|false
13:27:38.0 (2788277)|VARIABLE_ASSIGNMENT|[6]|lbl|"CantCompl"
13:27:38.0 (2792049)|VARIABLE_SCOPE_BEGIN|[6]|code|String|false|false
13:27:38.0 (2800021)|VARIABLE_ASSIGNMENT|[6]|code|"#EC7063"
13:27:38.0 (2803457)|VARIABLE_SCOPE_BEGIN|[6]|iconName|String|false|false
13:27:38.0 (2810505)|VARIABLE_ASSIGNMENT|[6]|iconName|"action:reject"
13:27:38.0 (2814969)|STATEMENT_EXECUTE|[2]
13:27:38.0 (2816409)|STATEMENT_EXECUTE|[3]
13:27:38.0 (2817832)|STATEMENT_EXECUTE|[4]
13:27:38.0 (2819344)|STATEMENT_EXECUTE|[5]
13:27:38.0 (2826973)|STATEMENT_EXECUTE|[6]
13:27:38.0 (2828493)|STATEMENT_EXECUTE|[7]
13:27:38.0 (2833612)|VARIABLE_ASSIGNMENT|[7]|this.label|"CantCompl"|0xe8042be
13:27:38.0 (2838561)|STATEMENT_EXECUTE|[8]
13:27:38.0 (2842710)|VARIABLE_ASSIGNMENT|[8]|this.colorCode|"#EC7063"|0xe8042be
13:27:38.0 (2847925)|STATEMENT_EXECUTE|[9]
13:27:38.0 (2852315)|VARIABLE_ASSIGNMENT|[9]|this.iconName|"action:reject"|0xe8042be
13:27:38.0 (2860182)|CONSTRUCTOR_EXIT|[17]|01pN0000000s8L1|<init>(String,String,String)|NJ_ClaimPlannerController.SummVal
13:27:38.0 (2873401)|HEAP_ALLOCATE|[18]|Bytes:9
13:27:38.0 (2878197)|HEAP_ALLOCATE|[18]|Bytes:16
13:27:38.0 (2882178)|HEAP_ALLOCATE|[18]|Bytes:7
13:27:38.0 (2885164)|HEAP_ALLOCATE|[18]|Bytes:12
13:27:38.0 (2891626)|CONSTRUCTOR_ENTRY|[18]|01pN0000000s8L1|<init>(String,String,String)|NJ_ClaimPlannerController.SummVal
13:27:38.0 (2902186)|VARIABLE_SCOPE_BEGIN|[6]|this|NJ_ClaimPlannerController.SummVal|true|false
13:27:38.0 (2914710)|VARIABLE_ASSIGNMENT|[6]|this|{}|0x3da59d2c
13:27:38.0 (2920757)|VARIABLE_SCOPE_BEGIN|[6]|lbl|String|false|false
13:27:38.0 (2928469)|VARIABLE_ASSIGNMENT|[6]|lbl|"Cancelled"
13:27:38.0 (2932819)|VARIABLE_SCOPE_BEGIN|[6]|code|String|false|false
13:27:38.0 (2940879)|VARIABLE_ASSIGNMENT|[6]|code|"#18090E"
13:27:38.0 (2944317)|VARIABLE_SCOPE_BEGIN|[6]|iconName|String|false|false
13:27:38.0 (2951851)|VARIABLE_ASSIGNMENT|[6]|iconName|"action:close"
13:27:38.0 (2956266)|STATEMENT_EXECUTE|[2]
13:27:38.0 (2957712)|STATEMENT_EXECUTE|[3]
13:27:38.0 (2959128)|STATEMENT_EXECUTE|[4]
13:27:38.0 (2960558)|STATEMENT_EXECUTE|[5]
13:27:38.0 (2967825)|STATEMENT_EXECUTE|[6]
13:27:38.0 (2969298)|STATEMENT_EXECUTE|[7]
13:27:38.0 (2974116)|VARIABLE_ASSIGNMENT|[7]|this.label|"Cancelled"|0x3da59d2c
13:27:38.0 (2979401)|STATEMENT_EXECUTE|[8]
13:27:38.0 (2983804)|VARIABLE_ASSIGNMENT|[8]|this.colorCode|"#18090E"|0x3da59d2c
13:27:38.0 (2993201)|STATEMENT_EXECUTE|[9]
13:27:38.0 (2997467)|VARIABLE_ASSIGNMENT|[9]|this.iconName|"action:close"|0x3da59d2c
13:27:38.0 (3006161)|CONSTRUCTOR_EXIT|[18]|01pN0000000s8L1|<init>(String,String,String)|NJ_ClaimPlannerController.SummVal
13:27:38.0 (3020911)|HEAP_ALLOCATE|[19]|Bytes:9
13:27:38.0 (3025722)|HEAP_ALLOCATE|[19]|Bytes:16
13:27:38.0 (3029289)|HEAP_ALLOCATE|[19]|Bytes:7
13:27:38.0 (3032218)|HEAP_ALLOCATE|[19]|Bytes:15
13:27:38.0 (3038098)|CONSTRUCTOR_ENTRY|[19]|01pN0000000s8L1|<init>(String,String,String)|NJ_ClaimPlannerController.SummVal
13:27:38.0 (3049048)|VARIABLE_SCOPE_BEGIN|[6]|this|NJ_ClaimPlannerController.SummVal|true|false
13:27:38.0 (3061687)|VARIABLE_ASSIGNMENT|[6]|this|{}|0x4ac89934
13:27:38.0 (3066976)|VARIABLE_SCOPE_BEGIN|[6]|lbl|String|false|false
13:27:38.0 (3075508)|VARIABLE_ASSIGNMENT|[6]|lbl|"Completed"
13:27:38.0 (3080023)|VARIABLE_SCOPE_BEGIN|[6]|code|String|false|false
13:27:38.0 (3087382)|VARIABLE_ASSIGNMENT|[6]|code|"#58D68D"
13:27:38.0 (3091016)|VARIABLE_SCOPE_BEGIN|[6]|iconName|String|false|false
13:27:38.0 (3099278)|VARIABLE_ASSIGNMENT|[6]|iconName|"action:approval"
13:27:38.0 (3103671)|STATEMENT_EXECUTE|[2]
13:27:38.0 (3105445)|STATEMENT_EXECUTE|[3]
13:27:38.0 (3107235)|STATEMENT_EXECUTE|[4]
13:27:38.0 (3108713)|STATEMENT_EXECUTE|[5]
13:27:38.0 (3115985)|STATEMENT_EXECUTE|[6]
13:27:38.0 (3117403)|STATEMENT_EXECUTE|[7]
13:27:38.0 (3122615)|VARIABLE_ASSIGNMENT|[7]|this.label|"Completed"|0x4ac89934
13:27:38.0 (3127635)|STATEMENT_EXECUTE|[8]
13:27:38.0 (3132226)|VARIABLE_ASSIGNMENT|[8]|this.colorCode|"#58D68D"|0x4ac89934
13:27:38.0 (3136947)|STATEMENT_EXECUTE|[9]
13:27:38.0 (3141259)|VARIABLE_ASSIGNMENT|[9]|this.iconName|"action:approval"|0x4ac89934
13:27:38.0 (3149640)|CONSTRUCTOR_EXIT|[19]|01pN0000000s8L1|<init>(String,String,String)|NJ_ClaimPlannerController.SummVal
13:27:38.0 (3184699)|VARIABLE_ASSIGNMENT|[12]|NJ_ClaimPlannerController.summaryLabelMap|"Map of size 7 too large to display"|0x579764fb
13:27:38.0 (3191638)|STATEMENT_EXECUTE|[31]
13:27:38.0 (3198938)|SYSTEM_MODE_EXIT|false
13:27:38.0 (3208321)|METHOD_EXIT|[1]|NJ_ClaimPlannerController
13:27:38.0 (3214162)|HEAP_ALLOCATE|[EXTERNAL]|Bytes:15
13:27:38.0 (3221757)|SYSTEM_MODE_ENTER|false
13:27:38.0 (3226886)|VARIABLE_SCOPE_BEGIN|[42]|claimId|String|false|false
13:27:38.0 (3235984)|VARIABLE_ASSIGNMENT|[42]|claimId|"500N000000CYOT2"
13:27:38.0 (3248342)|HEAP_ALLOCATE|[43]|Bytes:5
13:27:38.0 (3253153)|STATEMENT_EXECUTE|[42]
13:27:38.0 (3254936)|STATEMENT_EXECUTE|[43]
13:27:38.0 (3291554)|USER_DEBUG|[43]|DEBUG|500N000000CYOT2
13:27:38.0 (3301201)|STATEMENT_EXECUTE|[44]
13:27:38.0 (3341163)|HEAP_ALLOCATE|[44]|Bytes:2
13:27:38.0 (3349492)|HEAP_ALLOCATE|[44]|Bytes:12
13:27:38.0 (3358262)|CONSTRUCTOR_ENTRY|[44]|01pN0000000s8L1|<init>()|NJ_ClaimPlannerController.ClaimPlannerInitInfo
13:27:38.0 (3372055)|VARIABLE_SCOPE_BEGIN|[36]|this|NJ_ClaimPlannerController.ClaimPlannerInitInfo|true|false
13:27:38.0 (3389428)|VARIABLE_ASSIGNMENT|[36]|this|{}|0x5b8e4905
13:27:38.0 (3396983)|STATEMENT_EXECUTE|[31]
13:27:38.0 (3398652)|STATEMENT_EXECUTE|[33]
13:27:38.0 (3400126)|STATEMENT_EXECUTE|[35]
13:27:38.0 (3410239)|STATEMENT_EXECUTE|[36]
13:27:38.0 (3411706)|STATEMENT_EXECUTE|[37]
13:27:38.0 (3511363)|HEAP_ALLOCATE|[37]|Bytes:4
13:27:38.0 (3579175)|HEAP_ALLOCATE|[EXTERNAL]|Bytes:4
13:27:38.0 (3593315)|VARIABLE_ASSIGNMENT|[37]|this.summaries|[]|0x5b8e4905
13:27:38.0 (3599181)|STATEMENT_EXECUTE|[38]
13:27:38.0 (3606194)|HEAP_ALLOCATE|[38]|Bytes:5
13:27:38.0 (3613849)|VARIABLE_ASSIGNMENT|[38]|this.hasWorkOrder|false|0x5b8e4905
13:27:38.0 (3623153)|CONSTRUCTOR_EXIT|[44]|01pN0000000s8L1|<init>()|NJ_ClaimPlannerController.ClaimPlannerInitInfo
13:27:38.0 (3630546)|VARIABLE_SCOPE_BEGIN|[44]|cpii|NJ_ClaimPlannerController.ClaimPlannerInitInfo|true|false
13:27:38.0 (3652421)|VARIABLE_ASSIGNMENT|[44]|cpii|{"hasWorkOrder":false,"summaries":"0x4ad3e3a5"}|0x5b8e4905
13:27:38.0 (3667252)|HEAP_ALLOCATE|[45]|Bytes:4
13:27:38.0 (3714399)|HEAP_ALLOCATE|[45]|Bytes:107
13:27:38.0 (3735797)|HEAP_ALLOCATE|[45]|Bytes:28
13:27:38.0 (3782979)|HEAP_ALLOCATE|[45]|Bytes:5
13:27:38.0 (3800464)|VARIABLE_SCOPE_BEGIN|[45]|summLabel|String|false|false
13:27:38.0 (3811956)|VARIABLE_ASSIGNMENT|[45]|summLabel|"New"
13:27:38.0 (3817065)|STATEMENT_EXECUTE|[45]
13:27:38.0 (3818628)|STATEMENT_EXECUTE|[46]
13:27:38.0 (3829777)|HEAP_ALLOCATE|[46]|Bytes:244
13:27:38.0 (3835779)|HEAP_ALLOCATE|[46]|Bytes:40
13:27:38.0 (3843759)|METHOD_ENTRY|[6]|01pN0000000s8L4|NJ_SelectOptionLightning.NJ_SelectOptionLightning()
13:27:38.0 (3849874)|STATEMENT_EXECUTE|[6]
13:27:38.0 (3852350)|STATEMENT_EXECUTE|[6]
13:27:38.0 (3855619)|METHOD_EXIT|[6]|NJ_SelectOptionLightning
13:27:38.0 (3861661)|HEAP_ALLOCATE|[46]|Bytes:36
13:27:38.0 (3914866)|CONSTRUCTOR_ENTRY|[46]|01pN0000000s8L4|<init>(String,String,String,String)|NJ_SelectOptionLightning
13:27:38.0 (3923443)|VARIABLE_SCOPE_BEGIN|[24]|this|NJ_SelectOptionLightning|true|false
13:27:38.0 (3950105)|VARIABLE_ASSIGNMENT|[24]|this|{}|0x44dcc2f2
13:27:38.0 (3956537)|VARIABLE_SCOPE_BEGIN|[24]|value|String|false|false
13:27:38.0 (3965094)|VARIABLE_ASSIGNMENT|[24]|value|"New"
13:27:38.0 (3969746)|VARIABLE_SCOPE_BEGIN|[24]|label|String|false|false
13:27:38.0 (3976594)|VARIABLE_ASSIGNMENT|[24]|label|"New"
13:27:38.0 (3980191)|VARIABLE_SCOPE_BEGIN|[24]|color|String|false|false
13:27:38.0 (3993760)|VARIABLE_ASSIGNMENT|[24]|color|"#A2D9CE"
13:27:38.0 (3997570)|VARIABLE_SCOPE_BEGIN|[24]|iconName|String|false|false
13:27:38.0 (4005046)|VARIABLE_ASSIGNMENT|[24]|iconName|"action:description"
13:27:38.0 (4010688)|STATEMENT_EXECUTE|[6]
13:27:38.0 (4012267)|STATEMENT_EXECUTE|[47]
13:27:38.0 (4014182)|STATEMENT_EXECUTE|[49]
13:27:38.0 (4015630)|STATEMENT_EXECUTE|[51]
13:27:38.0 (4016960)|STATEMENT_EXECUTE|[53]
13:27:38.0 (4018491)|STATEMENT_EXECUTE|[55]
13:27:38.0 (4019910)|STATEMENT_EXECUTE|[58]
13:27:38.0 (4021588)|STATEMENT_EXECUTE|[60]
13:27:38.0 (4023015)|STATEMENT_EXECUTE|[62]
13:27:38.0 (4035056)|STATEMENT_EXECUTE|[24]
13:27:38.0 (4037052)|STATEMENT_EXECUTE|[25]
13:27:38.0 (4067104)|VARIABLE_ASSIGNMENT|[EXTERNAL]|this|{}|0x44dcc2f2
13:27:38.0 (4077308)|VARIABLE_ASSIGNMENT|[EXTERNAL]|value|"New"
13:27:38.0 (4087018)|VARIABLE_ASSIGNMENT|[49]|this.value|"New"|0x44dcc2f2
13:27:38.0 (4095392)|STATEMENT_EXECUTE|[26]
13:27:38.0 (4119956)|VARIABLE_ASSIGNMENT|[EXTERNAL]|this|{"value":"New"}|0x44dcc2f2
13:27:38.0 (4129009)|VARIABLE_ASSIGNMENT|[EXTERNAL]|value|"New"
13:27:38.0 (4136301)|VARIABLE_ASSIGNMENT|[47]|this.label|"New"|0x44dcc2f2
13:27:38.0 (4144762)|STATEMENT_EXECUTE|[27]
13:27:38.0 (4168022)|VARIABLE_ASSIGNMENT|[EXTERNAL]|this|{"label":"New","value":"New"}|0x44dcc2f2
13:27:38.0 (4179245)|VARIABLE_ASSIGNMENT|[EXTERNAL]|value|false
13:27:38.0 (4185411)|HEAP_ALLOCATE|[51]|Bytes:5
13:27:38.0 (4192042)|VARIABLE_ASSIGNMENT|[51]|this.disabled|false|0x44dcc2f2
13:27:38.0 (4200238)|STATEMENT_EXECUTE|[28]
13:27:38.0 (4223964)|VARIABLE_ASSIGNMENT|[EXTERNAL]|this|{"disabled":false,"label":"New","value":"New"}|0x44dcc2f2
13:27:38.0 (4233771)|VARIABLE_ASSIGNMENT|[EXTERNAL]|value|false
13:27:38.0 (4239167)|HEAP_ALLOCATE|[53]|Bytes:5
13:27:38.0 (4245171)|VARIABLE_ASSIGNMENT|[53]|this.escapeItem|false|0x44dcc2f2
13:27:38.0 (4253582)|STATEMENT_EXECUTE|[29]
13:27:38.0 (4276419)|VARIABLE_ASSIGNMENT|[EXTERNAL]|this|{"disabled":false,"escapeItem":false,"label":"New","value":"New"}|0x44dcc2f2
13:27:38.0 (4286303)|VARIABLE_ASSIGNMENT|[EXTERNAL]|value|"#A2D9CE"
13:27:38.0 (4294006)|VARIABLE_ASSIGNMENT|[60]|this.colorCode|"#A2D9CE"|0x44dcc2f2
13:27:38.0 (4302332)|STATEMENT_EXECUTE|[30]
13:27:38.0 (4325631)|VARIABLE_ASSIGNMENT|[EXTERNAL]|this|{"colorCode":"#A2D9CE","disabled":false,"escapeItem":false,"label":"New","value":"New"}|0x44dcc2f2
13:27:38.0 (4335250)|VARIABLE_ASSIGNMENT|[EXTERNAL]|value|"action:description"
13:27:38.0 (4343623)|VARIABLE_ASSIGNMENT|[62]|this.iconName|"action:description"|0x44dcc2f2
13:27:38.0 (4351107)|STATEMENT_EXECUTE|[31]
13:27:38.0 (4377841)|VARIABLE_ASSIGNMENT|[EXTERNAL]|this|{"colorCode":"#A2D9CE","disabled":false,"escapeItem":false,"iconName":"action:description","label":"New","value":"New"}|0x44dcc2f2
13:27:38.0 (4389905)|VARIABLE_ASSIGNMENT|[EXTERNAL]|value|0
13:27:38.0 (4395383)|HEAP_ALLOCATE|[55]|Bytes:4
13:27:38.0 (4401463)|VARIABLE_ASSIGNMENT|[55]|this.total|0|0x44dcc2f2
13:27:38.0 (4413764)|CONSTRUCTOR_EXIT|[46]|01pN0000000s8L4|<init>(String,String,String,String)|NJ_SelectOptionLightning
13:27:38.0 (4430019)|HEAP_ALLOCATE|[EXTERNAL]|Bytes:4
13:27:38.0 (4443786)|HEAP_ALLOCATE|[45]|Bytes:5
13:27:38.0 (4455274)|VARIABLE_SCOPE_BEGIN|[45]|summLabel|String|false|false
13:27:38.0 (4466598)|VARIABLE_ASSIGNMENT|[45]|summLabel|"Tentative"
13:27:38.0 (4471763)|STATEMENT_EXECUTE|[45]
13:27:38.0 (4473436)|STATEMENT_EXECUTE|[46]
13:27:38.0 (4477651)|HEAP_ALLOCATE|[46]|Bytes:36
13:27:38.0 (4503432)|CONSTRUCTOR_ENTRY|[46]|01pN0000000s8L4|<init>(String,String,String,String)|NJ_SelectOptionLightning
13:27:38.0 (4510468)|VARIABLE_SCOPE_BEGIN|[24]|this|NJ_SelectOptionLightning|true|false
13:27:38.0 (4528806)|VARIABLE_ASSIGNMENT|[24]|this|{}|0x1ef745a
13:27:38.0 (4534638)|VARIABLE_SCOPE_BEGIN|[24]|value|String|false|false
13:27:38.0 (4547291)|VARIABLE_ASSIGNMENT|[24]|value|"Tentative"
13:27:38.0 (4551694)|VARIABLE_SCOPE_BEGIN|[24]|label|String|false|false
13:27:38.0 (4559541)|VARIABLE_ASSIGNMENT|[24]|label|"Tentative"
13:27:38.0 (4562823)|VARIABLE_SCOPE_BEGIN|[24]|color|String|false|false
13:27:38.0 (4570734)|VARIABLE_ASSIGNMENT|[24]|color|"#F4D03F"
13:27:38.0 (4574131)|VARIABLE_SCOPE_BEGIN|[24]|iconName|String|false|false
13:27:38.0 (4580736)|VARIABLE_ASSIGNMENT|[24]|iconName|"action:info"
13:27:38.0 (4584961)|STATEMENT_EXECUTE|[6]
13:27:38.0 (4586631)|STATEMENT_EXECUTE|[47]
13:27:38.0 (4588100)|STATEMENT_EXECUTE|[49]
13:27:38.0 (4589526)|STATEMENT_EXECUTE|[51]
13:27:38.0 (4590864)|STATEMENT_EXECUTE|[53]
13:27:38.0 (4592187)|STATEMENT_EXECUTE|[55]
13:27:38.0 (4593532)|STATEMENT_EXECUTE|[58]
13:27:38.0 (4594883)|STATEMENT_EXECUTE|[60]
13:27:38.0 (4596431)|STATEMENT_EXECUTE|[62]
13:27:38.0 (4605979)|STATEMENT_EXECUTE|[24]
13:27:38.0 (4607522)|STATEMENT_EXECUTE|[25]
13:27:38.0 (4623764)|VARIABLE_ASSIGNMENT|[EXTERNAL]|this|{}|0x1ef745a
13:27:38.0 (4632569)|VARIABLE_ASSIGNMENT|[EXTERNAL]|value|"Tentative"
13:27:38.0 (4640345)|VARIABLE_ASSIGNMENT|[49]|this.value|"Tentative"|0x1ef745a
13:27:38.0 (4648246)|STATEMENT_EXECUTE|[26]
13:27:38.0 (4664355)|VARIABLE_ASSIGNMENT|[EXTERNAL]|this|{"value":"Tentative"}|0x1ef745a
13:27:38.0 (4672571)|VARIABLE_ASSIGNMENT|[EXTERNAL]|value|"Tentative"
13:27:38.0 (4679184)|VARIABLE_ASSIGNMENT|[47]|this.label|"Tentative"|0x1ef745a
13:27:38.0 (4686455)|STATEMENT_EXECUTE|[27]
13:27:38.0 (4702872)|VARIABLE_ASSIGNMENT|[EXTERNAL]|this|{"label":"Tentative","value":"Tentative"}|0x1ef745a
13:27:38.0 (4712239)|VARIABLE_ASSIGNMENT|[EXTERNAL]|value|false
13:27:38.0 (4717522)|HEAP_ALLOCATE|[51]|Bytes:5
13:27:38.0 (4723676)|VARIABLE_ASSIGNMENT|[51]|this.disabled|false|0x1ef745a
13:27:38.0 (4732060)|STATEMENT_EXECUTE|[28]
13:27:38.0 (4752006)|VARIABLE_ASSIGNMENT|[EXTERNAL]|this|{"disabled":false,"label":"Tentative","value":"Tentative"}|0x1ef745a
13:27:38.0 (4761573)|VARIABLE_ASSIGNMENT|[EXTERNAL]|value|false
13:27:38.0 (4767030)|HEAP_ALLOCATE|[53]|Bytes:5
13:27:38.0 (4772650)|VARIABLE_ASSIGNMENT|[53]|this.escapeItem|false|0x1ef745a
13:27:38.0 (4780513)|STATEMENT_EXECUTE|[29]
13:27:38.0 (4799744)|VARIABLE_ASSIGNMENT|[EXTERNAL]|this|{"disabled":false,"escapeItem":false,"label":"Tentative","value":"Tentative"}|0x1ef745a
13:27:38.0 (4808906)|VARIABLE_ASSIGNMENT|[EXTERNAL]|value|"#F4D03F"
13:27:38.0 (4815878)|VARIABLE_ASSIGNMENT|[60]|this.colorCode|"#F4D03F"|0x1ef745a
13:27:38.0 (4824165)|STATEMENT_EXECUTE|[30]
13:27:38.0 (4843108)|VARIABLE_ASSIGNMENT|[EXTERNAL]|this|{"colorCode":"#F4D03F","disabled":false,"escapeItem":false,"label":"Tentative","value":"Tentative"}|0x1ef745a
13:27:38.0 (4852079)|VARIABLE_ASSIGNMENT|[EXTERNAL]|value|"action:info"
13:27:38.0 (4858932)|VARIABLE_ASSIGNMENT|[62]|this.iconName|"action:info"|0x1ef745a
13:27:38.0 (4867065)|STATEMENT_EXECUTE|[31]
13:27:38.0 (4887710)|VARIABLE_ASSIGNMENT|[EXTERNAL]|this|{"colorCode":"#F4D03F","disabled":false,"escapeItem":false,"iconName":"action:info","label":"Tentative","value":"Tentative"}|0x1ef745a
13:27:38.0 (4897144)|VARIABLE_ASSIGNMENT|[EXTERNAL]|value|0
13:27:38.0 (4902614)|HEAP_ALLOCATE|[55]|Bytes:4
13:27:38.0 (4908447)|VARIABLE_ASSIGNMENT|[55]|this.total|0|0x1ef745a
13:27:38.0 (4920596)|CONSTRUCTOR_EXIT|[46]|01pN0000000s8L4|<init>(String,String,String,String)|NJ_SelectOptionLightning
13:27:38.0 (4931402)|HEAP_ALLOCATE|[EXTERNAL]|Bytes:4
13:27:38.0 (4943391)|HEAP_ALLOCATE|[45]|Bytes:5
13:27:38.0 (4953478)|VARIABLE_SCOPE_BEGIN|[45]|summLabel|String|false|false
13:27:38.0 (4965280)|VARIABLE_ASSIGNMENT|[45]|summLabel|"Awaiting Confirmatio (1 more) ..."
13:27:38.0 (4969928)|STATEMENT_EXECUTE|[45]
13:27:38.0 (4971490)|STATEMENT_EXECUTE|[46]
13:27:38.0 (4975668)|HEAP_ALLOCATE|[46]|Bytes:36
13:27:38.0 (5003498)|CONSTRUCTOR_ENTRY|[46]|01pN0000000s8L4|<init>(String,String,String,String)|NJ_SelectOptionLightning
13:27:38.0 (5011258)|VARIABLE_SCOPE_BEGIN|[24]|this|NJ_SelectOptionLightning|true|false
13:27:38.0 (5029184)|VARIABLE_ASSIGNMENT|[24]|this|{}|0x54746109
13:27:38.0 (5035765)|VARIABLE_SCOPE_BEGIN|[24]|value|String|false|false
13:27:38.0 (5045208)|VARIABLE_ASSIGNMENT|[24]|value|"Awaiting Confirmatio (1 more) ..."
13:27:38.0 (5049207)|VARIABLE_SCOPE_BEGIN|[24]|label|String|false|false
13:27:38.0 (5056709)|VARIABLE_ASSIGNMENT|[24]|label|"AwaitConf"
13:27:38.0 (5060505)|VARIABLE_SCOPE_BEGIN|[24]|color|String|false|false
13:27:38.0 (5067202)|VARIABLE_ASSIGNMENT|[24]|color|"#1132D5"
13:27:38.0 (5071182)|VARIABLE_SCOPE_BEGIN|[24]|iconName|String|false|false
13:27:38.0 (5080669)|VARIABLE_ASSIGNMENT|[24]|iconName|"action:submit_for_ap (6 more) ..."
13:27:38.0 (5084587)|STATEMENT_EXECUTE|[6]
13:27:38.0 (5086276)|STATEMENT_EXECUTE|[47]
13:27:38.0 (5087702)|STATEMENT_EXECUTE|[49]
13:27:38.0 (5089143)|STATEMENT_EXECUTE|[51]
13:27:38.0 (5090475)|STATEMENT_EXECUTE|[53]
13:27:38.0 (5091807)|STATEMENT_EXECUTE|[55]
13:27:38.0 (5093140)|STATEMENT_EXECUTE|[58]
13:27:38.0 (5094466)|STATEMENT_EXECUTE|[60]
13:27:38.0 (5095844)|STATEMENT_EXECUTE|[62]
13:27:38.0 (5104631)|STATEMENT_EXECUTE|[24]
13:27:38.0 (5106166)|STATEMENT_EXECUTE|[25]
13:27:38.0 (5121544)|VARIABLE_ASSIGNMENT|[EXTERNAL]|this|{}|0x54746109
13:27:38.0 (5131640)|VARIABLE_ASSIGNMENT|[EXTERNAL]|value|"Awaiting Confirmatio (1 more) ..."
13:27:38.0 (5141064)|VARIABLE_ASSIGNMENT|[49]|this.value|"Awaiting Confirmatio (1 more) ..."|0x54746109
13:27:38.0 (5148421)|STATEMENT_EXECUTE|[26]
13:27:38.0 (5165391)|VARIABLE_ASSIGNMENT|[EXTERNAL]|this|{"value":"Awaiting Confirmatio (1 more) ..."}|0x54746109
13:27:38.0 (5173605)|VARIABLE_ASSIGNMENT|[EXTERNAL]|value|"AwaitConf"
13:27:38.0 (5181000)|VARIABLE_ASSIGNMENT|[47]|this.label|"AwaitConf"|0x54746109
13:27:38.0 (5188193)|STATEMENT_EXECUTE|[27]
13:27:38.0 (5206083)|VARIABLE_ASSIGNMENT|[EXTERNAL]|this|{"label":"AwaitConf","value":"Awaiting Confirmatio (1 more) ..."}|0x54746109
13:27:38.0 (5215931)|VARIABLE_ASSIGNMENT|[EXTERNAL]|value|false
13:27:38.0 (5221135)|HEAP_ALLOCATE|[51]|Bytes:5
13:27:38.0 (5227034)|VARIABLE_ASSIGNMENT|[51]|this.disabled|false|0x54746109
13:27:38.0 (5234394)|STATEMENT_EXECUTE|[28]
13:27:38.0 (5253385)|VARIABLE_ASSIGNMENT|[EXTERNAL]|this|{"disabled":false,"label":"AwaitConf","value":"Awaiting Confirmatio (1 more) ..."}|0x54746109
13:27:38.0 (5262722)|VARIABLE_ASSIGNMENT|[EXTERNAL]|value|false
13:27:38.0 (5267505)|HEAP_ALLOCATE|[53]|Bytes:5
13:27:38.0 (5273485)|VARIABLE_ASSIGNMENT|[53]|this.escapeItem|false|0x54746109
13:27:38.0 (5280328)|STATEMENT_EXECUTE|[29]
13:27:38.0 (5299588)|VARIABLE_ASSIGNMENT|[EXTERNAL]|this|{"disabled":false,"escapeItem":false,"label":"AwaitConf","value":"Awaiting Confirmatio (1 more) ..."}|0x54746109
13:27:38.0 (5308433)|VARIABLE_ASSIGNMENT|[EXTERNAL]|value|"#1132D5"
13:27:38.0 (5315581)|VARIABLE_ASSIGNMENT|[60]|this.colorCode|"#1132D5"|0x54746109
13:27:38.0 (5323136)|STATEMENT_EXECUTE|[30]
13:27:38.0 (5343244)|VARIABLE_ASSIGNMENT|[EXTERNAL]|this|{"colorCode":"#1132D5","disabled":false,"escapeItem":false,"label":"AwaitConf","value":"Awaiting Confirmatio (1 more) ..."}|0x54746109
13:27:38.0 (5354551)|VARIABLE_ASSIGNMENT|[EXTERNAL]|value|"action:submit_for_ap (6 more) ..."
13:27:38.0 (5362791)|VARIABLE_ASSIGNMENT|[62]|this.iconName|"action:submit_for_ap (6 more) ..."|0x54746109
13:27:38.0 (5370930)|STATEMENT_EXECUTE|[31]
13:27:38.0 (5392854)|VARIABLE_ASSIGNMENT|[EXTERNAL]|this|{"colorCode":"#1132D5","disabled":false,"escapeItem":false,"iconName":"action:submit_for_ap (6 more) ...","label":"AwaitConf","value":"Awaiting Confirmatio (1 more) ..."}|0x54746109
13:27:38.0 (5403347)|VARIABLE_ASSIGNMENT|[EXTERNAL]|value|0
13:27:38.0 (5408128)|HEAP_ALLOCATE|[55]|Bytes:4
13:27:38.0 (5413593)|VARIABLE_ASSIGNMENT|[55]|this.total|0|0x54746109
13:27:38.0 (5424932)|CONSTRUCTOR_EXIT|[46]|01pN0000000s8L4|<init>(String,String,String,String)|NJ_SelectOptionLightning
13:27:38.0 (5434890)|HEAP_ALLOCATE|[EXTERNAL]|Bytes:4
13:27:38.0 (5446331)|HEAP_ALLOCATE|[45]|Bytes:5
13:27:38.0 (5455525)|VARIABLE_SCOPE_BEGIN|[45]|summLabel|String|false|false
13:27:38.0 (5465224)|VARIABLE_ASSIGNMENT|[45]|summLabel|"Confirmed"
13:27:38.0 (5470237)|STATEMENT_EXECUTE|[45]
13:27:38.0 (5471745)|STATEMENT_EXECUTE|[46]
13:27:38.0 (5475578)|HEAP_ALLOCATE|[46]|Bytes:36
13:27:38.0 (5498528)|CONSTRUCTOR_ENTRY|[46]|01pN0000000s8L4|<init>(String,String,String,String)|NJ_SelectOptionLightning
13:27:38.0 (5504872)|VARIABLE_SCOPE_BEGIN|[24]|this|NJ_SelectOptionLightning|true|false
13:27:38.0 (5522552)|VARIABLE_ASSIGNMENT|[24]|this|{}|0x769de227
13:27:38.0 (5528711)|VARIABLE_SCOPE_BEGIN|[24]|value|String|false|false
13:27:38.0 (5536182)|VARIABLE_ASSIGNMENT|[24]|value|"Confirmed"
13:27:38.0 (5539880)|VARIABLE_SCOPE_BEGIN|[24]|label|String|false|false
13:27:38.0 (5547585)|VARIABLE_ASSIGNMENT|[24]|label|"Confirmed"
13:27:38.0 (5551747)|VARIABLE_SCOPE_BEGIN|[24]|color|String|false|false
13:27:38.0 (5558896)|VARIABLE_ASSIGNMENT|[24]|color|"#85C1E9"
13:27:38.0 (5562605)|VARIABLE_SCOPE_BEGIN|[24]|iconName|String|false|false
13:27:38.0 (5568977)|VARIABLE_ASSIGNMENT|[24]|iconName|"action:user"
13:27:38.0 (5572839)|STATEMENT_EXECUTE|[6]
13:27:38.0 (5574336)|STATEMENT_EXECUTE|[47]
13:27:38.0 (5575710)|STATEMENT_EXECUTE|[49]
13:27:38.0 (5577094)|STATEMENT_EXECUTE|[51]
13:27:38.0 (5578418)|STATEMENT_EXECUTE|[53]
13:27:38.0 (5579842)|STATEMENT_EXECUTE|[55]
13:27:38.0 (5581173)|STATEMENT_EXECUTE|[58]
13:27:38.0 (5582514)|STATEMENT_EXECUTE|[60]
13:27:38.0 (5584013)|STATEMENT_EXECUTE|[62]
13:27:38.0 (5592399)|STATEMENT_EXECUTE|[24]
13:27:38.0 (5593917)|STATEMENT_EXECUTE|[25]
13:27:38.0 (5609110)|VARIABLE_ASSIGNMENT|[EXTERNAL]|this|{}|0x769de227
13:27:38.0 (5617447)|VARIABLE_ASSIGNMENT|[EXTERNAL]|value|"Confirmed"
13:27:38.0 (5624754)|VARIABLE_ASSIGNMENT|[49]|this.value|"Confirmed"|0x769de227
13:27:38.0 (5632284)|STATEMENT_EXECUTE|[26]
13:27:38.0 (5648177)|VARIABLE_ASSIGNMENT|[EXTERNAL]|this|{"value":"Confirmed"}|0x769de227
13:27:38.0 (5656886)|VARIABLE_ASSIGNMENT|[EXTERNAL]|value|"Confirmed"
13:27:38.0 (5664380)|VARIABLE_ASSIGNMENT|[47]|this.label|"Confirmed"|0x769de227
13:27:38.0 (5671613)|STATEMENT_EXECUTE|[27]
13:27:38.0 (5687613)|VARIABLE_ASSIGNMENT|[EXTERNAL]|this|{"label":"Confirmed","value":"Confirmed"}|0x769de227
13:27:38.0 (5696140)|VARIABLE_ASSIGNMENT|[EXTERNAL]|value|false
13:27:38.0 (5701096)|HEAP_ALLOCATE|[51]|Bytes:5
13:27:38.0 (5707386)|VARIABLE_ASSIGNMENT|[51]|this.disabled|false|0x769de227
13:27:38.0 (5716307)|STATEMENT_EXECUTE|[28]
13:27:38.0 (5743074)|VARIABLE_ASSIGNMENT|[EXTERNAL]|this|{"disabled":false,"label":"Confirmed","value":"Confirmed"}|0x769de227
13:27:38.0 (5752395)|VARIABLE_ASSIGNMENT|[EXTERNAL]|value|false
13:27:38.0 (5758079)|HEAP_ALLOCATE|[53]|Bytes:5
13:27:38.0 (5764139)|VARIABLE_ASSIGNMENT|[53]|this.escapeItem|false|0x769de227
13:27:38.0 (5772588)|STATEMENT_EXECUTE|[29]
13:27:38.0 (5791126)|VARIABLE_ASSIGNMENT|[EXTERNAL]|this|{"disabled":false,"escapeItem":false,"label":"Confirmed","value":"Confirmed"}|0x769de227
13:27:38.0 (5800770)|VARIABLE_ASSIGNMENT|[EXTERNAL]|value|"#85C1E9"
13:27:38.0 (5807799)|VARIABLE_ASSIGNMENT|[60]|this.colorCode|"#85C1E9"|0x769de227
13:27:38.0 (5815774)|STATEMENT_EXECUTE|[30]
13:27:38.0 (5834437)|VARIABLE_ASSIGNMENT|[EXTERNAL]|this|{"colorCode":"#85C1E9","disabled":false,"escapeItem":false,"label":"Confirmed","value":"Confirmed"}|0x769de227
13:27:38.0 (5843339)|VARIABLE_ASSIGNMENT|[EXTERNAL]|value|"action:user"
13:27:38.0 (5850416)|VARIABLE_ASSIGNMENT|[62]|this.iconName|"action:user"|0x769de227
13:27:38.0 (5858004)|STATEMENT_EXECUTE|[31]
13:27:38.0 (5878163)|VARIABLE_ASSIGNMENT|[EXTERNAL]|this|{"colorCode":"#85C1E9","disabled":false,"escapeItem":false,"iconName":"action:user","label":"Confirmed","value":"Confirmed"}|0x769de227
13:27:38.0 (5887343)|VARIABLE_ASSIGNMENT|[EXTERNAL]|value|0
13:27:38.0 (5891916)|HEAP_ALLOCATE|[55]|Bytes:4
13:27:38.0 (5897208)|VARIABLE_ASSIGNMENT|[55]|this.total|0|0x769de227
13:27:38.0 (5909257)|CONSTRUCTOR_EXIT|[46]|01pN0000000s8L4|<init>(String,String,String,String)|NJ_SelectOptionLightning
13:27:38.0 (5919547)|HEAP_ALLOCATE|[EXTERNAL]|Bytes:4
13:27:38.0 (5930835)|HEAP_ALLOCATE|[45]|Bytes:5
13:27:38.0 (5940263)|VARIABLE_SCOPE_BEGIN|[45]|summLabel|String|false|false
13:27:38.0 (5950452)|VARIABLE_ASSIGNMENT|[45]|summLabel|"Cannot Complete"
13:27:38.0 (5955579)|STATEMENT_EXECUTE|[45]
13:27:38.0 (5957101)|STATEMENT_EXECUTE|[46]
13:27:38.0 (5960939)|HEAP_ALLOCATE|[46]|Bytes:36
13:27:38.0 (5983330)|CONSTRUCTOR_ENTRY|[46]|01pN0000000s8L4|<init>(String,String,String,String)|NJ_SelectOptionLightning
13:27:38.0 (5993949)|VARIABLE_SCOPE_BEGIN|[24]|this|NJ_SelectOptionLightning|true|false
13:27:38.0 (6011398)|VARIABLE_ASSIGNMENT|[24]|this|{}|0x58826b7c
13:27:38.0 (6017695)|VARIABLE_SCOPE_BEGIN|[24]|value|String|false|false
13:27:38.0 (6026902)|VARIABLE_ASSIGNMENT|[24]|value|"Cannot Complete"
13:27:38.0 (6031072)|VARIABLE_SCOPE_BEGIN|[24]|label|String|false|false
13:27:38.0 (6038106)|VARIABLE_ASSIGNMENT|[24]|label|"CantCompl"
13:27:38.0 (6041559)|VARIABLE_SCOPE_BEGIN|[24]|color|String|false|false
13:27:38.0 (6049336)|VARIABLE_ASSIGNMENT|[24]|color|"#EC7063"
13:27:38.0 (6053069)|VARIABLE_SCOPE_BEGIN|[24]|iconName|String|false|false
13:27:38.0 (6060303)|VARIABLE_ASSIGNMENT|[24]|iconName|"action:reject"
13:27:38.0 (6064329)|STATEMENT_EXECUTE|[6]
13:27:38.0 (6065842)|STATEMENT_EXECUTE|[47]
13:27:38.0 (6067243)|STATEMENT_EXECUTE|[49]
13:27:38.0 (6068589)|STATEMENT_EXECUTE|[51]
13:27:38.0 (6069924)|STATEMENT_EXECUTE|[53]
13:27:38.0 (6071252)|STATEMENT_EXECUTE|[55]
13:27:38.0 (6072657)|STATEMENT_EXECUTE|[58]
13:27:38.0 (6074176)|STATEMENT_EXECUTE|[60]
13:27:38.0 (6075518)|STATEMENT_EXECUTE|[62]
13:27:38.0 (6084305)|STATEMENT_EXECUTE|[24]
13:27:38.0 (6085883)|STATEMENT_EXECUTE|[25]
13:27:38.0 (6100356)|VARIABLE_ASSIGNMENT|[EXTERNAL]|this|{}|0x58826b7c
13:27:38.0 (6109331)|VARIABLE_ASSIGNMENT|[EXTERNAL]|value|"Cannot Complete"
13:27:38.0 (6117452)|VARIABLE_ASSIGNMENT|[49]|this.value|"Cannot Complete"|0x58826b7c
13:27:38.0 (6125024)|STATEMENT_EXECUTE|[26]
13:27:38.0 (6141287)|VARIABLE_ASSIGNMENT|[EXTERNAL]|this|{"value":"Cannot Complete"}|0x58826b7c
13:27:38.0 (6150213)|VARIABLE_ASSIGNMENT|[EXTERNAL]|value|"CantCompl"
13:27:38.0 (6157551)|VARIABLE_ASSIGNMENT|[47]|this.label|"CantCompl"|0x58826b7c
13:27:38.0 (6164772)|STATEMENT_EXECUTE|[27]
13:27:38.0 (6180976)|VARIABLE_ASSIGNMENT|[EXTERNAL]|this|{"label":"CantCompl","value":"Cannot Complete"}|0x58826b7c
13:27:38.0 (6190137)|VARIABLE_ASSIGNMENT|[EXTERNAL]|value|false
13:27:38.0 (6194991)|HEAP_ALLOCATE|[51]|Bytes:5
13:27:38.0 (6201115)|VARIABLE_ASSIGNMENT|[51]|this.disabled|false|0x58826b7c
13:27:38.0 (6208290)|STATEMENT_EXECUTE|[28]
13:27:38.0 (6225787)|VARIABLE_ASSIGNMENT|[EXTERNAL]|this|{"disabled":false,"label":"CantCompl","value":"Cannot Complete"}|0x58826b7c
13:27:38.0 (6234435)|VARIABLE_ASSIGNMENT|[EXTERNAL]|value|false
13:27:38.0 (6239245)|HEAP_ALLOCATE|[53]|Bytes:5
13:27:38.0 (6244783)|VARIABLE_ASSIGNMENT|[53]|this.escapeItem|false|0x58826b7c
13:27:38.0 (6252452)|STATEMENT_EXECUTE|[29]
13:27:38.0 (6270620)|VARIABLE_ASSIGNMENT|[EXTERNAL]|this|{"disabled":false,"escapeItem":false,"label":"CantCompl","value":"Cannot Complete"}|0x58826b7c
13:27:38.0 (6279090)|VARIABLE_ASSIGNMENT|[EXTERNAL]|value|"#EC7063"
13:27:38.0 (6286691)|VARIABLE_ASSIGNMENT|[60]|this.colorCode|"#EC7063"|0x58826b7c
13:27:38.0 (6294135)|STATEMENT_EXECUTE|[30]
13:27:38.0 (6313971)|VARIABLE_ASSIGNMENT|[EXTERNAL]|this|{"colorCode":"#EC7063","disabled":false,"escapeItem":false,"label":"CantCompl","value":"Cannot Complete"}|0x58826b7c
13:27:38.0 (6322678)|VARIABLE_ASSIGNMENT|[EXTERNAL]|value|"action:reject"
13:27:38.0 (6330133)|VARIABLE_ASSIGNMENT|[62]|this.iconName|"action:reject"|0x58826b7c
13:27:38.0 (6337363)|STATEMENT_EXECUTE|[31]
13:27:38.0 (6358782)|VARIABLE_ASSIGNMENT|[EXTERNAL]|this|{"colorCode":"#EC7063","disabled":false,"escapeItem":false,"iconName":"action:reject","label":"CantCompl","value":"Cannot Complete"}|0x58826b7c
13:27:38.0 (6368240)|VARIABLE_ASSIGNMENT|[EXTERNAL]|value|0
13:27:38.0 (6372384)|HEAP_ALLOCATE|[55]|Bytes:4
13:27:38.0 (6377581)|VARIABLE_ASSIGNMENT|[55]|this.total|0|0x58826b7c
13:27:38.0 (6387883)|CONSTRUCTOR_EXIT|[46]|01pN0000000s8L4|<init>(String,String,String,String)|NJ_SelectOptionLightning
13:27:38.0 (6397385)|HEAP_ALLOCATE|[EXTERNAL]|Bytes:4
13:27:38.0 (6408952)|HEAP_ALLOCATE|[45]|Bytes:5
13:27:38.0 (6418407)|VARIABLE_SCOPE_BEGIN|[45]|summLabel|String|false|false
13:27:38.0 (6428615)|VARIABLE_ASSIGNMENT|[45]|summLabel|"Cancelled"
13:27:38.0 (6432700)|STATEMENT_EXECUTE|[45]
13:27:38.0 (6434213)|STATEMENT_EXECUTE|[46]
13:27:38.0 (6437729)|HEAP_ALLOCATE|[46]|Bytes:36
13:27:38.0 (6460554)|CONSTRUCTOR_ENTRY|[46]|01pN0000000s8L4|<init>(String,String,String,String)|NJ_SelectOptionLightning
13:27:38.0 (6467671)|VARIABLE_SCOPE_BEGIN|[24]|this|NJ_SelectOptionLightning|true|false
13:27:38.0 (6484802)|VARIABLE_ASSIGNMENT|[24]|this|{}|0x22359992
13:27:38.0 (6490644)|VARIABLE_SCOPE_BEGIN|[24]|value|String|false|false
13:27:38.0 (6498717)|VARIABLE_ASSIGNMENT|[24]|value|"Cancelled"
13:27:38.0 (6502588)|VARIABLE_SCOPE_BEGIN|[24]|label|String|false|false
13:27:38.0 (6510552)|VARIABLE_ASSIGNMENT|[24]|label|"Cancelled"
13:27:38.0 (6513942)|VARIABLE_SCOPE_BEGIN|[24]|color|String|false|false
13:27:38.0 (6521593)|VARIABLE_ASSIGNMENT|[24]|color|"#18090E"
13:27:38.0 (6525097)|VARIABLE_SCOPE_BEGIN|[24]|iconName|String|false|false
13:27:38.0 (6532226)|VARIABLE_ASSIGNMENT|[24]|iconName|"action:close"
13:27:38.0 (6536100)|STATEMENT_EXECUTE|[6]
13:27:38.0 (6537835)|STATEMENT_EXECUTE|[47]
13:27:38.0 (6539509)|STATEMENT_EXECUTE|[49]
13:27:38.0 (6540949)|STATEMENT_EXECUTE|[51]
13:27:38.0 (6542384)|STATEMENT_EXECUTE|[53]
13:27:38.0 (6543718)|STATEMENT_EXECUTE|[55]
13:27:38.0 (6545069)|STATEMENT_EXECUTE|[58]
13:27:38.0 (6546406)|STATEMENT_EXECUTE|[60]
13:27:38.0 (6547830)|STATEMENT_EXECUTE|[62]
13:27:38.0 (6556064)|STATEMENT_EXECUTE|[24]
13:27:38.0 (6557784)|STATEMENT_EXECUTE|[25]
13:27:38.0 (6573391)|VARIABLE_ASSIGNMENT|[EXTERNAL]|this|{}|0x22359992
13:27:38.0 (6581978)|VARIABLE_ASSIGNMENT|[EXTERNAL]|value|"Cancelled"
13:27:38.0 (6590510)|VARIABLE_ASSIGNMENT|[49]|this.value|"Cancelled"|0x22359992
13:27:38.0 (6598481)|STATEMENT_EXECUTE|[26]
13:27:38.0 (6613979)|VARIABLE_ASSIGNMENT|[EXTERNAL]|this|{"value":"Cancelled"}|0x22359992
13:27:38.0 (6622522)|VARIABLE_ASSIGNMENT|[EXTERNAL]|value|"Cancelled"
13:27:38.0 (6629492)|VARIABLE_ASSIGNMENT|[47]|this.label|"Cancelled"|0x22359992
13:27:38.0 (6636692)|STATEMENT_EXECUTE|[27]
13:27:38.0 (6652761)|VARIABLE_ASSIGNMENT|[EXTERNAL]|this|{"label":"Cancelled","value":"Cancelled"}|0x22359992
13:27:38.0 (6662673)|VARIABLE_ASSIGNMENT|[EXTERNAL]|value|false
13:27:38.0 (6668688)|HEAP_ALLOCATE|[51]|Bytes:5
13:27:38.0 (6674708)|VARIABLE_ASSIGNMENT|[51]|this.disabled|false|0x22359992
13:27:38.0 (6682041)|STATEMENT_EXECUTE|[28]
13:27:38.0 (6699396)|VARIABLE_ASSIGNMENT|[EXTERNAL]|this|{"disabled":false,"label":"Cancelled","value":"Cancelled"}|0x22359992
13:27:38.0 (6708208)|VARIABLE_ASSIGNMENT|[EXTERNAL]|value|false
13:27:38.0 (6713110)|HEAP_ALLOCATE|[53]|Bytes:5
13:27:38.0 (6718954)|VARIABLE_ASSIGNMENT|[53]|this.escapeItem|false|0x22359992
13:27:38.0 (6726812)|STATEMENT_EXECUTE|[29]
13:27:38.0 (6747532)|VARIABLE_ASSIGNMENT|[EXTERNAL]|this|{"disabled":false,"escapeItem":false,"label":"Cancelled","value":"Cancelled"}|0x22359992
13:27:38.0 (6756665)|VARIABLE_ASSIGNMENT|[EXTERNAL]|value|"#18090E"
13:27:38.0 (6764074)|VARIABLE_ASSIGNMENT|[60]|this.colorCode|"#18090E"|0x22359992
13:27:38.0 (6771566)|STATEMENT_EXECUTE|[30]
13:27:38.0 (6790326)|VARIABLE_ASSIGNMENT|[EXTERNAL]|this|{"colorCode":"#18090E","disabled":false,"escapeItem":false,"label":"Cancelled","value":"Cancelled"}|0x22359992
13:27:38.0 (6799400)|VARIABLE_ASSIGNMENT|[EXTERNAL]|value|"action:close"
13:27:38.0 (6806564)|VARIABLE_ASSIGNMENT|[62]|this.iconName|"action:close"|0x22359992
13:27:38.0 (6814269)|STATEMENT_EXECUTE|[31]
13:27:38.0 (6834271)|VARIABLE_ASSIGNMENT|[EXTERNAL]|this|{"colorCode":"#18090E","disabled":false,"escapeItem":false,"iconName":"action:close","label":"Cancelled","value":"Cancelled"}|0x22359992
13:27:38.0 (6843375)|VARIABLE_ASSIGNMENT|[EXTERNAL]|value|0
13:27:38.0 (6848267)|HEAP_ALLOCATE|[55]|Bytes:4
13:27:38.0 (6854276)|VARIABLE_ASSIGNMENT|[55]|this.total|0|0x22359992
13:27:38.0 (6865163)|CONSTRUCTOR_EXIT|[46]|01pN0000000s8L4|<init>(String,String,String,String)|NJ_SelectOptionLightning
13:27:38.0 (6875176)|HEAP_ALLOCATE|[EXTERNAL]|Bytes:4
13:27:38.0 (6886284)|HEAP_ALLOCATE|[45]|Bytes:5
13:27:38.0 (6895965)|VARIABLE_SCOPE_BEGIN|[45]|summLabel|String|false|false
13:27:38.0 (6905973)|VARIABLE_ASSIGNMENT|[45]|summLabel|"Completed"
13:27:38.0 (6911082)|STATEMENT_EXECUTE|[45]
13:27:38.0 (6912795)|STATEMENT_EXECUTE|[46]
13:27:38.0 (6916407)|HEAP_ALLOCATE|[46]|Bytes:36
13:27:38.0 (6939853)|CONSTRUCTOR_ENTRY|[46]|01pN0000000s8L4|<init>(String,String,String,String)|NJ_SelectOptionLightning
13:27:38.0 (6946161)|VARIABLE_SCOPE_BEGIN|[24]|this|NJ_SelectOptionLightning|true|false
13:27:38.0 (6963005)|VARIABLE_ASSIGNMENT|[24]|this|{}|0x553ec8f4
13:27:38.0 (6968512)|VARIABLE_SCOPE_BEGIN|[24]|value|String|false|false
13:27:38.0 (6976975)|VARIABLE_ASSIGNMENT|[24]|value|"Completed"
13:27:38.0 (6981268)|VARIABLE_SCOPE_BEGIN|[24]|label|String|false|false
13:27:38.0 (6993000)|VARIABLE_ASSIGNMENT|[24]|label|"Completed"
13:27:38.0 (6996754)|VARIABLE_SCOPE_BEGIN|[24]|color|String|false|false
13:27:38.0 (7004316)|VARIABLE_ASSIGNMENT|[24]|color|"#58D68D"
13:27:38.0 (7008553)|VARIABLE_SCOPE_BEGIN|[24]|iconName|String|false|false
13:27:38.0 (7016027)|VARIABLE_ASSIGNMENT|[24]|iconName|"action:approval"
13:27:38.0 (7020490)|STATEMENT_EXECUTE|[6]
13:27:38.0 (7022056)|STATEMENT_EXECUTE|[47]
13:27:38.0 (7023512)|STATEMENT_EXECUTE|[49]
13:27:38.0 (7024929)|STATEMENT_EXECUTE|[51]
13:27:38.0 (7026268)|STATEMENT_EXECUTE|[53]
13:27:38.0 (7027814)|STATEMENT_EXECUTE|[55]
13:27:38.0 (7029264)|STATEMENT_EXECUTE|[58]
13:27:38.0 (7030765)|STATEMENT_EXECUTE|[60]
13:27:38.0 (7032099)|STATEMENT_EXECUTE|[62]
13:27:38.0 (7040922)|STATEMENT_EXECUTE|[24]
13:27:38.0 (7042430)|STATEMENT_EXECUTE|[25]
13:27:38.0 (7057818)|VARIABLE_ASSIGNMENT|[EXTERNAL]|this|{}|0x553ec8f4
13:27:38.0 (7066255)|VARIABLE_ASSIGNMENT|[EXTERNAL]|value|"Completed"
13:27:38.0 (7074237)|VARIABLE_ASSIGNMENT|[49]|this.value|"Completed"|0x553ec8f4
13:27:38.0 (7081804)|STATEMENT_EXECUTE|[26]
13:27:38.0 (7097717)|VARIABLE_ASSIGNMENT|[EXTERNAL]|this|{"value":"Completed"}|0x553ec8f4
13:27:38.0 (7106026)|VARIABLE_ASSIGNMENT|[EXTERNAL]|value|"Completed"
13:27:38.0 (7112905)|VARIABLE_ASSIGNMENT|[47]|this.label|"Completed"|0x553ec8f4
13:27:38.0 (7120653)|STATEMENT_EXECUTE|[27]
13:27:38.0 (7136829)|VARIABLE_ASSIGNMENT|[EXTERNAL]|this|{"label":"Completed","value":"Completed"}|0x553ec8f4
13:27:38.0 (7146349)|VARIABLE_ASSIGNMENT|[EXTERNAL]|value|false
13:27:38.0 (7151846)|HEAP_ALLOCATE|[51]|Bytes:5
13:27:38.0 (7157921)|VARIABLE_ASSIGNMENT|[51]|this.disabled|false|0x553ec8f4
13:27:38.0 (7164866)|STATEMENT_EXECUTE|[28]
13:27:38.0 (7182429)|VARIABLE_ASSIGNMENT|[EXTERNAL]|this|{"disabled":false,"label":"Completed","value":"Completed"}|0x553ec8f4
13:27:38.0 (7191418)|VARIABLE_ASSIGNMENT|[EXTERNAL]|value|false
13:27:38.0 (7196007)|HEAP_ALLOCATE|[53]|Bytes:5
13:27:38.0 (7201666)|VARIABLE_ASSIGNMENT|[53]|this.escapeItem|false|0x553ec8f4
13:27:38.0 (7209300)|STATEMENT_EXECUTE|[29]
13:27:38.0 (7227731)|VARIABLE_ASSIGNMENT|[EXTERNAL]|this|{"disabled":false,"escapeItem":false,"label":"Completed","value":"Completed"}|0x553ec8f4
13:27:38.0 (7237452)|VARIABLE_ASSIGNMENT|[EXTERNAL]|value|"#58D68D"
13:27:38.0 (7243924)|VARIABLE_ASSIGNMENT|[60]|this.colorCode|"#58D68D"|0x553ec8f4
13:27:38.0 (7251227)|STATEMENT_EXECUTE|[30]
13:27:38.0 (7269568)|VARIABLE_ASSIGNMENT|[EXTERNAL]|this|{"colorCode":"#58D68D","disabled":false,"escapeItem":false,"label":"Completed","value":"Completed"}|0x553ec8f4
13:27:38.0 (7278831)|VARIABLE_ASSIGNMENT|[EXTERNAL]|value|"action:approval"
13:27:38.0 (7286730)|VARIABLE_ASSIGNMENT|[62]|this.iconName|"action:approval"|0x553ec8f4
13:27:38.0 (7294009)|STATEMENT_EXECUTE|[31]
13:27:38.0 (7315262)|VARIABLE_ASSIGNMENT|[EXTERNAL]|this|{"colorCode":"#58D68D","disabled":false,"escapeItem":false,"iconName":"action:approval","label":"Completed","value":"Completed"}|0x553ec8f4
13:27:38.0 (7324441)|VARIABLE_ASSIGNMENT|[EXTERNAL]|value|0
13:27:38.0 (7329064)|HEAP_ALLOCATE|[55]|Bytes:4
13:27:38.0 (7334275)|VARIABLE_ASSIGNMENT|[55]|this.total|0|0x553ec8f4
13:27:38.0 (7344561)|CONSTRUCTOR_EXIT|[46]|01pN0000000s8L4|<init>(String,String,String,String)|NJ_SelectOptionLightning
13:27:38.0 (7354918)|HEAP_ALLOCATE|[EXTERNAL]|Bytes:4
13:27:38.0 (7365489)|HEAP_ALLOCATE|[45]|Bytes:5
13:27:38.0 (7375876)|VARIABLE_ASSIGNMENT|[45]|summLabel|null
13:27:38.0 (7381407)|STATEMENT_EXECUTE|[48]
13:27:38.0 (7384005)|VARIABLE_SCOPE_BEGIN|[48]|totalStatus|Integer|false|false
13:27:38.0 (7391310)|HEAP_ALLOCATE|[48]|Bytes:4
13:27:38.0 (7396198)|VARIABLE_ASSIGNMENT|[48]|totalStatus|0
13:27:38.0 (7401011)|HEAP_ALLOCATE|[49]|Bytes:101
13:27:38.0 (7416790)|HEAP_ALLOCATE|[49]|Bytes:4
13:27:38.0 (7426910)|HEAP_ALLOCATE|[49]|Bytes:7
13:27:38.0 (8086328)|SOQL_EXECUTE_BEGIN|[49]|Aggregations:0|SELECT COUNT(Id) total, Status stat FROM ServiceAppointment 
13:27:38.0 (12897348)|SOQL_EXECUTE_END|[49]|Rows:3
13:27:38.0 (12919787)|HEAP_ALLOCATE|[EXTERNAL]|Bytes:16
13:27:38.0 (13054055)|HEAP_ALLOCATE|[49]|Bytes:54
13:27:38.0 (13063359)|HEAP_ALLOCATE|[49]|Bytes:8
13:27:38.0 (13072714)|SYSTEM_METHOD_ENTRY|[7]|QueryLocatorIterator.QueryLocatorIterator()
13:27:38.0 (13077768)|STATEMENT_EXECUTE|[7]
13:27:38.0 (13083746)|SYSTEM_METHOD_EXIT|[7]|QueryLocatorIterator
13:27:38.0 (13091297)|HEAP_ALLOCATE|[49]|Bytes:28
13:27:38.0 (13152892)|HEAP_ALLOCATE|[49]|Bytes:16
13:27:38.0 (13166704)|HEAP_ALLOCATE|[49]|Bytes:8
13:27:38.0 (13170534)|HEAP_ALLOCATE|[49]|Bytes:8
13:27:38.0 (13175274)|VARIABLE_SCOPE_BEGIN|[15]|this|Database.QueryLocatorIterator|true|false
13:27:38.0 (13199551)|VARIABLE_ASSIGNMENT|[15]|this|{}|0x27c1c012
13:27:38.0 (13206476)|VARIABLE_SCOPE_BEGIN|[15]|values|List<SObject>|true|false
13:27:38.0 (13230831)|VARIABLE_ASSIGNMENT|[15]|values|[{"total":1,"stat":"New"},{"total":8,"stat":"Tentative"},{"total":1,"stat":"Completed"}]|0x4d136b96
13:27:38.0 (13238134)|VARIABLE_SCOPE_BEGIN|[15]|ql|Database.QueryLocator|true|false
13:27:38.0 (13254967)|VARIABLE_ASSIGNMENT|[15]|ql|{"query":"SELECT COUNT(Id) tot (81 more) ..."}|0xa59711d
13:27:38.0 (13260520)|VARIABLE_SCOPE_BEGIN|[15]|totalNumRecords|Integer|false|false
13:27:38.0 (13268546)|VARIABLE_ASSIGNMENT|[15]|totalNumRecords|3
13:27:38.0 (13273370)|VARIABLE_SCOPE_BEGIN|[15]|queryMoreSize|Integer|false|false
13:27:38.0 (13280338)|VARIABLE_ASSIGNMENT|[15]|queryMoreSize|49997
13:27:38.0 (13326962)|HEAP_ALLOCATE|[49]|Bytes:28
13:27:38.0 (13346204)|METHOD_ENTRY|[49]||Database.QueryLocatorIterator.hasNext()
13:27:38.0 (13406088)|METHOD_EXIT|[49]||Database.QueryLocatorIterator.hasNext()
13:27:38.0 (13414588)|METHOD_ENTRY|[49]||Database.QueryLocatorIterator.next()
13:27:38.0 (13495906)|METHOD_EXIT|[49]||Database.QueryLocatorIterator.next()
13:27:38.0 (13504924)|VARIABLE_SCOPE_BEGIN|[49]|agr|AggregateResult|true|false
13:27:38.0 (13521601)|VARIABLE_ASSIGNMENT|[49]|agr|{"total":1,"stat":"New"}|0x9ee94d8
13:27:38.0 (13528624)|STATEMENT_EXECUTE|[52]
13:27:38.0 (13651571)|HEAP_ALLOCATE|[53]|Bytes:5
13:27:38.0 (13664651)|HEAP_ALLOCATE|[53]|Bytes:36
13:27:38.0 (13671163)|VARIABLE_SCOPE_BEGIN|[53]|summ|NJ_SelectOptionLightning|true|false
13:27:38.0 (13703779)|VARIABLE_ASSIGNMENT|[53]|summ|{"colorCode":"#A2D9CE","disabled":false,"escapeItem":false,"iconName":"action:description","label":"New","total":0,"value":"New"}|0x44dcc2f2
13:27:38.0 (13711607)|STATEMENT_EXECUTE|[53]
13:27:38.0 (13750502)|VARIABLE_ASSIGNMENT|[EXTERNAL]|this|{"colorCode":"#A2D9CE","disabled":false,"escapeItem":false,"iconName":"action:description","label":"New","total":0,"value":"New"}|0x44dcc2f2
13:27:38.0 (13766767)|HEAP_ALLOCATE|[54]|Bytes:4
13:27:38.0 (13812216)|HEAP_ALLOCATE|[54]|Bytes:3
13:27:38.0 (13834513)|HEAP_ALLOCATE|[54]|Bytes:3
13:27:38.0 (13857192)|STATEMENT_EXECUTE|[54]
13:27:38.0 (13859094)|STATEMENT_EXECUTE|[55]
13:27:38.0 (13862240)|HEAP_ALLOCATE|[55]|Bytes:5
13:27:38.0 (13906901)|HEAP_ALLOCATE|[55]|Bytes:1
13:27:38.0 (13959191)|VARIABLE_ASSIGNMENT|[EXTERNAL]|this|{"colorCode":"#A2D9CE","disabled":false,"escapeItem":false,"iconName":"action:description","label":"New","total":0,"value":"New"}|0x44dcc2f2
13:27:38.0 (13969784)|VARIABLE_ASSIGNMENT|[EXTERNAL]|value|1
13:27:38.0 (13975637)|HEAP_ALLOCATE|[55]|Bytes:4
13:27:38.0 (13982829)|VARIABLE_ASSIGNMENT|[55]|this.total|1|0x44dcc2f2
13:27:38.0 (14005178)|HEAP_ALLOCATE|[53]|Bytes:5
13:27:38.0 (14016740)|HEAP_ALLOCATE|[53]|Bytes:36
13:27:38.0 (14023250)|VARIABLE_SCOPE_BEGIN|[53]|summ|NJ_SelectOptionLightning|true|false
13:27:38.0 (14050106)|VARIABLE_ASSIGNMENT|[53]|summ|{"colorCode":"#F4D03F","disabled":false,"escapeItem":false,"iconName":"action:info","label":"Tentative","total":0,"value":"Tentative"}|0x1ef745a
13:27:38.0 (14057525)|STATEMENT_EXECUTE|[53]
13:27:38.0 (14080806)|VARIABLE_ASSIGNMENT|[EXTERNAL]|this|{"colorCode":"#F4D03F","disabled":false,"escapeItem":false,"iconName":"action:info","label":"Tentative","total":0,"value":"Tentative"}|0x1ef745a
13:27:38.0 (14106874)|HEAP_ALLOCATE|[54]|Bytes:3
13:27:38.0 (14121234)|HEAP_ALLOCATE|[54]|Bytes:3
13:27:38.0 (14133762)|STATEMENT_EXECUTE|[54]
13:27:38.0 (14141684)|HEAP_ALLOCATE|[53]|Bytes:5
13:27:38.0 (14150812)|HEAP_ALLOCATE|[53]|Bytes:36
13:27:38.0 (14156888)|VARIABLE_SCOPE_BEGIN|[53]|summ|NJ_SelectOptionLightning|true|false
13:27:38.0 (14187683)|VARIABLE_ASSIGNMENT|[53]|summ|{"colorCode":"#1132D5","disabled":false,"escapeItem":false,"iconName":"action:submit_for_ap (6 more) ...","label":"AwaitConf","total":0,"value":"Awaiting Confirmatio (1 more) ..."}|0x54746109
13:27:38.0 (14196026)|STATEMENT_EXECUTE|[53]
13:27:38.0 (14219848)|VARIABLE_ASSIGNMENT|[EXTERNAL]|this|{"colorCode":"#1132D5","disabled":false,"escapeItem":false,"iconName":"action:submit_for_ap (6 more) ...","label":"AwaitConf","total":0,"value":"Awaiting Confirmatio (1 more) ..."}|0x54746109
13:27:38.0 (14242809)|HEAP_ALLOCATE|[54]|Bytes:3
13:27:38.0 (14256217)|HEAP_ALLOCATE|[54]|Bytes:3
13:27:38.0 (14267829)|STATEMENT_EXECUTE|[54]
13:27:38.0 (14275143)|HEAP_ALLOCATE|[53]|Bytes:5
13:27:38.0 (14283363)|HEAP_ALLOCATE|[53]|Bytes:36
13:27:38.0 (14289014)|VARIABLE_SCOPE_BEGIN|[53]|summ|NJ_SelectOptionLightning|true|false
13:27:38.0 (14316237)|VARIABLE_ASSIGNMENT|[53]|summ|{"colorCode":"#85C1E9","disabled":false,"escapeItem":false,"iconName":"action:user","label":"Confirmed","total":0,"value":"Confirmed"}|0x769de227
13:27:38.0 (14323477)|STATEMENT_EXECUTE|[53]
13:27:38.0 (14345929)|VARIABLE_ASSIGNMENT|[EXTERNAL]|this|{"colorCode":"#85C1E9","disabled":false,"escapeItem":false,"iconName":"action:user","label":"Confirmed","total":0,"value":"Confirmed"}|0x769de227
13:27:38.0 (14368170)|HEAP_ALLOCATE|[54]|Bytes:3
13:27:38.0 (14381933)|HEAP_ALLOCATE|[54]|Bytes:3
13:27:38.0 (14392893)|STATEMENT_EXECUTE|[54]
13:27:38.0 (14399830)|HEAP_ALLOCATE|[53]|Bytes:5
13:27:38.0 (14408055)|HEAP_ALLOCATE|[53]|Bytes:36
13:27:38.0 (14413308)|VARIABLE_SCOPE_BEGIN|[53]|summ|NJ_SelectOptionLightning|true|false
13:27:38.0 (14440125)|VARIABLE_ASSIGNMENT|[53]|summ|{"colorCode":"#EC7063","disabled":false,"escapeItem":false,"iconName":"action:reject","label":"CantCompl","total":0,"value":"Cannot Complete"}|0x58826b7c
13:27:38.0 (14447198)|STATEMENT_EXECUTE|[53]
13:27:38.0 (14469056)|VARIABLE_ASSIGNMENT|[EXTERNAL]|this|{"colorCode":"#EC7063","disabled":false,"escapeItem":false,"iconName":"action:reject","label":"CantCompl","total":0,"value":"Cannot Complete"}|0x58826b7c
13:27:38.0 (14490542)|HEAP_ALLOCATE|[54]|Bytes:3
13:27:38.0 (14503919)|HEAP_ALLOCATE|[54]|Bytes:3
13:27:38.0 (14514451)|STATEMENT_EXECUTE|[54]
13:27:38.0 (14521269)|HEAP_ALLOCATE|[53]|Bytes:5
13:27:38.0 (14529477)|HEAP_ALLOCATE|[53]|Bytes:36
13:27:38.0 (14534686)|VARIABLE_SCOPE_BEGIN|[53]|summ|NJ_SelectOptionLightning|true|false
13:27:38.0 (14561597)|VARIABLE_ASSIGNMENT|[53]|summ|{"colorCode":"#18090E","disabled":false,"escapeItem":false,"iconName":"action:close","label":"Cancelled","total":0,"value":"Cancelled"}|0x22359992
13:27:38.0 (14568336)|STATEMENT_EXECUTE|[53]
13:27:38.0 (14589290)|VARIABLE_ASSIGNMENT|[EXTERNAL]|this|{"colorCode":"#18090E","disabled":false,"escapeItem":false,"iconName":"action:close","label":"Cancelled","total":0,"value":"Cancelled"}|0x22359992
13:27:38.0 (14610439)|HEAP_ALLOCATE|[54]|Bytes:3
13:27:38.0 (14623448)|HEAP_ALLOCATE|[54]|Bytes:3
13:27:38.0 (14634087)|STATEMENT_EXECUTE|[54]
13:27:38.0 (14640780)|HEAP_ALLOCATE|[53]|Bytes:5
13:27:38.0 (14648778)|HEAP_ALLOCATE|[53]|Bytes:36
13:27:38.0 (14654180)|VARIABLE_SCOPE_BEGIN|[53]|summ|NJ_SelectOptionLightning|true|false
13:27:38.0 (14681921)|VARIABLE_ASSIGNMENT|[53]|summ|{"colorCode":"#58D68D","disabled":false,"escapeItem":false,"iconName":"action:approval","label":"Completed","total":0,"value":"Completed"}|0x553ec8f4
13:27:38.0 (14689006)|STATEMENT_EXECUTE|[53]
13:27:38.0 (14710416)|VARIABLE_ASSIGNMENT|[EXTERNAL]|this|{"colorCode":"#58D68D","disabled":false,"escapeItem":false,"iconName":"action:approval","label":"Completed","total":0,"value":"Completed"}|0x553ec8f4
13:27:38.0 (14731803)|HEAP_ALLOCATE|[54]|Bytes:3
13:27:38.0 (14747007)|HEAP_ALLOCATE|[54]|Bytes:3
13:27:38.0 (14757572)|STATEMENT_EXECUTE|[54]
13:27:38.0 (14764513)|HEAP_ALLOCATE|[53]|Bytes:5
13:27:38.0 (14774759)|VARIABLE_ASSIGNMENT|[53]|summ|null|
13:27:38.0 (14779324)|STATEMENT_EXECUTE|[58]
13:27:38.0 (14814391)|HEAP_ALLOCATE|[58]|Bytes:1
13:27:38.0 (14832208)|HEAP_ALLOCATE|[58]|Bytes:4
13:27:38.0 (14839072)|VARIABLE_ASSIGNMENT|[58]|totalStatus|1
13:27:38.0 (14847413)|METHOD_ENTRY|[49]||Database.QueryLocatorIterator.hasNext()
13:27:38.0 (14868664)|METHOD_EXIT|[49]||Database.QueryLocatorIterator.hasNext()
13:27:38.0 (14874478)|METHOD_ENTRY|[49]||Database.QueryLocatorIterator.next()
13:27:38.0 (14925214)|METHOD_EXIT|[49]||Database.QueryLocatorIterator.next()
13:27:38.0 (14932511)|VARIABLE_SCOPE_BEGIN|[49]|agr|AggregateResult|true|false
13:27:38.0 (14948787)|VARIABLE_ASSIGNMENT|[49]|agr|{"total":8,"stat":"Tentative"}|0x14d52286
13:27:38.0 (14955138)|STATEMENT_EXECUTE|[52]
13:27:38.0 (14969761)|HEAP_ALLOCATE|[53]|Bytes:5
13:27:38.0 (14978876)|HEAP_ALLOCATE|[53]|Bytes:36
13:27:38.0 (14988393)|VARIABLE_SCOPE_BEGIN|[53]|summ|NJ_SelectOptionLightning|true|false
13:27:38.0 (15016972)|VARIABLE_ASSIGNMENT|[53]|summ|{"colorCode":"#A2D9CE","disabled":false,"escapeItem":false,"iconName":"action:description","label":"New","total":1,"value":"New"}|0x44dcc2f2
13:27:38.0 (15024920)|STATEMENT_EXECUTE|[53]
13:27:38.0 (15047783)|VARIABLE_ASSIGNMENT|[EXTERNAL]|this|{"colorCode":"#A2D9CE","disabled":false,"escapeItem":false,"iconName":"action:description","label":"New","total":1,"value":"New"}|0x44dcc2f2
13:27:38.0 (15073009)|HEAP_ALLOCATE|[54]|Bytes:9
13:27:38.0 (15087274)|HEAP_ALLOCATE|[54]|Bytes:9
13:27:38.0 (15100129)|STATEMENT_EXECUTE|[54]
13:27:38.0 (15107639)|HEAP_ALLOCATE|[53]|Bytes:5
13:27:38.0 (15116329)|HEAP_ALLOCATE|[53]|Bytes:36
13:27:38.0 (15121198)|VARIABLE_SCOPE_BEGIN|[53]|summ|NJ_SelectOptionLightning|true|false
13:27:38.0 (15148353)|VARIABLE_ASSIGNMENT|[53]|summ|{"colorCode":"#F4D03F","disabled":false,"escapeItem":false,"iconName":"action:info","label":"Tentative","total":0,"value":"Tentative"}|0x1ef745a
13:27:38.0 (15155547)|STATEMENT_EXECUTE|[53]
13:27:38.0 (15176591)|VARIABLE_ASSIGNMENT|[EXTERNAL]|this|{"colorCode":"#F4D03F","disabled":false,"escapeItem":false,"iconName":"action:info","label":"Tentative","total":0,"value":"Tentative"}|0x1ef745a
13:27:38.0 (15198271)|HEAP_ALLOCATE|[54]|Bytes:9
13:27:38.0 (15211968)|HEAP_ALLOCATE|[54]|Bytes:9
13:27:38.0 (15224426)|STATEMENT_EXECUTE|[54]
13:27:38.0 (15226392)|STATEMENT_EXECUTE|[55]
13:27:38.0 (15245616)|HEAP_ALLOCATE|[55]|Bytes:1
13:27:38.0 (15285806)|VARIABLE_ASSIGNMENT|[EXTERNAL]|this|{"colorCode":"#F4D03F","disabled":false,"escapeItem":false,"iconName":"action:info","label":"Tentative","total":0,"value":"Tentative"}|0x1ef745a
13:27:38.0 (15295527)|VARIABLE_ASSIGNMENT|[EXTERNAL]|value|8
13:27:38.0 (15300800)|HEAP_ALLOCATE|[55]|Bytes:4
13:27:38.0 (15307421)|VARIABLE_ASSIGNMENT|[55]|this.total|8|0x1ef745a
13:27:38.0 (15321397)|HEAP_ALLOCATE|[53]|Bytes:5
13:27:38.0 (15329688)|HEAP_ALLOCATE|[53]|Bytes:36
13:27:38.0 (15335000)|VARIABLE_SCOPE_BEGIN|[53]|summ|NJ_SelectOptionLightning|true|false
13:27:38.0 (15362508)|VARIABLE_ASSIGNMENT|[53]|summ|{"colorCode":"#1132D5","disabled":false,"escapeItem":false,"iconName":"action:submit_for_ap (6 more) ...","label":"AwaitConf","total":0,"value":"Awaiting Confirmatio (1 more) ..."}|0x54746109
13:27:38.0 (15373292)|STATEMENT_EXECUTE|[53]
13:27:38.0 (15397034)|VARIABLE_ASSIGNMENT|[EXTERNAL]|this|{"colorCode":"#1132D5","disabled":false,"escapeItem":false,"iconName":"action:submit_for_ap (6 more) ...","label":"AwaitConf","total":0,"value":"Awaiting Confirmatio (1 more) ..."}|0x54746109
13:27:38.0 (15419686)|HEAP_ALLOCATE|[54]|Bytes:9
13:27:38.0 (15433146)|HEAP_ALLOCATE|[54]|Bytes:9
13:27:38.0 (15444730)|STATEMENT_EXECUTE|[54]
13:27:38.0 (15451932)|HEAP_ALLOCATE|[53]|Bytes:5
13:27:38.0 (15460149)|HEAP_ALLOCATE|[53]|Bytes:36
13:27:38.0 (15465293)|VARIABLE_SCOPE_BEGIN|[53]|summ|NJ_SelectOptionLightning|true|false
13:27:38.0 (15492938)|VARIABLE_ASSIGNMENT|[53]|summ|{"colorCode":"#85C1E9","disabled":false,"escapeItem":false,"iconName":"action:user","label":"Confirmed","total":0,"value":"Confirmed"}|0x769de227
13:27:38.0 (15499889)|STATEMENT_EXECUTE|[53]
13:27:38.0 (15520273)|VARIABLE_ASSIGNMENT|[EXTERNAL]|this|{"colorCode":"#85C1E9","disabled":false,"escapeItem":false,"iconName":"action:user","label":"Confirmed","total":0,"value":"Confirmed"}|0x769de227
13:27:38.0 (15541378)|HEAP_ALLOCATE|[54]|Bytes:9
13:27:38.0 (15554432)|HEAP_ALLOCATE|[54]|Bytes:9
13:27:38.0 (15565110)|STATEMENT_EXECUTE|[54]
13:27:38.0 (15571989)|HEAP_ALLOCATE|[53]|Bytes:5
13:27:38.0 (15580037)|HEAP_ALLOCATE|[53]|Bytes:36
13:27:38.0 (15585495)|VARIABLE_SCOPE_BEGIN|[53]|summ|NJ_SelectOptionLightning|true|false
13:27:38.0 (15613790)|VARIABLE_ASSIGNMENT|[53]|summ|{"colorCode":"#EC7063","disabled":false,"escapeItem":false,"iconName":"action:reject","label":"CantCompl","total":0,"value":"Cannot Complete"}|0x58826b7c
13:27:38.0 (15620637)|STATEMENT_EXECUTE|[53]
13:27:38.0 (15642866)|VARIABLE_ASSIGNMENT|[EXTERNAL]|this|{"colorCode":"#EC7063","disabled":false,"escapeItem":false,"iconName":"action:reject","label":"CantCompl","total":0,"value":"Cannot Complete"}|0x58826b7c
13:27:38.0 (15664131)|HEAP_ALLOCATE|[54]|Bytes:9
13:27:38.0 (15677611)|HEAP_ALLOCATE|[54]|Bytes:9
13:27:38.0 (15688439)|STATEMENT_EXECUTE|[54]
13:27:38.0 (15695257)|HEAP_ALLOCATE|[53]|Bytes:5
13:27:38.0 (15702894)|HEAP_ALLOCATE|[53]|Bytes:36
13:27:38.0 (15707391)|VARIABLE_SCOPE_BEGIN|[53]|summ|NJ_SelectOptionLightning|true|false
13:27:38.0 (15734831)|VARIABLE_ASSIGNMENT|[53]|summ|{"colorCode":"#18090E","disabled":false,"escapeItem":false,"iconName":"action:close","label":"Cancelled","total":0,"value":"Cancelled"}|0x22359992
13:27:38.0 (15743352)|STATEMENT_EXECUTE|[53]
13:27:38.0 (15765346)|VARIABLE_ASSIGNMENT|[EXTERNAL]|this|{"colorCode":"#18090E","disabled":false,"escapeItem":false,"iconName":"action:close","label":"Cancelled","total":0,"value":"Cancelled"}|0x22359992
13:27:38.0 (15786716)|HEAP_ALLOCATE|[54]|Bytes:9
13:27:38.0 (15800186)|HEAP_ALLOCATE|[54]|Bytes:9
13:27:38.0 (15811063)|STATEMENT_EXECUTE|[54]
13:27:38.0 (15818085)|HEAP_ALLOCATE|[53]|Bytes:5
13:27:38.0 (15826374)|HEAP_ALLOCATE|[53]|Bytes:36
13:27:38.0 (15830923)|VARIABLE_SCOPE_BEGIN|[53]|summ|NJ_SelectOptionLightning|true|false
13:27:38.0 (15857579)|VARIABLE_ASSIGNMENT|[53]|summ|{"colorCode":"#58D68D","disabled":false,"escapeItem":false,"iconName":"action:approval","label":"Completed","total":0,"value":"Completed"}|0x553ec8f4
13:27:38.0 (15864862)|STATEMENT_EXECUTE|[53]
13:27:38.0 (15885480)|VARIABLE_ASSIGNMENT|[EXTERNAL]|this|{"colorCode":"#58D68D","disabled":false,"escapeItem":false,"iconName":"action:approval","label":"Completed","total":0,"value":"Completed"}|0x553ec8f4
13:27:38.0 (15906592)|HEAP_ALLOCATE|[54]|Bytes:9
13:27:38.0 (15919748)|HEAP_ALLOCATE|[54]|Bytes:9
13:27:38.0 (15930198)|STATEMENT_EXECUTE|[54]
13:27:38.0 (15937067)|HEAP_ALLOCATE|[53]|Bytes:5
13:27:38.0 (15946647)|VARIABLE_ASSIGNMENT|[53]|summ|null|
13:27:38.0 (15951393)|STATEMENT_EXECUTE|[58]
13:27:38.0 (15972297)|HEAP_ALLOCATE|[58]|Bytes:1
13:27:38.0 (15992682)|HEAP_ALLOCATE|[58]|Bytes:4
13:27:38.0 (15998961)|VARIABLE_ASSIGNMENT|[58]|totalStatus|9
13:27:38.0 (16006989)|METHOD_ENTRY|[49]||Database.QueryLocatorIterator.hasNext()
13:27:38.0 (16026997)|METHOD_EXIT|[49]||Database.QueryLocatorIterator.hasNext()
13:27:38.0 (16032449)|METHOD_ENTRY|[49]||Database.QueryLocatorIterator.next()
13:27:38.0 (16080047)|METHOD_EXIT|[49]||Database.QueryLocatorIterator.next()
13:27:38.0 (16087161)|VARIABLE_SCOPE_BEGIN|[49]|agr|AggregateResult|true|false
13:27:38.0 (16101329)|VARIABLE_ASSIGNMENT|[49]|agr|{"total":1,"stat":"Completed"}|0x3080031c
13:27:38.0 (16107725)|STATEMENT_EXECUTE|[52]
13:27:38.0 (16121454)|HEAP_ALLOCATE|[53]|Bytes:5
13:27:38.0 (16129836)|HEAP_ALLOCATE|[53]|Bytes:36
13:27:38.0 (16135100)|VARIABLE_SCOPE_BEGIN|[53]|summ|NJ_SelectOptionLightning|true|false
13:27:38.0 (16161015)|VARIABLE_ASSIGNMENT|[53]|summ|{"colorCode":"#A2D9CE","disabled":false,"escapeItem":false,"iconName":"action:description","label":"New","total":1,"value":"New"}|0x44dcc2f2
13:27:38.0 (16167993)|STATEMENT_EXECUTE|[53]
13:27:38.0 (16189832)|VARIABLE_ASSIGNMENT|[EXTERNAL]|this|{"colorCode":"#A2D9CE","disabled":false,"escapeItem":false,"iconName":"action:description","label":"New","total":1,"value":"New"}|0x44dcc2f2
13:27:38.0 (16213851)|HEAP_ALLOCATE|[54]|Bytes:9
13:27:38.0 (16227484)|HEAP_ALLOCATE|[54]|Bytes:9
13:27:38.0 (16239558)|STATEMENT_EXECUTE|[54]
13:27:38.0 (16246834)|HEAP_ALLOCATE|[53]|Bytes:5
13:27:38.0 (16255506)|HEAP_ALLOCATE|[53]|Bytes:36
13:27:38.0 (16261065)|VARIABLE_SCOPE_BEGIN|[53]|summ|NJ_SelectOptionLightning|true|false
13:27:38.0 (16288018)|VARIABLE_ASSIGNMENT|[53]|summ|{"colorCode":"#F4D03F","disabled":false,"escapeItem":false,"iconName":"action:info","label":"Tentative","total":8,"value":"Tentative"}|0x1ef745a
13:27:38.0 (16294585)|STATEMENT_EXECUTE|[53]
13:27:38.0 (16315935)|VARIABLE_ASSIGNMENT|[EXTERNAL]|this|{"colorCode":"#F4D03F","disabled":false,"escapeItem":false,"iconName":"action:info","label":"Tentative","total":8,"value":"Tentative"}|0x1ef745a
13:27:38.0 (16337809)|HEAP_ALLOCATE|[54]|Bytes:9
13:27:38.0 (16351072)|HEAP_ALLOCATE|[54]|Bytes:9
13:27:38.0 (16361774)|STATEMENT_EXECUTE|[54]
13:27:38.0 (16368773)|HEAP_ALLOCATE|[53]|Bytes:5
13:27:38.0 (16376503)|HEAP_ALLOCATE|[53]|Bytes:36
13:27:38.0 (16381686)|VARIABLE_SCOPE_BEGIN|[53]|summ|NJ_SelectOptionLightning|true|false
13:27:38.0 (16410575)|VARIABLE_ASSIGNMENT|[53]|summ|{"colorCode":"#1132D5","disabled":false,"escapeItem":false,"iconName":"action:submit_for_ap (6 more) ...","label":"AwaitConf","total":0,"value":"Awaiting Confirmatio (1 more) ..."}|0x54746109
13:27:38.0 (16417100)|STATEMENT_EXECUTE|[53]
13:27:38.0 (16441168)|VARIABLE_ASSIGNMENT|[EXTERNAL]|this|{"colorCode":"#1132D5","disabled":false,"escapeItem":false,"iconName":"action:submit_for_ap (6 more) ...","label":"AwaitConf","total":0,"value":"Awaiting Confirmatio (1 more) ..."}|0x54746109
13:27:38.0 (16462381)|HEAP_ALLOCATE|[54]|Bytes:9
13:27:38.0 (16476066)|HEAP_ALLOCATE|[54]|Bytes:9
13:27:38.0 (16487289)|STATEMENT_EXECUTE|[54]
13:27:38.0 (16494045)|HEAP_ALLOCATE|[53]|Bytes:5
13:27:38.0 (16502257)|HEAP_ALLOCATE|[53]|Bytes:36
13:27:38.0 (16507160)|VARIABLE_SCOPE_BEGIN|[53]|summ|NJ_SelectOptionLightning|true|false
13:27:38.0 (16532994)|VARIABLE_ASSIGNMENT|[53]|summ|{"colorCode":"#85C1E9","disabled":false,"escapeItem":false,"iconName":"action:user","label":"Confirmed","total":0,"value":"Confirmed"}|0x769de227
13:27:38.0 (16540074)|STATEMENT_EXECUTE|[53]
13:27:38.0 (16560656)|VARIABLE_ASSIGNMENT|[EXTERNAL]|this|{"colorCode":"#85C1E9","disabled":false,"escapeItem":false,"iconName":"action:user","label":"Confirmed","total":0,"value":"Confirmed"}|0x769de227
13:27:38.0 (16581467)|HEAP_ALLOCATE|[54]|Bytes:9
13:27:38.0 (16594727)|HEAP_ALLOCATE|[54]|Bytes:9
13:27:38.0 (16606293)|STATEMENT_EXECUTE|[54]
13:27:38.0 (16613115)|HEAP_ALLOCATE|[53]|Bytes:5
13:27:38.0 (16621224)|HEAP_ALLOCATE|[53]|Bytes:36
13:27:38.0 (16626681)|VARIABLE_SCOPE_BEGIN|[53]|summ|NJ_SelectOptionLightning|true|false
13:27:38.0 (16653662)|VARIABLE_ASSIGNMENT|[53]|summ|{"colorCode":"#EC7063","disabled":false,"escapeItem":false,"iconName":"action:reject","label":"CantCompl","total":0,"value":"Cannot Complete"}|0x58826b7c
13:27:38.0 (16660734)|STATEMENT_EXECUTE|[53]
13:27:38.0 (16682327)|VARIABLE_ASSIGNMENT|[EXTERNAL]|this|{"colorCode":"#EC7063","disabled":false,"escapeItem":false,"iconName":"action:reject","label":"CantCompl","total":0,"value":"Cannot Complete"}|0x58826b7c
13:27:38.0 (16703613)|HEAP_ALLOCATE|[54]|Bytes:9
13:27:38.0 (16717275)|HEAP_ALLOCATE|[54]|Bytes:9
13:27:38.0 (16728325)|STATEMENT_EXECUTE|[54]
13:27:38.0 (16735351)|HEAP_ALLOCATE|[53]|Bytes:5
13:27:38.0 (16744758)|HEAP_ALLOCATE|[53]|Bytes:36
13:27:38.0 (16750064)|VARIABLE_SCOPE_BEGIN|[53]|summ|NJ_SelectOptionLightning|true|false
13:27:38.0 (16777747)|VARIABLE_ASSIGNMENT|[53]|summ|{"colorCode":"#18090E","disabled":false,"escapeItem":false,"iconName":"action:close","label":"Cancelled","total":0,"value":"Cancelled"}|0x22359992
13:27:38.0 (16784803)|STATEMENT_EXECUTE|[53]
13:27:38.0 (16806156)|VARIABLE_ASSIGNMENT|[EXTERNAL]|this|{"colorCode":"#18090E","disabled":false,"escapeItem":false,"iconName":"action:close","label":"Cancelled","total":0,"value":"Cancelled"}|0x22359992
13:27:38.0 (16827023)|HEAP_ALLOCATE|[54]|Bytes:9
13:27:38.0 (16840248)|HEAP_ALLOCATE|[54]|Bytes:9
13:27:38.0 (16852034)|STATEMENT_EXECUTE|[54]
13:27:38.0 (16858853)|HEAP_ALLOCATE|[53]|Bytes:5
13:27:38.0 (16866281)|HEAP_ALLOCATE|[53]|Bytes:36
13:27:38.0 (16870725)|VARIABLE_SCOPE_BEGIN|[53]|summ|NJ_SelectOptionLightning|true|false
13:27:38.0 (16897304)|VARIABLE_ASSIGNMENT|[53]|summ|{"colorCode":"#58D68D","disabled":false,"escapeItem":false,"iconName":"action:approval","label":"Completed","total":0,"value":"Completed"}|0x553ec8f4
13:27:38.0 (16904686)|STATEMENT_EXECUTE|[53]
13:27:38.0 (16926923)|VARIABLE_ASSIGNMENT|[EXTERNAL]|this|{"colorCode":"#58D68D","disabled":false,"escapeItem":false,"iconName":"action:approval","label":"Completed","total":0,"value":"Completed"}|0x553ec8f4
13:27:38.0 (16948058)|HEAP_ALLOCATE|[54]|Bytes:9
13:27:38.0 (16960872)|HEAP_ALLOCATE|[54]|Bytes:9
13:27:38.0 (16974233)|STATEMENT_EXECUTE|[54]
13:27:38.0 (16976032)|STATEMENT_EXECUTE|[55]
13:27:38.0 (16998946)|HEAP_ALLOCATE|[55]|Bytes:1
13:27:38.0 (17039491)|VARIABLE_ASSIGNMENT|[EXTERNAL]|this|{"colorCode":"#58D68D","disabled":false,"escapeItem":false,"iconName":"action:approval","label":"Completed","total":0,"value":"Completed"}|0x553ec8f4
13:27:38.0 (17050225)|VARIABLE_ASSIGNMENT|[EXTERNAL]|value|1
13:27:38.0 (17055396)|HEAP_ALLOCATE|[55]|Bytes:4
13:27:38.0 (17062448)|VARIABLE_ASSIGNMENT|[55]|this.total|1|0x553ec8f4
13:27:38.0 (17076786)|HEAP_ALLOCATE|[53]|Bytes:5
13:27:38.0 (17085425)|VARIABLE_ASSIGNMENT|[53]|summ|null|
13:27:38.0 (17089942)|STATEMENT_EXECUTE|[58]
13:27:38.0 (17112203)|HEAP_ALLOCATE|[58]|Bytes:1
13:27:38.0 (17128578)|HEAP_ALLOCATE|[58]|Bytes:4
13:27:38.0 (17134554)|VARIABLE_ASSIGNMENT|[58]|totalStatus|10
13:27:38.0 (17141572)|METHOD_ENTRY|[49]||Database.QueryLocatorIterator.hasNext()
13:27:38.0 (17154218)|METHOD_EXIT|[49]||Database.QueryLocatorIterator.hasNext()
13:27:38.0 (17161436)|VARIABLE_ASSIGNMENT|[49]|agr|null|
13:27:38.0 (17174200)|STATEMENT_EXECUTE|[60]
13:27:38.0 (17177159)|HEAP_ALLOCATE|[60]|Bytes:56
13:27:38.0 (17190632)|HEAP_ALLOCATE|[60]|Bytes:4
13:27:38.0 (17682208)|SOQL_EXECUTE_BEGIN|[60]|Aggregations:0|SELECT Id FROM WorkOrder WHERE CaseId = :tmpVar1 LIMIT 1
13:27:38.0 (22136926)|SOQL_EXECUTE_END|[60]|Rows:1
13:27:38.0 (22157129)|HEAP_ALLOCATE|[60]|Bytes:8
13:27:38.0 (22170840)|HEAP_ALLOCATE|[60]|Bytes:29
13:27:38.0 (22223044)|HEAP_ALLOCATE|[60]|Bytes:8
13:27:38.0 (22235515)|VARIABLE_SCOPE_BEGIN|[60]|workOrders|List<WorkOrder>|true|false
13:27:38.0 (22256953)|VARIABLE_ASSIGNMENT|[60]|workOrders|[{"Id":"0WON00000004ZS9OAM"}]|0x77ccc0af
13:27:38.0 (22303844)|STATEMENT_EXECUTE|[66]
13:27:38.0 (22306502)|STATEMENT_EXECUTE|[67]
13:27:38.0 (22312948)|HEAP_ALLOCATE|[67]|Bytes:5
13:27:38.0 (22324591)|VARIABLE_ASSIGNMENT|[67]|this.hasWorkOrder|true|0x5b8e4905
13:27:38.0 (22330049)|STATEMENT_EXECUTE|[69]
13:27:38.0 (22335157)|HEAP_ALLOCATE|[69]|Bytes:36
13:27:38.0 (22340121)|HEAP_ALLOCATE|[69]|Bytes:5
13:27:38.0 (22344536)|HEAP_ALLOCATE|[69]|Bytes:23
13:27:38.0 (22355972)|CONSTRUCTOR_ENTRY|[69]|01pN0000000s8L4|<init>(String,String,String,String)|NJ_SelectOptionLightning
13:27:38.0 (22373038)|VARIABLE_SCOPE_BEGIN|[24]|this|NJ_SelectOptionLightning|true|false
13:27:38.0 (22397226)|VARIABLE_ASSIGNMENT|[24]|this|{}|0x398cd993
13:27:38.0 (22403583)|VARIABLE_SCOPE_BEGIN|[24]|value|String|false|false
13:27:38.0 (22412233)|VARIABLE_ASSIGNMENT|[24]|value|"Total"
13:27:38.0 (22416453)|VARIABLE_SCOPE_BEGIN|[24]|label|String|false|false
13:27:38.0 (22423945)|VARIABLE_ASSIGNMENT|[24]|label|"Total"
13:27:38.0 (22427895)|VARIABLE_SCOPE_BEGIN|[24]|color|String|false|false
13:27:38.0 (22435690)|VARIABLE_ASSIGNMENT|[24]|color|""
13:27:38.0 (22439722)|VARIABLE_SCOPE_BEGIN|[24]|iconName|String|false|false
13:27:38.0 (22448453)|VARIABLE_ASSIGNMENT|[24]|iconName|"action:add_relations (3 more) ..."
13:27:38.0 (22453572)|STATEMENT_EXECUTE|[6]
13:27:38.0 (22455291)|STATEMENT_EXECUTE|[47]
13:27:38.0 (22456884)|STATEMENT_EXECUTE|[49]
13:27:38.0 (22458306)|STATEMENT_EXECUTE|[51]
13:27:38.0 (22459651)|STATEMENT_EXECUTE|[53]
13:27:38.0 (22461072)|STATEMENT_EXECUTE|[55]
13:27:38.0 (22462439)|STATEMENT_EXECUTE|[58]
13:27:38.0 (22463771)|STATEMENT_EXECUTE|[60]
13:27:38.0 (22465110)|STATEMENT_EXECUTE|[62]
13:27:38.0 (22478284)|STATEMENT_EXECUTE|[24]
13:27:38.0 (22479998)|STATEMENT_EXECUTE|[25]
13:27:38.0 (22498232)|VARIABLE_ASSIGNMENT|[EXTERNAL]|this|{}|0x398cd993
13:27:38.0 (22507984)|VARIABLE_ASSIGNMENT|[EXTERNAL]|value|"Total"
13:27:38.0 (22517906)|VARIABLE_ASSIGNMENT|[49]|this.value|"Total"|0x398cd993
13:27:38.0 (22527911)|STATEMENT_EXECUTE|[26]
13:27:38.0 (22544376)|VARIABLE_ASSIGNMENT|[EXTERNAL]|this|{"value":"Total"}|0x398cd993
13:27:38.0 (22552528)|VARIABLE_ASSIGNMENT|[EXTERNAL]|value|"Total"
13:27:38.0 (22559314)|VARIABLE_ASSIGNMENT|[47]|this.label|"Total"|0x398cd993
13:27:38.0 (22566677)|STATEMENT_EXECUTE|[27]
13:27:38.0 (22583295)|VARIABLE_ASSIGNMENT|[EXTERNAL]|this|{"label":"Total","value":"Total"}|0x398cd993
13:27:38.0 (22593648)|VARIABLE_ASSIGNMENT|[EXTERNAL]|value|false
13:27:38.0 (22599104)|HEAP_ALLOCATE|[51]|Bytes:5
13:27:38.0 (22605604)|VARIABLE_ASSIGNMENT|[51]|this.disabled|false|0x398cd993
13:27:38.0 (22613027)|STATEMENT_EXECUTE|[28]
13:27:38.0 (22631033)|VARIABLE_ASSIGNMENT|[EXTERNAL]|this|{"disabled":false,"label":"Total","value":"Total"}|0x398cd993
13:27:38.0 (22639628)|VARIABLE_ASSIGNMENT|[EXTERNAL]|value|false
13:27:38.0 (22644155)|HEAP_ALLOCATE|[53]|Bytes:5
13:27:38.0 (22650319)|VARIABLE_ASSIGNMENT|[53]|this.escapeItem|false|0x398cd993
13:27:38.0 (22658370)|STATEMENT_EXECUTE|[29]
13:27:38.0 (22676418)|VARIABLE_ASSIGNMENT|[EXTERNAL]|this|{"disabled":false,"escapeItem":false,"label":"Total","value":"Total"}|0x398cd993
13:27:38.0 (22684371)|VARIABLE_ASSIGNMENT|[EXTERNAL]|value|""
13:27:38.0 (22691169)|VARIABLE_ASSIGNMENT|[60]|this.colorCode|""|0x398cd993
13:27:38.0 (22698273)|STATEMENT_EXECUTE|[30]
13:27:38.0 (22716976)|VARIABLE_ASSIGNMENT|[EXTERNAL]|this|{"colorCode":"","disabled":false,"escapeItem":false,"label":"Total","value":"Total"}|0x398cd993
13:27:38.0 (22727940)|VARIABLE_ASSIGNMENT|[EXTERNAL]|value|"action:add_relations (3 more) ..."
13:27:38.0 (22737097)|VARIABLE_ASSIGNMENT|[62]|this.iconName|"action:add_relations (3 more) ..."|0x398cd993
13:27:38.0 (22746325)|STATEMENT_EXECUTE|[31]
13:27:38.0 (22768132)|VARIABLE_ASSIGNMENT|[EXTERNAL]|this|{"colorCode":"","disabled":false,"escapeItem":false,"iconName":"action:add_relations (3 more) ...","label":"Total","value":"Total"}|0x398cd993
13:27:38.0 (22778723)|VARIABLE_ASSIGNMENT|[EXTERNAL]|value|0
13:27:38.0 (22783670)|HEAP_ALLOCATE|[55]|Bytes:4
13:27:38.0 (22789487)|VARIABLE_ASSIGNMENT|[55]|this.total|0|0x398cd993
13:27:38.0 (22801735)|CONSTRUCTOR_EXIT|[69]|01pN0000000s8L4|<init>(String,String,String,String)|NJ_SelectOptionLightning
13:27:38.0 (22808705)|VARIABLE_SCOPE_BEGIN|[69]|totalOpt|NJ_SelectOptionLightning|true|false
13:27:38.0 (22834946)|VARIABLE_ASSIGNMENT|[69]|totalOpt|{"colorCode":"","disabled":false,"escapeItem":false,"iconName":"action:add_relations (3 more) ...","label":"Total","total":0,"value":"Total"}|0x398cd993
13:27:38.0 (22842381)|STATEMENT_EXECUTE|[70]
13:27:38.0 (22873578)|VARIABLE_ASSIGNMENT|[EXTERNAL]|this|{"colorCode":"","disabled":false,"escapeItem":false,"iconName":"action:add_relations (3 more) ...","label":"Total","total":0,"value":"Total"}|0x398cd993
13:27:38.0 (22883140)|VARIABLE_ASSIGNMENT|[EXTERNAL]|value|10
13:27:38.0 (22887972)|HEAP_ALLOCATE|[55]|Bytes:4
13:27:38.0 (22893894)|VARIABLE_ASSIGNMENT|[55]|this.total|10|0x398cd993
13:27:38.0 (22901696)|STATEMENT_EXECUTE|[71]
13:27:38.0 (22925908)|HEAP_ALLOCATE|[EXTERNAL]|Bytes:4
13:27:38.0 (22933976)|STATEMENT_EXECUTE|[72]
13:27:38.0 (22942815)|SYSTEM_MODE_EXIT|false
13:27:38.22 (22975252)|CUMULATIVE_LIMIT_USAGE
13:27:38.22 (22975252)|LIMIT_USAGE_FOR_NS|(default)|
  Number of SOQL queries: 2 out of 100
  Number of query rows: 4 out of 50000
  Number of SOSL queries: 0 out of 20
  Number of DML statements: 0 out of 150
  Number of DML rows: 0 out of 10000
  Maximum CPU time: 0 out of 10000
  Maximum heap size: 0 out of 6000000
  Number of callouts: 0 out of 100
  Number of Email Invocations: 0 out of 10
  Number of future calls: 0 out of 50
  Number of queueable jobs added to the queue: 0 out of 50
  Number of Mobile Apex push calls: 0 out of 10

13:27:38.22 (22975252)|CUMULATIVE_LIMIT_USAGE_END

13:27:38.0 (23014663)|CODE_UNIT_FINISHED|NJ_ClaimPlannerController.initClaimPlanner(String)
13:27:38.0 (23234854)|CODE_UNIT_FINISHED|Aura
13:27:38.0 (24304006)|EXECUTION_FINISHED
