44.0 APEX_CODE,FINEST;APEX_PROFILING,INFO;CALLOUT,INFO;DB,INFO;NBA,INFO;SYSTEM,DEBUG;VALIDATION,INFO;VISUALFORCE,INFO;WAVE,INFO;WORKFLOW,INFO
13:27:26.0 (90340)|USER_INFO|[EXTERNAL]|005N0000005hvfr|nikhil.jaitly@homerepair.com.uat|Australian Eastern Standard Time|GMT+11:00
13:27:26.0 (125363)|EXECUTION_STARTED
13:27:26.0 (129716)|CODE_UNIT_STARTED|[EXTERNAL]|Aura
13:27:26.0 (744799)|HEAP_ALLOCATE|[72]|Bytes:3
13:27:26.0 (797170)|HEAP_ALLOCATE|[77]|Bytes:152
13:27:26.0 (813171)|HEAP_ALLOCATE|[342]|Bytes:408
13:27:26.0 (826587)|HEAP_ALLOCATE|[355]|Bytes:408
13:27:26.0 (837180)|HEAP_ALLOCATE|[467]|Bytes:48
13:27:26.0 (860873)|HEAP_ALLOCATE|[139]|Bytes:6
13:27:26.0 (880367)|HEAP_ALLOCATE|[EXTERNAL]|Bytes:5
13:27:26.0 (888679)|HEAP_ALLOCATE|[EXTERNAL]|Bytes:5
13:27:26.0 (1610320)|CODE_UNIT_STARTED|[EXTERNAL]|01pN0000000oWSC|LightningFileUploadController.fetchCustomMetaDataValues(String)
13:27:26.0 (1708919)|HEAP_ALLOCATE|[EXTERNAL]|Bytes:7
13:27:26.0 (1721384)|METHOD_ENTRY|[1]|01pN0000000oWSC|LightningFileUploadController.LightningFileUploadController()
13:27:26.0 (1728570)|STATEMENT_EXECUTE|[1]
13:27:26.0 (1734057)|STATEMENT_EXECUTE|[1]
13:27:26.0 (1738428)|METHOD_EXIT|[1]|LightningFileUploadController
13:27:26.0 (1744129)|HEAP_ALLOCATE|[EXTERNAL]|Bytes:5
13:27:26.0 (1755134)|SYSTEM_MODE_ENTER|false
13:27:26.0 (1763468)|VARIABLE_SCOPE_BEGIN|[14]|platform|String|false|false
13:27:26.0 (1784895)|VARIABLE_ASSIGNMENT|[14]|platform|"Claim"
13:27:26.0 (1795993)|STATEMENT_EXECUTE|[14]
13:27:26.0 (1797802)|STATEMENT_EXECUTE|[15]
13:27:26.0 (1836384)|HEAP_ALLOCATE|[15]|Bytes:4
13:27:26.0 (1876589)|VARIABLE_SCOPE_BEGIN|[15]|platformList|List<String>|true|false
13:27:26.0 (1906287)|HEAP_ALLOCATE|[EXTERNAL]|Bytes:4
13:27:26.0 (1920592)|VARIABLE_ASSIGNMENT|[15]|platformList|[]|0x3981aa79
13:27:26.0 (1926208)|STATEMENT_EXECUTE|[16]
13:27:26.0 (1929421)|HEAP_ALLOCATE|[16]|Bytes:64
13:27:26.0 (1934839)|HEAP_ALLOCATE|[16]|Bytes:1
13:27:26.0 (1947829)|HEAP_ALLOCATE|[16]|Bytes:70
13:27:26.0 (1980617)|HEAP_ALLOCATE|[50]|Bytes:5
13:27:26.0 (2004138)|HEAP_ALLOCATE|[56]|Bytes:5
13:27:26.0 (2013123)|HEAP_ALLOCATE|[64]|Bytes:7
13:27:26.0 (2286905)|SOQL_EXECUTE_BEGIN|[16]|Aggregations:0|SELECT MasterLabel FROM Document_Type__mdt WHERE Platform__c = 'Claim'
13:27:26.0 (5925671)|SOQL_EXECUTE_END|[16]|Rows:6
13:27:26.0 (5950720)|HEAP_ALLOCATE|[16]|Bytes:28
13:27:26.0 (5973447)|HEAP_ALLOCATE|[16]|Bytes:346
13:27:26.0 (6028505)|HEAP_ALLOCATE|[16]|Bytes:28
13:27:26.0 (6054483)|VARIABLE_SCOPE_BEGIN|[16]|DocumentTypeList|List<Document_Type__mdt>|true|false
13:27:26.0 (6072594)|VARIABLE_ASSIGNMENT|[16]|DocumentTypeList|"List of size 6 too large to display"|0x5be01a3
13:27:26.0 (6269285)|HEAP_ALLOCATE|[17]|Bytes:5
13:27:26.0 (6304385)|HEAP_ALLOCATE|[17]|Bytes:12
13:27:26.0 (6313691)|VARIABLE_SCOPE_BEGIN|[17]|dt|Document_Type__mdt|true|false
13:27:26.0 (6334930)|VARIABLE_ASSIGNMENT|[17]|dt|{"MasterLabel":"Liability quote","Id":"m05N000000004BhIAI"}|0x57450523
13:27:26.0 (6342414)|STATEMENT_EXECUTE|[17]
13:27:26.0 (6344464)|STATEMENT_EXECUTE|[18]
13:27:26.0 (6400742)|HEAP_ALLOCATE|[EXTERNAL]|Bytes:4
13:27:26.0 (6417518)|HEAP_ALLOCATE|[17]|Bytes:5
13:27:26.0 (6428904)|HEAP_ALLOCATE|[17]|Bytes:12
13:27:26.0 (6434707)|VARIABLE_SCOPE_BEGIN|[17]|dt|Document_Type__mdt|true|false
13:27:26.0 (6450478)|VARIABLE_ASSIGNMENT|[17]|dt|{"MasterLabel":"Assessment Report","Id":"m05N000000004BcIAI"}|0x75e6a20b
13:27:26.0 (6456575)|STATEMENT_EXECUTE|[17]
13:27:26.0 (6458256)|STATEMENT_EXECUTE|[18]
13:27:26.0 (6469030)|HEAP_ALLOCATE|[EXTERNAL]|Bytes:4
13:27:26.0 (6479613)|HEAP_ALLOCATE|[17]|Bytes:5
13:27:26.0 (6488579)|HEAP_ALLOCATE|[17]|Bytes:12
13:27:26.0 (6493521)|VARIABLE_SCOPE_BEGIN|[17]|dt|Document_Type__mdt|true|false
13:27:26.0 (6505999)|VARIABLE_ASSIGNMENT|[17]|dt|{"MasterLabel":"Cash Settlement","Id":"m05N000000004BeIAI"}|0x73068adf
13:27:26.0 (6511499)|STATEMENT_EXECUTE|[17]
13:27:26.0 (6512974)|STATEMENT_EXECUTE|[18]
13:27:26.0 (6520657)|HEAP_ALLOCATE|[EXTERNAL]|Bytes:4
13:27:26.0 (6530071)|HEAP_ALLOCATE|[17]|Bytes:5
13:27:26.0 (6538241)|HEAP_ALLOCATE|[17]|Bytes:12
13:27:26.0 (6543299)|VARIABLE_SCOPE_BEGIN|[17]|dt|Document_Type__mdt|true|false
13:27:26.0 (6554500)|VARIABLE_ASSIGNMENT|[17]|dt|{"MasterLabel":"Partial Decline","Id":"m05N000000004BlIAI"}|0x6d7fac6f
13:27:26.0 (6560274)|STATEMENT_EXECUTE|[17]
13:27:26.0 (6561842)|STATEMENT_EXECUTE|[18]
13:27:26.0 (6568482)|HEAP_ALLOCATE|[EXTERNAL]|Bytes:4
13:27:26.0 (6577705)|HEAP_ALLOCATE|[17]|Bytes:5
13:27:26.0 (6585653)|HEAP_ALLOCATE|[17]|Bytes:12
13:27:26.0 (6590435)|VARIABLE_SCOPE_BEGIN|[17]|dt|Document_Type__mdt|true|false
13:27:26.0 (6601958)|VARIABLE_ASSIGNMENT|[17]|dt|{"MasterLabel":"Others","Id":"m05N000000004BkIAI"}|0x126cd0fe
13:27:26.0 (6607349)|STATEMENT_EXECUTE|[17]
13:27:26.0 (6608900)|STATEMENT_EXECUTE|[18]
13:27:26.0 (6615197)|HEAP_ALLOCATE|[EXTERNAL]|Bytes:4
13:27:26.0 (6624505)|HEAP_ALLOCATE|[17]|Bytes:5
13:27:26.0 (6632193)|HEAP_ALLOCATE|[17]|Bytes:12
13:27:26.0 (6637039)|VARIABLE_SCOPE_BEGIN|[17]|dt|Document_Type__mdt|true|false
13:27:26.0 (6648453)|VARIABLE_ASSIGNMENT|[17]|dt|{"MasterLabel":"Decline Report","Id":"m05N000000004BfIAI"}|0x52dade42
13:27:26.0 (6653426)|STATEMENT_EXECUTE|[17]
13:27:26.0 (6654932)|STATEMENT_EXECUTE|[18]
13:27:26.0 (6661314)|HEAP_ALLOCATE|[EXTERNAL]|Bytes:4
13:27:26.0 (6670404)|HEAP_ALLOCATE|[17]|Bytes:5
13:27:26.0 (6680162)|VARIABLE_ASSIGNMENT|[17]|dt|null|
13:27:26.0 (6684892)|STATEMENT_EXECUTE|[20]
13:27:26.0 (6692063)|SYSTEM_MODE_EXIT|false
13:27:26.6 (6714260)|CUMULATIVE_LIMIT_USAGE
13:27:26.6 (6714260)|LIMIT_USAGE_FOR_NS|(default)|
  Number of SOQL queries: 0 out of 100
  Number of query rows: 6 out of 50000
  Number of SOSL queries: 0 out of 20
  Number of DML statements: 0 out of 150
  Number of DML rows: 0 out of 10000
  Maximum CPU time: 0 out of 10000
  Maximum heap size: 0 out of 6000000
  Number of callouts: 0 out of 100
  Number of Email Invocations: 0 out of 10
  Number of future calls: 0 out of 50
  Number of queueable jobs added to the queue: 0 out of 50
  Number of Mobile Apex push calls: 0 out of 10

13:27:26.6 (6714260)|CUMULATIVE_LIMIT_USAGE_END

13:27:26.0 (6744749)|CODE_UNIT_FINISHED|LightningFileUploadController.fetchCustomMetaDataValues(String)
13:27:26.0 (6792870)|CODE_UNIT_FINISHED|Aura
13:27:26.0 (7817842)|EXECUTION_FINISHED
