44.0 APEX_CODE,FINEST;APEX_PROFILING,INFO;CALLOUT,INFO;DB,INFO;NBA,INFO;SYSTEM,DEBUG;VALIDATION,INFO;VISUALFORCE,INFO;WAVE,INFO;WORKFLOW,INFO
13:27:00.0 (100516)|USER_INFO|[EXTERNAL]|005N0000005hvfr|nikhil.jaitly@homerepair.com.uat|Australian Eastern Standard Time|GMT+11:00
13:27:00.0 (146891)|EXECUTION_STARTED
13:27:00.0 (151946)|CODE_UNIT_STARTED|[EXTERNAL]|Aura
13:27:00.0 (653306)|HEAP_ALLOCATE|[72]|Bytes:3
13:27:00.0 (712033)|HEAP_ALLOCATE|[77]|Bytes:152
13:27:00.0 (732328)|HEAP_ALLOCATE|[342]|Bytes:408
13:27:00.0 (746460)|HEAP_ALLOCATE|[355]|Bytes:408
13:27:00.0 (757092)|HEAP_ALLOCATE|[467]|Bytes:48
13:27:00.0 (787978)|HEAP_ALLOCATE|[139]|Bytes:6
13:27:00.0 (805330)|HEAP_ALLOCATE|[EXTERNAL]|Bytes:15
13:27:00.0 (817309)|HEAP_ALLOCATE|[EXTERNAL]|Bytes:4
13:27:00.0 (1596082)|CODE_UNIT_STARTED|[EXTERNAL]|01pN0000000s8L0|NJ_ClaimAppointmentsController.getClaimServiceData(Id)
13:27:00.0 (1764300)|VARIABLE_SCOPE_BEGIN|[3]|NJ_ClaimAppointmentsController.woMap|Map<Id,WorkOrder>|true|true
13:27:00.0 (1837288)|HEAP_ALLOCATE|[EXTERNAL]|Bytes:33
13:27:00.0 (1844277)|HEAP_ALLOCATE|[EXTERNAL]|Bytes:2
13:27:00.0 (1848461)|HEAP_ALLOCATE|[EXTERNAL]|Bytes:29
13:27:00.0 (1862160)|METHOD_ENTRY|[1]|01pN0000000s8L0|NJ_ClaimAppointmentsController.NJ_ClaimAppointmentsController()
13:27:00.0 (1869292)|STATEMENT_EXECUTE|[1]
13:27:00.0 (1875343)|STATEMENT_EXECUTE|[1]
13:27:00.0 (1877176)|STATEMENT_EXECUTE|[3]
13:27:00.0 (1893853)|HEAP_ALLOCATE|[3]|Bytes:4
13:27:00.0 (1962886)|VARIABLE_ASSIGNMENT|[3]|NJ_ClaimAppointmentsController.woMap|{}|0x270b43bb
13:27:00.0 (1970667)|STATEMENT_EXECUTE|[114]
13:27:00.0 (1972586)|STATEMENT_EXECUTE|[168]
13:27:00.0 (1978872)|METHOD_EXIT|[1]|NJ_ClaimAppointmentsController
13:27:00.0 (1985225)|HEAP_ALLOCATE|[EXTERNAL]|Bytes:4
13:27:00.0 (1996803)|SYSTEM_MODE_ENTER|false
13:27:00.0 (2006497)|VARIABLE_SCOPE_BEGIN|[13]|claimId|Id|false|false
13:27:00.0 (2245454)|VARIABLE_ASSIGNMENT|[13]|claimId|"500N000000CB1ZDIA1"
13:27:00.0 (2259300)|STATEMENT_EXECUTE|[13]
13:27:00.0 (2261117)|STATEMENT_EXECUTE|[16]
13:27:00.0 (2272381)|HEAP_ALLOCATE|[16]|Bytes:4
13:27:00.0 (2293450)|VARIABLE_ASSIGNMENT|[16]|NJ_ClaimAppointmentsController.woMap|{}|0x66648e72
13:27:00.0 (2302919)|HEAP_ALLOCATE|[17]|Bytes:176
13:27:00.0 (2315644)|HEAP_ALLOCATE|[17]|Bytes:4
13:27:00.0 (2324283)|HEAP_ALLOCATE|[17]|Bytes:7
13:27:00.0 (2370655)|HEAP_ALLOCATE|[50]|Bytes:5
13:27:00.0 (2396768)|HEAP_ALLOCATE|[56]|Bytes:5
13:27:00.0 (2405166)|HEAP_ALLOCATE|[64]|Bytes:7
13:27:00.0 (3824930)|SOQL_EXECUTE_BEGIN|[17]|Aggregations:0|SELECT Id, Status, WorkTypeId, WorkType.Name, CaseId, WorkOrderNumber, Case.CaseNumber FROM WorkOrder 
13:27:00.0 (10348741)|SOQL_EXECUTE_END|[17]|Rows:2
13:27:00.0 (10379736)|HEAP_ALLOCATE|[EXTERNAL]|Bytes:12
13:27:00.0 (10645517)|HEAP_ALLOCATE|[17]|Bytes:54
13:27:00.0 (10657326)|HEAP_ALLOCATE|[17]|Bytes:8
13:27:00.0 (10674094)|SYSTEM_METHOD_ENTRY|[7]|QueryLocatorIterator.QueryLocatorIterator()
13:27:00.0 (10680031)|STATEMENT_EXECUTE|[7]
13:27:00.0 (10690459)|SYSTEM_METHOD_EXIT|[7]|QueryLocatorIterator
13:27:00.0 (10702510)|HEAP_ALLOCATE|[17]|Bytes:28
13:27:00.0 (10760398)|HEAP_ALLOCATE|[17]|Bytes:12
13:27:00.0 (10777309)|HEAP_ALLOCATE|[17]|Bytes:8
13:27:00.0 (10781098)|HEAP_ALLOCATE|[17]|Bytes:8
13:27:00.0 (10787973)|VARIABLE_SCOPE_BEGIN|[15]|this|Database.QueryLocatorIterator|true|false
13:27:00.0 (10837463)|VARIABLE_ASSIGNMENT|[15]|this|{}|0xae4420d
13:27:00.0 (10847983)|VARIABLE_SCOPE_BEGIN|[15]|values|List<SObject>|true|false
13:27:00.0 (10901991)|VARIABLE_ASSIGNMENT|[15]|values|[{"Id":"0WON00000000WJNOA2","Status":"Closed","WorkTypeId":"08qN00000004CeRIAU","CaseId":"500N000000CB1ZDIA1","WorkOrderNumber":"00002362","WorkType":{"Name":"MS - Roofer","Id":"08qN00000004CeRIAU"},"Case":{"CaseNumber":"00020538","Id":"500N000000CB1ZDIA1"}},{"Id":"0WON00000004auxOAA","Status":"Assessment Scheduled","WorkTypeId":"08qN00000004Cc6IAE","CaseId":"500N000000CB1ZDIA1","WorkOrderNumber":"00004653","WorkType":{"Name":"Assessment","Id":"08qN00000004Cc6IAE"},"Case":{"CaseNumber":"00020538","Id":"500N000000CB1ZDIA1"}}]|0x19f44ded
13:27:00.0 (10921855)|VARIABLE_SCOPE_BEGIN|[15]|ql|Database.QueryLocator|true|false
13:27:00.0 (10946026)|VARIABLE_ASSIGNMENT|[15]|ql|{"query":"SELECT Id, Status, W (156 more) ..."}|0x6f856973
13:27:00.0 (10956660)|VARIABLE_SCOPE_BEGIN|[15]|totalNumRecords|Integer|false|false
13:27:00.0 (10969951)|VARIABLE_ASSIGNMENT|[15]|totalNumRecords|2
13:27:00.0 (10977430)|VARIABLE_SCOPE_BEGIN|[15]|queryMoreSize|Integer|false|false
13:27:00.0 (10984623)|VARIABLE_ASSIGNMENT|[15]|queryMoreSize|49998
13:27:00.0 (11100647)|HEAP_ALLOCATE|[17]|Bytes:28
13:27:00.0 (11127484)|METHOD_ENTRY|[17]||Database.QueryLocatorIterator.hasNext()
13:27:00.0 (11226413)|METHOD_EXIT|[17]||Database.QueryLocatorIterator.hasNext()
13:27:00.0 (11235260)|METHOD_ENTRY|[17]||Database.QueryLocatorIterator.next()
13:27:00.0 (11328706)|METHOD_EXIT|[17]||Database.QueryLocatorIterator.next()
13:27:00.0 (11339188)|VARIABLE_SCOPE_BEGIN|[17]|trade|WorkOrder|true|false
13:27:00.0 (11370595)|VARIABLE_ASSIGNMENT|[17]|trade|{"Id":"0WON00000000WJNOA2","Status":"Closed","WorkTypeId":"08qN00000004CeRIAU","CaseId":"500N000000CB1ZDIA1","WorkOrderNumber":"00002362","WorkType":{"Name":"MS - Roofer","Id":"08qN00000004CeRIAU"},"Case":{"CaseNumber":"00020538","Id":"500N000000CB1ZDIA1"}}|0x200bcf78
13:27:00.0 (11381085)|STATEMENT_EXECUTE|[21]
13:27:00.0 (11383192)|STATEMENT_EXECUTE|[22]
13:27:00.0 (11462280)|HEAP_ALLOCATE|[EXTERNAL]|Bytes:-4
13:27:00.0 (11472905)|STATEMENT_EXECUTE|[23]
13:27:00.0 (11478102)|HEAP_ALLOCATE|[23]|Bytes:12
13:27:00.0 (11569488)|HEAP_ALLOCATE|[23]|Bytes:132
13:27:00.0 (11593799)|HEAP_ALLOCATE|[23]|Bytes:144
13:27:00.0 (11617652)|USER_DEBUG|[23]|DEBUG|Work Order: WorkOrder:{Id=0WON00000000WJNOA2, Status=Closed, WorkTypeId=08qN00000004CeRIAU, CaseId=500N000000CB1ZDIA1, WorkOrderNumber=00002362}
13:27:00.0 (11627382)|STATEMENT_EXECUTE|[24]
13:27:00.0 (11630765)|HEAP_ALLOCATE|[24]|Bytes:13
13:27:00.0 (11694168)|HEAP_ALLOCATE|[24]|Bytes:21
13:27:00.0 (11719294)|USER_DEBUG|[24]|DEBUG|Claim Number:00020538
13:27:00.0 (11727383)|STATEMENT_EXECUTE|[25]
13:27:00.0 (11730571)|HEAP_ALLOCATE|[25]|Bytes:7
13:27:00.0 (11790450)|HEAP_ALLOCATE|[25]|Bytes:153
13:27:00.0 (11805085)|HEAP_ALLOCATE|[25]|Bytes:160
13:27:00.0 (11815581)|USER_DEBUG|[25]|DEBUG|WOMAP: {0WON00000000WJNOA2=WorkOrder:{Id=0WON00000000WJNOA2, Status=Closed, WorkTypeId=08qN00000004CeRIAU, CaseId=500N000000CB1ZDIA1, WorkOrderNumber=00002362}}
13:27:00.0 (11828076)|METHOD_ENTRY|[17]||Database.QueryLocatorIterator.hasNext()
13:27:00.0 (11851406)|METHOD_EXIT|[17]||Database.QueryLocatorIterator.hasNext()
13:27:00.0 (11858090)|METHOD_ENTRY|[17]||Database.QueryLocatorIterator.next()
13:27:00.0 (11911443)|METHOD_EXIT|[17]||Database.QueryLocatorIterator.next()
13:27:00.0 (11921454)|VARIABLE_SCOPE_BEGIN|[17]|trade|WorkOrder|true|false
13:27:00.0 (11955540)|VARIABLE_ASSIGNMENT|[17]|trade|{"Id":"0WON00000004auxOAA","Status":"Assessment Scheduled","WorkTypeId":"08qN00000004Cc6IAE","CaseId":"500N000000CB1ZDIA1","WorkOrderNumber":"00004653","WorkType":{"Name":"Assessment","Id":"08qN00000004Cc6IAE"},"Case":{"CaseNumber":"00020538","Id":"500N000000CB1ZDIA1"}}|0x4323cbb
13:27:00.0 (11965484)|STATEMENT_EXECUTE|[21]
13:27:00.0 (11967248)|STATEMENT_EXECUTE|[22]
13:27:00.0 (11981724)|HEAP_ALLOCATE|[EXTERNAL]|Bytes:-4
13:27:00.0 (11988755)|STATEMENT_EXECUTE|[23]
13:27:00.0 (12027259)|HEAP_ALLOCATE|[23]|Bytes:146
13:27:00.0 (12041381)|HEAP_ALLOCATE|[23]|Bytes:158
13:27:00.0 (12049610)|USER_DEBUG|[23]|DEBUG|Work Order: WorkOrder:{Id=0WON00000004auxOAA, Status=Assessment Scheduled, WorkTypeId=08qN00000004Cc6IAE, CaseId=500N000000CB1ZDIA1, WorkOrderNumber=00004653}
13:27:00.0 (12057626)|STATEMENT_EXECUTE|[24]
13:27:00.0 (12070723)|HEAP_ALLOCATE|[24]|Bytes:21
13:27:00.0 (12077937)|USER_DEBUG|[24]|DEBUG|Claim Number:00020538
13:27:00.0 (12084737)|STATEMENT_EXECUTE|[25]
13:27:00.0 (12138490)|HEAP_ALLOCATE|[25]|Bytes:320
13:27:00.0 (12151179)|HEAP_ALLOCATE|[25]|Bytes:327
13:27:00.0 (12157984)|USER_DEBUG|[25]|DEBUG|WOMAP: {0WON00000000WJNOA2=WorkOrder:{Id=0WON00000000WJNOA2, Status=Closed, WorkTypeId=08qN00000004CeRIAU, CaseId=500N000000CB1ZDIA1, WorkOrderNumber=00002362}, 0WON00000004auxOAA=WorkOrder:{Id=0WON00000004auxOAA, Status=Assessment Scheduled, WorkTypeId=08qN00000004Cc6IAE, CaseId=500N000000CB1ZDIA1, WorkOrderNumber=00004653}}
13:27:00.0 (12169865)|METHOD_ENTRY|[17]||Database.QueryLocatorIterator.hasNext()
13:27:00.0 (12186581)|METHOD_EXIT|[17]||Database.QueryLocatorIterator.hasNext()
13:27:00.0 (12200054)|VARIABLE_ASSIGNMENT|[17]|trade|null|
13:27:00.0 (12235693)|STATEMENT_EXECUTE|[27]
13:27:00.0 (12238213)|STATEMENT_EXECUTE|[28]
13:27:00.0 (12255180)|HEAP_ALLOCATE|[28]|Bytes:4
13:27:00.0 (12287112)|VARIABLE_SCOPE_BEGIN|[28]|appointmentWorkOrderSet|Set<Id>|true|false
13:27:00.0 (12317816)|VARIABLE_ASSIGNMENT|[28]|appointmentWorkOrderSet|[]|0x4ac641b5
13:27:00.0 (12324443)|STATEMENT_EXECUTE|[30]
13:27:00.0 (12908468)|HEAP_ALLOCATE|[30]|Bytes:4
13:27:00.0 (12961924)|VARIABLE_SCOPE_BEGIN|[30]|returnWOList|List<NJ_ClaimAppointmentsController.ClaimWorkWrapper>|true|false
13:27:00.0 (12984154)|HEAP_ALLOCATE|[EXTERNAL]|Bytes:4
13:27:00.0 (12995525)|VARIABLE_ASSIGNMENT|[30]|returnWOList|[]|0x92525f0
13:27:00.0 (13006730)|HEAP_ALLOCATE|[31]|Bytes:439
13:27:00.0 (13023926)|HEAP_ALLOCATE|[31]|Bytes:4
13:27:00.0 (13068916)|HEAP_ALLOCATE|[37]|Bytes:48
13:27:00.0 (15099432)|SOQL_EXECUTE_BEGIN|[31]|Aggregations:1|SELECT Id, Status, ParentRecordId, AppointmentNumber, Sort_Order__c, SchedStartTime, SchedEndTime, DurationInMinutes, EarliestStartTime, DueDate, Service_Resource__r.Name, Claim__c, Claim__r.Claim_Number__c, Claim__r.CaseNumber, (SELECT Product2.Name, Product_Description__c FROM Work_Order_Line_Items__r WHERE Cash_Settled__c != TRUE) FROM ServiceAppointment 
13:27:00.0 (40576979)|SOQL_EXECUTE_END|[31]|Rows:2
13:27:00.0 (40614951)|HEAP_ALLOCATE|[EXTERNAL]|Bytes:12
13:27:00.0 (40796692)|HEAP_ALLOCATE|[31]|Bytes:28
13:27:00.0 (40898139)|HEAP_ALLOCATE|[31]|Bytes:12
13:27:00.0 (40915817)|HEAP_ALLOCATE|[31]|Bytes:8
13:27:00.0 (40920203)|HEAP_ALLOCATE|[31]|Bytes:8
13:27:00.0 (40928864)|VARIABLE_SCOPE_BEGIN|[15]|this|Database.QueryLocatorIterator|true|false
13:27:00.0 (40975873)|VARIABLE_ASSIGNMENT|[15]|this|{}|0x397f27d5
13:27:00.0 (40983187)|VARIABLE_SCOPE_BEGIN|[15]|values|List<SObject>|true|false
13:27:00.0 (41091772)|VARIABLE_ASSIGNMENT|[15]|values|[{"Id":"08pN00000008SmdIAE","Status":"New","ParentRecordId":"0WON00000000WJNOA2","AppointmentNumber":"SA-2844","SchedStartTime":"2018-11-15T20:00:00.000Z","SchedEndTime":"2018-11-15T21:00:00.000Z","DurationInMinutes":60.00,"EarliestStartTime":"2018-11-15T05:09:00.000Z","DueDate":"2018-11-22T05:09:00.000Z","Service_Resource__c":"0HnN00000008OVdKAM","Claim__c":"500N000000CB1ZDIA1","Service_Resource__r":{"Name":"Jack London","Id":"0HnN00000008OVdKAM"},"Claim__r":{"Claim_Number__c":"H026494829","CaseNumber":"00020538","Id":"500N000000CB1ZDIA1"}},{"Id":"08pN00000004OvyIAE","Status":"Confirmed","ParentRecordId":"0WON00000004auxOAA","AppointmentNumber":"SA-4436","SchedStartTime":"2018-12-10T02:00:00.000Z","SchedEndTime":"2018-12-10T03:00:00.000Z","DurationInMinutes":60.00,"EarliestStartTime":"2018-12-07T02:03:00.000Z","DueDate":"2018-12-14T02:03:00.000Z","Service_Resource__c":"0HnN00000008OlgKAE","Claim__c":"500N000000CB1ZDIA1","Service_Resource__r":{"Name":"Greg Patten","Id":"0HnN00000008OlgKAE"},"Claim__r":{"Claim_Number__c":"H026494829","CaseNumber":"00020538","Id":"500N000000CB1ZDIA1"}}]|0x6f93091a
13:27:00.0 (41111416)|VARIABLE_SCOPE_BEGIN|[15]|ql|Database.QueryLocator|true|false
13:27:00.0 (41131758)|VARIABLE_ASSIGNMENT|[15]|ql|{"query":"SELECT Id, Status, P (419 more) ..."}|0x76b075a4
13:27:00.0 (41137954)|VARIABLE_SCOPE_BEGIN|[15]|totalNumRecords|Integer|false|false
13:27:00.0 (41146102)|VARIABLE_ASSIGNMENT|[15]|totalNumRecords|2
13:27:00.0 (41149930)|VARIABLE_SCOPE_BEGIN|[15]|queryMoreSize|Integer|false|false
13:27:00.0 (41156793)|VARIABLE_ASSIGNMENT|[15]|queryMoreSize|49996
13:27:00.0 (41231814)|HEAP_ALLOCATE|[31]|Bytes:28
13:27:00.0 (41254314)|METHOD_ENTRY|[31]||Database.QueryLocatorIterator.hasNext()
13:27:00.0 (41338975)|METHOD_EXIT|[31]||Database.QueryLocatorIterator.hasNext()
13:27:00.0 (41347718)|METHOD_ENTRY|[31]||Database.QueryLocatorIterator.next()
13:27:00.0 (41423022)|METHOD_EXIT|[31]||Database.QueryLocatorIterator.next()
13:27:00.0 (41432240)|VARIABLE_SCOPE_BEGIN|[31]|sa|ServiceAppointment|true|false
13:27:00.0 (41480701)|VARIABLE_ASSIGNMENT|[31]|sa|{"Id":"08pN00000008SmdIAE","Status":"New","ParentRecordId":"0WON00000000WJNOA2","AppointmentNumber":"SA-2844","SchedStartTime":"2018-11-15T20:00:00.000Z","SchedEndTime":"2018-11-15T21:00:00.000Z","DurationInMinutes":60.00,"EarliestStartTime":"2018-11-15T05:09:00.000Z","DueDate":"2018-11-22T05:09:00.000Z","Service_Resource__c":"0HnN00000008OVdKAM","Claim__c":"500N000000CB1ZDIA1","Service_Resource__r":{"Name":"Jack London","Id":"0HnN00000008OVdKAM"},"Claim__r":{"Claim_Number__c":"H026494829","CaseNumber":"00020538","Id":"500N000000CB1ZDIA1"}}|0x22dde40
13:27:00.0 (41495804)|STATEMENT_EXECUTE|[39]
13:27:00.0 (41498852)|STATEMENT_EXECUTE|[41]
13:27:00.0 (41546787)|HEAP_ALLOCATE|[41]|Bytes:7
13:27:00.0 (41831769)|HEAP_ALLOCATE|[41]|Bytes:40
13:27:00.0 (41954660)|CONSTRUCTOR_ENTRY|[41]|01pN0000000s8L0|<init>(ServiceAppointment,WorkOrder)|NJ_ClaimAppointmentsController.ClaimWorkWrapper
13:27:00.0 (41970028)|VARIABLE_SCOPE_BEGIN|[126]|this|NJ_ClaimAppointmentsController.ClaimWorkWrapper|true|false
13:27:00.0 (41998645)|VARIABLE_ASSIGNMENT|[126]|this|{}|0xe98a97
13:27:00.0 (42009037)|VARIABLE_SCOPE_BEGIN|[126]|sa|ServiceAppointment|true|false
13:27:00.0 (42055126)|VARIABLE_ASSIGNMENT|[126]|sa|{"Id":"08pN00000008SmdIAE","Status":"New","ParentRecordId":"0WON00000000WJNOA2","AppointmentNumber":"SA-2844","SchedStartTime":"2018-11-15T20:00:00.000Z","SchedEndTime":"2018-11-15T21:00:00.000Z","DurationInMinutes":60.00,"EarliestStartTime":"2018-11-15T05:09:00.000Z","DueDate":"2018-11-22T05:09:00.000Z","Service_Resource__c":"0HnN00000008OVdKAM","Claim__c":"500N000000CB1ZDIA1","Service_Resource__r":{"Name":"Jack London","Id":"0HnN00000008OVdKAM"},"Claim__r":{"Claim_Number__c":"H026494829","CaseNumber":"00020538","Id":"500N000000CB1ZDIA1"}}|0x22dde40
13:27:00.0 (42071694)|VARIABLE_SCOPE_BEGIN|[126]|trade|WorkOrder|true|false
13:27:00.0 (42097505)|VARIABLE_ASSIGNMENT|[126]|trade|{"Id":"0WON00000000WJNOA2","Status":"Closed","WorkTypeId":"08qN00000004CeRIAU","CaseId":"500N000000CB1ZDIA1","WorkOrderNumber":"00002362","WorkType":{"Name":"MS - Roofer","Id":"08qN00000004CeRIAU"},"Case":{"CaseNumber":"00020538","Id":"500N000000CB1ZDIA1"}}|0x200bcf78
13:27:00.0 (42106731)|STATEMENT_EXECUTE|[114]
13:27:00.0 (42108808)|STATEMENT_EXECUTE|[116]
13:27:00.0 (42110815)|STATEMENT_EXECUTE|[117]
13:27:00.0 (42112461)|STATEMENT_EXECUTE|[118]
13:27:00.0 (42114392)|STATEMENT_EXECUTE|[119]
13:27:00.0 (42116820)|STATEMENT_EXECUTE|[120]
13:27:00.0 (42119269)|STATEMENT_EXECUTE|[121]
13:27:00.0 (42120664)|STATEMENT_EXECUTE|[122]
13:27:00.0 (42121989)|STATEMENT_EXECUTE|[123]
13:27:00.0 (42123565)|STATEMENT_EXECUTE|[124]
13:27:00.0 (42138241)|STATEMENT_EXECUTE|[126]
13:27:00.0 (42163164)|STATEMENT_EXECUTE|[127]
13:27:00.0 (42164984)|STATEMENT_EXECUTE|[128]
13:27:00.0 (42214152)|VARIABLE_ASSIGNMENT|[128]|this.claimNumber|"00020538"|0xe98a97
13:27:00.0 (42221273)|STATEMENT_EXECUTE|[130]
13:27:00.0 (42226969)|HEAP_ALLOCATE|[130]|Bytes:7
13:27:00.0 (42238649)|VARIABLE_ASSIGNMENT|[130]|this.appointmentDuration|"0 Hours"|0xe98a97
13:27:00.0 (42243849)|STATEMENT_EXECUTE|[131]
13:27:00.0 (42246469)|HEAP_ALLOCATE|[131]|Bytes:23
13:27:00.0 (42255349)|VARIABLE_ASSIGNMENT|[131]|this.appointmentNumber|"Appointment not crea (3 more) ..."|0xe98a97
13:27:00.0 (42260373)|STATEMENT_EXECUTE|[132]
13:27:00.0 (42261993)|STATEMENT_EXECUTE|[133]
13:27:00.0 (42283982)|VARIABLE_ASSIGNMENT|[133]|this.appointmentNumber|"SA-2844"|0xe98a97
13:27:00.0 (42290638)|STATEMENT_EXECUTE|[134]
13:27:00.0 (42346296)|METHOD_ENTRY|[134]|01pN0000000s8L0|NJ_ClaimAppointmentsController.ClaimWorkWrapper.getTimeEntry(Decimal)
13:27:00.0 (42379342)|VARIABLE_SCOPE_BEGIN|[151]|this|NJ_ClaimAppointmentsController.ClaimWorkWrapper|true|false
13:27:00.0 (42407595)|VARIABLE_ASSIGNMENT|[151]|this|{"appointmentDuration":"0 Hours","appointmentNumber":"SA-2844","claimNumber":"00020538"}|0xe98a97
13:27:00.0 (42420819)|VARIABLE_SCOPE_BEGIN|[151]|durationInMinutes|Decimal|false|false
13:27:00.0 (42431553)|VARIABLE_ASSIGNMENT|[151]|durationInMinutes|60.00
13:27:00.0 (42438539)|STATEMENT_EXECUTE|[151]
13:27:00.0 (42440733)|STATEMENT_EXECUTE|[152]
13:27:00.0 (42442274)|STATEMENT_EXECUTE|[155]
13:27:00.0 (42463821)|HEAP_ALLOCATE|[155]|Bytes:28
13:27:00.0 (42565613)|HEAP_ALLOCATE|[155]|Bytes:28
13:27:00.0 (42571031)|HEAP_ALLOCATE|[155]|Bytes:28
13:27:00.0 (42603878)|VARIABLE_SCOPE_BEGIN|[155]|hours|Integer|false|false
13:27:00.0 (42613367)|HEAP_ALLOCATE|[155]|Bytes:4
13:27:00.0 (42621798)|VARIABLE_ASSIGNMENT|[155]|hours|1
13:27:00.0 (42626666)|STATEMENT_EXECUTE|[156]
13:27:00.0 (42633149)|HEAP_ALLOCATE|[156]|Bytes:28
13:27:00.0 (42660870)|HEAP_ALLOCATE|[156]|Bytes:28
13:27:00.0 (42665158)|HEAP_ALLOCATE|[156]|Bytes:28
13:27:00.0 (42687684)|VARIABLE_SCOPE_BEGIN|[156]|mins|Integer|false|false
13:27:00.0 (42694610)|HEAP_ALLOCATE|[156]|Bytes:4
13:27:00.0 (42700972)|VARIABLE_ASSIGNMENT|[156]|mins|0
13:27:00.0 (42704786)|STATEMENT_EXECUTE|[158]
13:27:00.0 (42727889)|HEAP_ALLOCATE|[158]|Bytes:1
13:27:00.0 (42739264)|HEAP_ALLOCATE|[158]|Bytes:7
13:27:00.0 (42747189)|HEAP_ALLOCATE|[158]|Bytes:8
13:27:00.0 (42753921)|METHOD_EXIT|[134]|01pN0000000s8L0|NJ_ClaimAppointmentsController.ClaimWorkWrapper.getTimeEntry(Decimal)
13:27:00.0 (42767097)|VARIABLE_ASSIGNMENT|[134]|this.appointmentDuration|"1 Hours "|0xe98a97
13:27:00.0 (42772735)|STATEMENT_EXECUTE|[135]
13:27:00.0 (42807763)|VARIABLE_ASSIGNMENT|[135]|this.appointmentStatus|"New"|0xe98a97
13:27:00.0 (42814390)|STATEMENT_EXECUTE|[136]
13:27:00.0 (42834585)|HEAP_ALLOCATE|[136]|Bytes:18
13:27:00.0 (42847858)|VARIABLE_ASSIGNMENT|[136]|this.appointmentId|"08pN00000008SmdIAE"|0xe98a97
13:27:00.0 (42855005)|HEAP_ALLOCATE|[138]|Bytes:24
13:27:00.0 (42860328)|HEAP_ALLOCATE|[138]|Bytes:17
13:27:00.0 (42895634)|HEAP_ALLOCATE|[EXTERNAL]|Bytes:4
13:27:00.0 (42941824)|HEAP_ALLOCATE|[138]|Bytes:4
13:27:00.0 (42952045)|STATEMENT_EXECUTE|[138]
13:27:00.0 (42954474)|STATEMENT_EXECUTE|[139]
13:27:00.0 (42964494)|HEAP_ALLOCATE|[139]|Bytes:4
13:27:00.0 (43028380)|HEAP_ALLOCATE|[EXTERNAL]|Bytes:4
13:27:00.0 (43040992)|VARIABLE_ASSIGNMENT|[139]|this.workScopeList|[]|0xe98a97
13:27:00.0 (43133901)|HEAP_ALLOCATE|[140]|Bytes:28
13:27:00.0 (43148212)|HEAP_ALLOCATE|[140]|Bytes:8
13:27:00.0 (43152105)|HEAP_ALLOCATE|[140]|Bytes:8
13:27:00.0 (43156303)|VARIABLE_SCOPE_BEGIN|[15]|this|Database.QueryLocatorIterator|true|false
13:27:00.0 (43177891)|VARIABLE_ASSIGNMENT|[15]|this|{}|0x130d7fd7
13:27:00.0 (43184180)|VARIABLE_SCOPE_BEGIN|[15]|values|List<SObject>|true|false
13:27:00.0 (43193190)|VARIABLE_ASSIGNMENT|[15]|values|null|
13:27:00.0 (43201111)|VARIABLE_SCOPE_BEGIN|[15]|ql|Database.QueryLocator|true|false
13:27:00.0 (43211010)|VARIABLE_ASSIGNMENT|[15]|ql|{}|0xc9eca40
13:27:00.0 (43216252)|VARIABLE_SCOPE_BEGIN|[15]|totalNumRecords|Integer|false|false
13:27:00.0 (43224604)|VARIABLE_ASSIGNMENT|[15]|totalNumRecords|0
13:27:00.0 (43230287)|VARIABLE_SCOPE_BEGIN|[15]|queryMoreSize|Integer|false|false
13:27:00.0 (43238924)|VARIABLE_ASSIGNMENT|[15]|queryMoreSize|200
13:27:00.0 (43280341)|HEAP_ALLOCATE|[140]|Bytes:28
13:27:00.0 (43296089)|METHOD_ENTRY|[140]||Database.QueryLocatorIterator.hasNext()
13:27:00.0 (43310220)|METHOD_EXIT|[140]||Database.QueryLocatorIterator.hasNext()
13:27:00.0 (43327607)|VARIABLE_ASSIGNMENT|[140]|work|null|
13:27:00.0 (43333150)|STATEMENT_EXECUTE|[140]
13:27:00.0 (43336164)|STATEMENT_EXECUTE|[145]
13:27:00.0 (43346968)|HEAP_ALLOCATE|[145]|Bytes:18
13:27:00.0 (43359547)|VARIABLE_ASSIGNMENT|[145]|this.workOrderId|"0WON00000000WJNOA2"|0xe98a97
13:27:00.0 (43365914)|STATEMENT_EXECUTE|[146]
13:27:00.0 (43390713)|VARIABLE_ASSIGNMENT|[146]|this.workOrderNumber|"00002362"|0xe98a97
13:27:00.0 (43399409)|STATEMENT_EXECUTE|[147]
13:27:00.0 (43478050)|VARIABLE_ASSIGNMENT|[147]|this.workTypeName|"MS - Roofer"|0xe98a97
13:27:00.0 (43496454)|CONSTRUCTOR_EXIT|[41]|01pN0000000s8L0|<init>(ServiceAppointment,WorkOrder)|NJ_ClaimAppointmentsController.ClaimWorkWrapper
13:27:00.0 (43518042)|HEAP_ALLOCATE|[EXTERNAL]|Bytes:4
13:27:00.0 (43526189)|STATEMENT_EXECUTE|[42]
13:27:00.0 (43564368)|HEAP_ALLOCATE|[EXTERNAL]|Bytes:4
13:27:00.0 (43573640)|STATEMENT_EXECUTE|[43]
13:27:00.0 (43577276)|HEAP_ALLOCATE|[43]|Bytes:10
13:27:00.0 (43608857)|HEAP_ALLOCATE|[43]|Bytes:14
13:27:00.0 (43628561)|USER_DEBUG|[43]|DEBUG|Sort Ordernull
13:27:00.0 (43637609)|STATEMENT_EXECUTE|[44]
13:27:00.0 (43640834)|HEAP_ALLOCATE|[44]|Bytes:19
13:27:00.0 (43775928)|HEAP_ALLOCATE|[44]|Bytes:348
13:27:00.0 (43794800)|HEAP_ALLOCATE|[44]|Bytes:367
13:27:00.0 (43804544)|USER_DEBUG|[44]|DEBUG|Service AppointmentServiceAppointment:{Id=08pN00000008SmdIAE, Status=New, ParentRecordId=0WON00000000WJNOA2, AppointmentNumber=SA-2844, SchedStartTime=2018-11-15 20:00:00, SchedEndTime=2018-11-15 21:00:00, DurationInMinutes=60.00, EarliestStartTime=2018-11-15 05:09:00, DueDate=2018-11-22 05:09:00, Service_Resource__c=0HnN00000008OVdKAM, Claim__c=500N000000CB1ZDIA1}
13:27:00.0 (43815798)|STATEMENT_EXECUTE|[45]
13:27:00.0 (43819088)|HEAP_ALLOCATE|[45]|Bytes:11
13:27:00.0 (43835521)|HEAP_ALLOCATE|[45]|Bytes:19
13:27:00.0 (43854984)|USER_DEBUG|[45]|DEBUG|ClaimNumber00020538
13:27:00.0 (43863086)|STATEMENT_EXECUTE|[46]
13:27:00.0 (43866339)|HEAP_ALLOCATE|[46]|Bytes:16
13:27:00.0 (43921113)|HEAP_ALLOCATE|[46]|Bytes:257
13:27:00.0 (43934411)|HEAP_ALLOCATE|[46]|Bytes:273
13:27:00.0 (43945474)|USER_DEBUG|[46]|DEBUG|ClaimWorkWrapper(ClaimWorkWrapper:[appointmentDuration=1 Hours , appointmentId=08pN00000008SmdIAE, appointmentNumber=SA-2844, appointmentStatus=New, claimNumber=00020538, workOrderId=0WON00000000WJNOA2, workOrderNumber=00002362, workScopeList=(), workTypeName=MS - Roofer])
13:27:00.0 (43962850)|METHOD_ENTRY|[31]||Database.QueryLocatorIterator.hasNext()
13:27:00.0 (43987954)|METHOD_EXIT|[31]||Database.QueryLocatorIterator.hasNext()
13:27:00.0 (43993627)|METHOD_ENTRY|[31]||Database.QueryLocatorIterator.next()
13:27:00.0 (44051241)|METHOD_EXIT|[31]||Database.QueryLocatorIterator.next()
13:27:00.0 (44059823)|VARIABLE_SCOPE_BEGIN|[31]|sa|ServiceAppointment|true|false
13:27:00.0 (44116396)|VARIABLE_ASSIGNMENT|[31]|sa|{"Id":"08pN00000004OvyIAE","Status":"Confirmed","ParentRecordId":"0WON00000004auxOAA","AppointmentNumber":"SA-4436","SchedStartTime":"2018-12-10T02:00:00.000Z","SchedEndTime":"2018-12-10T03:00:00.000Z","DurationInMinutes":60.00,"EarliestStartTime":"2018-12-07T02:03:00.000Z","DueDate":"2018-12-14T02:03:00.000Z","Service_Resource__c":"0HnN00000008OlgKAE","Claim__c":"500N000000CB1ZDIA1","Service_Resource__r":{"Name":"Greg Patten","Id":"0HnN00000008OlgKAE"},"Claim__r":{"Claim_Number__c":"H026494829","CaseNumber":"00020538","Id":"500N000000CB1ZDIA1"}}|0x5865e777
13:27:00.0 (44130652)|STATEMENT_EXECUTE|[39]
13:27:00.0 (44132562)|STATEMENT_EXECUTE|[41]
13:27:00.0 (44137396)|HEAP_ALLOCATE|[41]|Bytes:40
13:27:00.0 (44166724)|CONSTRUCTOR_ENTRY|[41]|01pN0000000s8L0|<init>(ServiceAppointment,WorkOrder)|NJ_ClaimAppointmentsController.ClaimWorkWrapper
13:27:00.0 (44177733)|VARIABLE_SCOPE_BEGIN|[126]|this|NJ_ClaimAppointmentsController.ClaimWorkWrapper|true|false
13:27:00.0 (44200952)|VARIABLE_ASSIGNMENT|[126]|this|{}|0x252cd306
13:27:00.0 (44207232)|VARIABLE_SCOPE_BEGIN|[126]|sa|ServiceAppointment|true|false
13:27:00.0 (44252658)|VARIABLE_ASSIGNMENT|[126]|sa|{"Id":"08pN00000004OvyIAE","Status":"Confirmed","ParentRecordId":"0WON00000004auxOAA","AppointmentNumber":"SA-4436","SchedStartTime":"2018-12-10T02:00:00.000Z","SchedEndTime":"2018-12-10T03:00:00.000Z","DurationInMinutes":60.00,"EarliestStartTime":"2018-12-07T02:03:00.000Z","DueDate":"2018-12-14T02:03:00.000Z","Service_Resource__c":"0HnN00000008OlgKAE","Claim__c":"500N000000CB1ZDIA1","Service_Resource__r":{"Name":"Greg Patten","Id":"0HnN00000008OlgKAE"},"Claim__r":{"Claim_Number__c":"H026494829","CaseNumber":"00020538","Id":"500N000000CB1ZDIA1"}}|0x5865e777
13:27:00.0 (44263704)|VARIABLE_SCOPE_BEGIN|[126]|trade|WorkOrder|true|false
13:27:00.0 (44288986)|VARIABLE_ASSIGNMENT|[126]|trade|{"Id":"0WON00000004auxOAA","Status":"Assessment Scheduled","WorkTypeId":"08qN00000004Cc6IAE","CaseId":"500N000000CB1ZDIA1","WorkOrderNumber":"00004653","WorkType":{"Name":"Assessment","Id":"08qN00000004Cc6IAE"},"Case":{"CaseNumber":"00020538","Id":"500N000000CB1ZDIA1"}}|0x4323cbb
13:27:00.0 (44298085)|STATEMENT_EXECUTE|[114]
13:27:00.0 (44299882)|STATEMENT_EXECUTE|[116]
13:27:00.0 (44301359)|STATEMENT_EXECUTE|[117]
13:27:00.0 (44302737)|STATEMENT_EXECUTE|[118]
13:27:00.0 (44304111)|STATEMENT_EXECUTE|[119]
13:27:00.0 (44305526)|STATEMENT_EXECUTE|[120]
13:27:00.0 (44306914)|STATEMENT_EXECUTE|[121]
13:27:00.0 (44308252)|STATEMENT_EXECUTE|[122]
13:27:00.0 (44309596)|STATEMENT_EXECUTE|[123]
13:27:00.0 (44310980)|STATEMENT_EXECUTE|[124]
13:27:00.0 (44324003)|STATEMENT_EXECUTE|[126]
13:27:00.0 (44330360)|STATEMENT_EXECUTE|[127]
13:27:00.0 (44331825)|STATEMENT_EXECUTE|[128]
13:27:00.0 (44346153)|VARIABLE_ASSIGNMENT|[128]|this.claimNumber|"00020538"|0x252cd306
13:27:00.0 (44352303)|STATEMENT_EXECUTE|[130]
13:27:00.0 (44357685)|VARIABLE_ASSIGNMENT|[130]|this.appointmentDuration|"0 Hours"|0x252cd306
13:27:00.0 (44362580)|STATEMENT_EXECUTE|[131]
13:27:00.0 (44369510)|VARIABLE_ASSIGNMENT|[131]|this.appointmentNumber|"Appointment not crea (3 more) ..."|0x252cd306
13:27:00.0 (44374162)|STATEMENT_EXECUTE|[132]
13:27:00.0 (44375702)|STATEMENT_EXECUTE|[133]
13:27:00.0 (44381722)|VARIABLE_ASSIGNMENT|[133]|this.appointmentNumber|"SA-4436"|0x252cd306
13:27:00.0 (44386813)|STATEMENT_EXECUTE|[134]
13:27:00.0 (44399575)|METHOD_ENTRY|[134]|01pN0000000s8L0|NJ_ClaimAppointmentsController.ClaimWorkWrapper.getTimeEntry(Decimal)
13:27:00.0 (44406277)|VARIABLE_SCOPE_BEGIN|[151]|this|NJ_ClaimAppointmentsController.ClaimWorkWrapper|true|false
13:27:00.0 (44427549)|VARIABLE_ASSIGNMENT|[151]|this|{"appointmentDuration":"0 Hours","appointmentNumber":"SA-4436","claimNumber":"00020538"}|0x252cd306
13:27:00.0 (44434190)|VARIABLE_SCOPE_BEGIN|[151]|durationInMinutes|Decimal|false|false
13:27:00.0 (44442564)|VARIABLE_ASSIGNMENT|[151]|durationInMinutes|60.00
13:27:00.0 (44450411)|STATEMENT_EXECUTE|[151]
13:27:00.0 (44452862)|STATEMENT_EXECUTE|[152]
13:27:00.0 (44454313)|STATEMENT_EXECUTE|[155]
13:27:00.0 (44460180)|HEAP_ALLOCATE|[155]|Bytes:28
13:27:00.0 (44502547)|HEAP_ALLOCATE|[155]|Bytes:28
13:27:00.0 (44508822)|HEAP_ALLOCATE|[155]|Bytes:28
13:27:00.0 (44530723)|VARIABLE_SCOPE_BEGIN|[155]|hours|Integer|false|false
13:27:00.0 (44538193)|HEAP_ALLOCATE|[155]|Bytes:4
13:27:00.0 (44544606)|VARIABLE_ASSIGNMENT|[155]|hours|1
13:27:00.0 (44548852)|STATEMENT_EXECUTE|[156]
13:27:00.0 (44553874)|HEAP_ALLOCATE|[156]|Bytes:28
13:27:00.0 (44570860)|HEAP_ALLOCATE|[156]|Bytes:28
13:27:00.0 (44574941)|HEAP_ALLOCATE|[156]|Bytes:28
13:27:00.0 (44591584)|VARIABLE_SCOPE_BEGIN|[156]|mins|Integer|false|false
13:27:00.0 (44598639)|HEAP_ALLOCATE|[156]|Bytes:4
13:27:00.0 (44604779)|VARIABLE_ASSIGNMENT|[156]|mins|0
13:27:00.0 (44609067)|STATEMENT_EXECUTE|[158]
13:27:00.0 (44620517)|HEAP_ALLOCATE|[158]|Bytes:1
13:27:00.0 (44630915)|HEAP_ALLOCATE|[158]|Bytes:8
13:27:00.0 (44637227)|METHOD_EXIT|[134]|01pN0000000s8L0|NJ_ClaimAppointmentsController.ClaimWorkWrapper.getTimeEntry(Decimal)
13:27:00.0 (44647780)|VARIABLE_ASSIGNMENT|[134]|this.appointmentDuration|"1 Hours "|0x252cd306
13:27:00.0 (44653011)|STATEMENT_EXECUTE|[135]
13:27:00.0 (44661390)|VARIABLE_ASSIGNMENT|[135]|this.appointmentStatus|"Confirmed"|0x252cd306
13:27:00.0 (44667300)|STATEMENT_EXECUTE|[136]
13:27:00.0 (44673618)|HEAP_ALLOCATE|[136]|Bytes:18
13:27:00.0 (44681888)|VARIABLE_ASSIGNMENT|[136]|this.appointmentId|"08pN00000004OvyIAE"|0x252cd306
13:27:00.0 (44702136)|HEAP_ALLOCATE|[EXTERNAL]|Bytes:4
13:27:00.0 (44723785)|HEAP_ALLOCATE|[138]|Bytes:4
13:27:00.0 (44732476)|STATEMENT_EXECUTE|[138]
13:27:00.0 (44734045)|STATEMENT_EXECUTE|[139]
13:27:00.0 (44740974)|HEAP_ALLOCATE|[139]|Bytes:4
13:27:00.0 (44760884)|HEAP_ALLOCATE|[EXTERNAL]|Bytes:4
13:27:00.0 (44769372)|VARIABLE_ASSIGNMENT|[139]|this.workScopeList|[]|0x252cd306
13:27:00.0 (44836799)|HEAP_ALLOCATE|[140]|Bytes:28
13:27:00.0 (44851533)|HEAP_ALLOCATE|[140]|Bytes:8
13:27:00.0 (44855480)|HEAP_ALLOCATE|[140]|Bytes:8
13:27:00.0 (44859380)|VARIABLE_SCOPE_BEGIN|[15]|this|Database.QueryLocatorIterator|true|false
13:27:00.0 (44878970)|VARIABLE_ASSIGNMENT|[15]|this|{}|0x122d54f7
13:27:00.0 (44884686)|VARIABLE_SCOPE_BEGIN|[15]|values|List<SObject>|true|false
13:27:00.0 (44894888)|VARIABLE_ASSIGNMENT|[15]|values|null|
13:27:00.0 (44899482)|VARIABLE_SCOPE_BEGIN|[15]|ql|Database.QueryLocator|true|false
13:27:00.0 (44908718)|VARIABLE_ASSIGNMENT|[15]|ql|{}|0x6407ea94
13:27:00.0 (44913690)|VARIABLE_SCOPE_BEGIN|[15]|totalNumRecords|Integer|false|false
13:27:00.0 (44921931)|VARIABLE_ASSIGNMENT|[15]|totalNumRecords|0
13:27:00.0 (44925595)|VARIABLE_SCOPE_BEGIN|[15]|queryMoreSize|Integer|false|false
13:27:00.0 (44932187)|VARIABLE_ASSIGNMENT|[15]|queryMoreSize|200
13:27:00.0 (44975279)|HEAP_ALLOCATE|[140]|Bytes:28
13:27:00.0 (44987260)|METHOD_ENTRY|[140]||Database.QueryLocatorIterator.hasNext()
13:27:00.0 (45001194)|METHOD_EXIT|[140]||Database.QueryLocatorIterator.hasNext()
13:27:00.0 (45012837)|VARIABLE_ASSIGNMENT|[140]|work|null|
13:27:00.0 (45017893)|STATEMENT_EXECUTE|[140]
13:27:00.0 (45019770)|STATEMENT_EXECUTE|[145]
13:27:00.0 (45027559)|HEAP_ALLOCATE|[145]|Bytes:18
13:27:00.0 (45038727)|VARIABLE_ASSIGNMENT|[145]|this.workOrderId|"0WON00000004auxOAA"|0x252cd306
13:27:00.0 (45044304)|STATEMENT_EXECUTE|[146]
13:27:00.0 (45051775)|VARIABLE_ASSIGNMENT|[146]|this.workOrderNumber|"00004653"|0x252cd306
13:27:00.0 (45056896)|STATEMENT_EXECUTE|[147]
13:27:00.0 (45080620)|VARIABLE_ASSIGNMENT|[147]|this.workTypeName|"Assessment"|0x252cd306
13:27:00.0 (45093504)|CONSTRUCTOR_EXIT|[41]|01pN0000000s8L0|<init>(ServiceAppointment,WorkOrder)|NJ_ClaimAppointmentsController.ClaimWorkWrapper
13:27:00.0 (45106465)|HEAP_ALLOCATE|[EXTERNAL]|Bytes:4
13:27:00.0 (45113824)|STATEMENT_EXECUTE|[42]
13:27:00.0 (45124318)|HEAP_ALLOCATE|[EXTERNAL]|Bytes:4
13:27:00.0 (45130389)|STATEMENT_EXECUTE|[43]
13:27:00.0 (45147287)|HEAP_ALLOCATE|[43]|Bytes:14
13:27:00.0 (45156244)|USER_DEBUG|[43]|DEBUG|Sort Ordernull
13:27:00.0 (45163134)|STATEMENT_EXECUTE|[44]
13:27:00.0 (45250312)|HEAP_ALLOCATE|[44]|Bytes:354
13:27:00.0 (45265289)|HEAP_ALLOCATE|[44]|Bytes:373
13:27:00.0 (45272036)|USER_DEBUG|[44]|DEBUG|Service AppointmentServiceAppointment:{Id=08pN00000004OvyIAE, Status=Confirmed, ParentRecordId=0WON00000004auxOAA, AppointmentNumber=SA-4436, SchedStartTime=2018-12-10 02:00:00, SchedEndTime=2018-12-10 03:00:00, DurationInMinutes=60.00, EarliestStartTime=2018-12-07 02:03:00, DueDate=2018-12-14 02:03:00, Service_Resource__c=0HnN00000008OlgKAE, Claim__c=500N000000CB1ZDIA1}
13:27:00.0 (45285074)|STATEMENT_EXECUTE|[45]
13:27:00.0 (45296861)|HEAP_ALLOCATE|[45]|Bytes:19
13:27:00.0 (45304788)|USER_DEBUG|[45]|DEBUG|ClaimNumber00020538
13:27:00.0 (45311629)|STATEMENT_EXECUTE|[46]
13:27:00.0 (45358881)|HEAP_ALLOCATE|[46]|Bytes:519
13:27:00.0 (45371275)|HEAP_ALLOCATE|[46]|Bytes:535
13:27:00.0 (45377335)|USER_DEBUG|[46]|DEBUG|ClaimWorkWrapper(ClaimWorkWrapper:[appointmentDuration=1 Hours , appointmentId=08pN00000008SmdIAE, appointmentNumber=SA-2844, appointmentStatus=New, claimNumber=00020538, workOrderId=0WON00000000WJNOA2, workOrderNumber=00002362, workScopeList=(), workTypeName=MS - Roofer], ClaimWorkWrapper:[appointmentDuration=1 Hours , appointmentId=08pN00000004OvyIAE, appointmentNumber=SA-4436, appointmentStatus=Confirmed, claimNumber=00020538, workOrderId=0WON00000004auxOAA, workOrderNumber=00004653, workScopeList=(), workTypeName=Assessment])
13:27:00.0 (45394045)|METHOD_ENTRY|[31]||Database.QueryLocatorIterator.hasNext()
13:27:00.0 (45410950)|METHOD_EXIT|[31]||Database.QueryLocatorIterator.hasNext()
13:27:00.0 (45420094)|VARIABLE_ASSIGNMENT|[31]|sa|null|
13:27:00.0 (45443557)|HEAP_ALLOCATE|[49]|Bytes:4
13:27:00.0 (45496183)|HEAP_ALLOCATE|[49]|Bytes:48
13:27:00.0 (45518674)|HEAP_ALLOCATE|[49]|Bytes:8
13:27:00.0 (45548313)|HEAP_ALLOCATE|[49]|Bytes:5
13:27:00.0 (45565862)|VARIABLE_SCOPE_BEGIN|[49]|workOrderId|String|false|false
13:27:00.0 (45577687)|VARIABLE_ASSIGNMENT|[49]|workOrderId|"0WON00000000WJNOA2"
13:27:00.0 (45582868)|STATEMENT_EXECUTE|[49]
13:27:00.0 (45631435)|STATEMENT_EXECUTE|[50]
13:27:00.0 (45633493)|STATEMENT_EXECUTE|[52]
13:27:00.0 (45636834)|HEAP_ALLOCATE|[52]|Bytes:18
13:27:00.0 (45713572)|HEAP_ALLOCATE|[52]|Bytes:519
13:27:00.0 (45730432)|HEAP_ALLOCATE|[52]|Bytes:537
13:27:00.0 (45740776)|USER_DEBUG|[52]|DEBUG|WOLIST in for loop(ClaimWorkWrapper:[appointmentDuration=1 Hours , appointmentId=08pN00000008SmdIAE, appointmentNumber=SA-2844, appointmentStatus=New, claimNumber=00020538, workOrderId=0WON00000000WJNOA2, workOrderNumber=00002362, workScopeList=(), workTypeName=MS - Roofer], ClaimWorkWrapper:[appointmentDuration=1 Hours , appointmentId=08pN00000004OvyIAE, appointmentNumber=SA-4436, appointmentStatus=Confirmed, claimNumber=00020538, workOrderId=0WON00000004auxOAA, workOrderNumber=00004653, workScopeList=(), workTypeName=Assessment])
13:27:00.0 (45760264)|HEAP_ALLOCATE|[49]|Bytes:5
13:27:00.0 (45770921)|VARIABLE_SCOPE_BEGIN|[49]|workOrderId|String|false|false
13:27:00.0 (45785295)|VARIABLE_ASSIGNMENT|[49]|workOrderId|"0WON00000004auxOAA"
13:27:00.0 (45789919)|STATEMENT_EXECUTE|[49]
13:27:00.0 (45806047)|STATEMENT_EXECUTE|[50]
13:27:00.0 (45807825)|STATEMENT_EXECUTE|[52]
13:27:00.0 (45848782)|HEAP_ALLOCATE|[52]|Bytes:519
13:27:00.0 (45861139)|HEAP_ALLOCATE|[52]|Bytes:537
13:27:00.0 (45867900)|USER_DEBUG|[52]|DEBUG|WOLIST in for loop(ClaimWorkWrapper:[appointmentDuration=1 Hours , appointmentId=08pN00000008SmdIAE, appointmentNumber=SA-2844, appointmentStatus=New, claimNumber=00020538, workOrderId=0WON00000000WJNOA2, workOrderNumber=00002362, workScopeList=(), workTypeName=MS - Roofer], ClaimWorkWrapper:[appointmentDuration=1 Hours , appointmentId=08pN00000004OvyIAE, appointmentNumber=SA-4436, appointmentStatus=Confirmed, claimNumber=00020538, workOrderId=0WON00000004auxOAA, workOrderNumber=00004653, workScopeList=(), workTypeName=Assessment])
13:27:00.0 (45885404)|HEAP_ALLOCATE|[49]|Bytes:5
13:27:00.0 (45899206)|VARIABLE_ASSIGNMENT|[49]|workOrderId|null
13:27:00.0 (45904456)|STATEMENT_EXECUTE|[55]
13:27:00.0 (45907328)|HEAP_ALLOCATE|[55]|Bytes:7
13:27:00.0 (45972510)|HEAP_ALLOCATE|[55]|Bytes:519
13:27:00.0 (45988945)|HEAP_ALLOCATE|[55]|Bytes:526
13:27:00.0 (45997142)|USER_DEBUG|[55]|DEBUG|WOLIST:(ClaimWorkWrapper:[appointmentDuration=1 Hours , appointmentId=08pN00000008SmdIAE, appointmentNumber=SA-2844, appointmentStatus=New, claimNumber=00020538, workOrderId=0WON00000000WJNOA2, workOrderNumber=00002362, workScopeList=(), workTypeName=MS - Roofer], ClaimWorkWrapper:[appointmentDuration=1 Hours , appointmentId=08pN00000004OvyIAE, appointmentNumber=SA-4436, appointmentStatus=Confirmed, claimNumber=00020538, workOrderId=0WON00000004auxOAA, workOrderNumber=00004653, workScopeList=(), workTypeName=Assessment])
13:27:00.0 (46011916)|STATEMENT_EXECUTE|[56]
13:27:00.0 (46059502)|HEAP_ALLOCATE|[56]|Bytes:24
13:27:00.0 (46074786)|SYSTEM_METHOD_ENTRY|[1]|JSON.JSON()
13:27:00.0 (46079255)|STATEMENT_EXECUTE|[1]
13:27:00.0 (46086334)|SYSTEM_METHOD_EXIT|[1]|JSON
13:27:00.0 (46098571)|METHOD_ENTRY|[56]||System.JSON.serialize(Object)
13:27:00.0 (46804313)|METHOD_EXIT|[56]||System.JSON.serialize(Object)
13:27:00.0 (46815765)|SYSTEM_MODE_EXIT|false
13:27:00.46 (46844977)|CUMULATIVE_LIMIT_USAGE
13:27:00.46 (46844977)|LIMIT_USAGE_FOR_NS|(default)|
  Number of SOQL queries: 2 out of 100
  Number of query rows: 4 out of 50000
  Number of SOSL queries: 0 out of 20
  Number of DML statements: 0 out of 150
  Number of DML rows: 0 out of 10000
  Maximum CPU time: 0 out of 10000
  Maximum heap size: 0 out of 6000000
  Number of callouts: 0 out of 100
  Number of Email Invocations: 0 out of 10
  Number of future calls: 0 out of 50
  Number of queueable jobs added to the queue: 0 out of 50
  Number of Mobile Apex push calls: 0 out of 10

13:27:00.46 (46844977)|CUMULATIVE_LIMIT_USAGE_END

13:27:00.0 (46881578)|CODE_UNIT_FINISHED|NJ_ClaimAppointmentsController.getClaimServiceData(Id)
13:27:00.0 (46980566)|CODE_UNIT_FINISHED|Aura
13:27:00.0 (48325913)|EXECUTION_FINISHED
13:27:00.49 (49872318)|USER_INFO|[EXTERNAL]|005N0000005hvfr|nikhil.jaitly@homerepair.com.uat|Australian Eastern Standard Time|GMT+11:00
13:27:00.49 (49888090)|EXECUTION_STARTED
13:27:00.49 (49892373)|CODE_UNIT_STARTED|[EXTERNAL]|Aura
13:27:00.49 (50046499)|HEAP_ALLOCATE|[EXTERNAL]|Bytes:15
13:27:00.49 (50062313)|HEAP_ALLOCATE|[EXTERNAL]|Bytes:4
13:27:00.49 (50758903)|CODE_UNIT_STARTED|[EXTERNAL]|01pN0000000s8Kz|HRGanttChildController.getClaimScheduledAppointments(Id)
13:27:00.49 (50835692)|VARIABLE_SCOPE_BEGIN|[14]|HRGanttChildController.SA_STATUS_AWAITING_CANCELLED|String|false|true
13:27:00.49 (50845996)|VARIABLE_SCOPE_BEGIN|[13]|HRGanttChildController.SA_STATUS_AWAITING_CONFIRMATION|String|false|true
13:27:00.49 (50853735)|VARIABLE_SCOPE_BEGIN|[15]|HRGanttChildController.SA_STATUS_AWAITING_NEW|String|false|true
13:27:00.49 (50862623)|VARIABLE_SCOPE_BEGIN|[12]|HRGanttChildController.SA_STATUS_CONFIRMED|String|false|true
13:27:00.49 (50870931)|VARIABLE_SCOPE_BEGIN|[11]|HRGanttChildController.SA_STATUS_TENTATIVE|String|false|true
13:27:00.49 (50877798)|VARIABLE_SCOPE_BEGIN|[16]|HRGanttChildController.WO_STATUS_ACCEPTED_WO|String|false|true
13:27:00.49 (50884652)|VARIABLE_SCOPE_BEGIN|[17]|HRGanttChildController.WO_STATUS_NEW|String|false|true
13:27:00.49 (50892397)|VARIABLE_SCOPE_BEGIN|[18]|HRGanttChildController.WO_STATUS_WORKORDER_SCHEDULED|String|false|true
13:27:00.49 (50979305)|HEAP_ALLOCATE|[EXTERNAL]|Bytes:52
13:27:00.49 (50988491)|HEAP_ALLOCATE|[EXTERNAL]|Bytes:16
13:27:00.49 (50992663)|HEAP_ALLOCATE|[EXTERNAL]|Bytes:22
13:27:00.49 (50996320)|HEAP_ALLOCATE|[EXTERNAL]|Bytes:8
13:27:00.49 (51018068)|VARIABLE_ASSIGNMENT|[EXTERNAL]|HRGanttChildController.SA_STATUS_AWAITING_CANCELLED|"Canceled"
13:27:00.49 (51024817)|HEAP_ALLOCATE|[EXTERNAL]|Bytes:21
13:27:00.49 (51033882)|VARIABLE_ASSIGNMENT|[EXTERNAL]|HRGanttChildController.SA_STATUS_AWAITING_CONFIRMATION|"Awaiting Confirmatio (1 more) ..."
13:27:00.49 (51039245)|HEAP_ALLOCATE|[EXTERNAL]|Bytes:3
13:27:00.49 (51044927)|VARIABLE_ASSIGNMENT|[EXTERNAL]|HRGanttChildController.SA_STATUS_AWAITING_NEW|"New"
13:27:00.49 (51049344)|HEAP_ALLOCATE|[EXTERNAL]|Bytes:9
13:27:00.49 (51055221)|VARIABLE_ASSIGNMENT|[EXTERNAL]|HRGanttChildController.SA_STATUS_CONFIRMED|"Confirmed"
13:27:00.49 (51061463)|HEAP_ALLOCATE|[EXTERNAL]|Bytes:9
13:27:00.49 (51068842)|VARIABLE_ASSIGNMENT|[EXTERNAL]|HRGanttChildController.SA_STATUS_TENTATIVE|"Tentative"
13:27:00.49 (51072912)|HEAP_ALLOCATE|[EXTERNAL]|Bytes:11
13:27:00.49 (51079071)|VARIABLE_ASSIGNMENT|[EXTERNAL]|HRGanttChildController.WO_STATUS_ACCEPTED_WO|"Accepted WO"
13:27:00.49 (51083262)|HEAP_ALLOCATE|[EXTERNAL]|Bytes:3
13:27:00.49 (51088636)|VARIABLE_ASSIGNMENT|[EXTERNAL]|HRGanttChildController.WO_STATUS_NEW|"New"
13:27:00.49 (51093009)|HEAP_ALLOCATE|[EXTERNAL]|Bytes:20
13:27:00.49 (51099270)|VARIABLE_ASSIGNMENT|[EXTERNAL]|HRGanttChildController.WO_STATUS_WORKORDER_SCHEDULED|"Work Order Scheduled"
13:27:00.49 (51109865)|METHOD_ENTRY|[10]|01pN0000000s8Kz|HRGanttChildController.HRGanttChildController()
13:27:00.49 (51117385)|STATEMENT_EXECUTE|[10]
13:27:00.49 (51122392)|STATEMENT_EXECUTE|[10]
13:27:00.49 (51124206)|STATEMENT_EXECUTE|[19]
13:27:00.49 (51125625)|STATEMENT_EXECUTE|[356]
13:27:00.49 (51127291)|STATEMENT_EXECUTE|[380]
13:27:00.49 (51131942)|METHOD_EXIT|[10]|HRGanttChildController
13:27:00.49 (51137550)|HEAP_ALLOCATE|[EXTERNAL]|Bytes:4
13:27:00.49 (51147773)|SYSTEM_MODE_ENTER|false
13:27:00.49 (51155066)|VARIABLE_SCOPE_BEGIN|[257]|claimId|Id|false|false
13:27:00.49 (51364652)|VARIABLE_ASSIGNMENT|[257]|claimId|"500N000000CB1ZDIA1"
13:27:00.49 (51376644)|STATEMENT_EXECUTE|[257]
13:27:00.49 (51378480)|STATEMENT_EXECUTE|[258]
13:27:00.49 (51382636)|HEAP_ALLOCATE|[258]|Bytes:149
13:27:00.49 (51404600)|HEAP_ALLOCATE|[258]|Bytes:4
13:27:00.49 (51851451)|SOQL_EXECUTE_BEGIN|[258]|Aggregations:0|SELECT Id, Status, WorkTypeId, WorkType.Name, CaseId, WorkOrderNumber FROM WorkOrder WHERE CaseId = :tmpVar1 ORDER BY WorkOrderNumber ASC NULLS FIRST
13:27:00.49 (56559238)|SOQL_EXECUTE_END|[258]|Rows:2
13:27:00.49 (56582264)|HEAP_ALLOCATE|[258]|Bytes:12
13:27:00.49 (56608916)|HEAP_ALLOCATE|[258]|Bytes:395
13:27:00.49 (56645187)|HEAP_ALLOCATE|[258]|Bytes:12
13:27:00.49 (56661155)|VARIABLE_SCOPE_BEGIN|[258]|workOrderList|List<WorkOrder>|true|false
13:27:00.49 (56711454)|VARIABLE_ASSIGNMENT|[258]|workOrderList|[{"Id":"0WON00000000WJNOA2","Status":"Closed","WorkTypeId":"08qN00000004CeRIAU","CaseId":"500N000000CB1ZDIA1","WorkOrderNumber":"00002362","WorkType":{"Name":"MS - Roofer","Id":"08qN00000004CeRIAU"}},{"Id":"0WON00000004auxOAA","Status":"Assessment Scheduled","WorkTypeId":"08qN00000004Cc6IAE","CaseId":"500N000000CB1ZDIA1","WorkOrderNumber":"00004653","WorkType":{"Name":"Assessment","Id":"08qN00000004Cc6IAE"}}]|0x68d67550
13:27:00.49 (56758158)|STATEMENT_EXECUTE|[262]
13:27:00.49 (56760886)|STATEMENT_EXECUTE|[265]
13:27:00.49 (56775945)|HEAP_ALLOCATE|[265]|Bytes:4
13:27:00.49 (56804904)|VARIABLE_SCOPE_BEGIN|[265]|woIdSet|Set<Id>|true|false
13:27:00.49 (56832241)|VARIABLE_ASSIGNMENT|[265]|woIdSet|[]|0x1ac8cc5b
13:27:00.49 (56962910)|HEAP_ALLOCATE|[266]|Bytes:5
13:27:00.49 (56982892)|HEAP_ALLOCATE|[266]|Bytes:28
13:27:00.49 (56992805)|VARIABLE_SCOPE_BEGIN|[266]|w|WorkOrder|true|false
13:27:00.49 (57019579)|VARIABLE_ASSIGNMENT|[266]|w|{"Id":"0WON00000000WJNOA2","Status":"Closed","WorkTypeId":"08qN00000004CeRIAU","CaseId":"500N000000CB1ZDIA1","WorkOrderNumber":"00002362","WorkType":{"Name":"MS - Roofer","Id":"08qN00000004CeRIAU"}}|0x6fa31209
13:27:00.49 (57028637)|STATEMENT_EXECUTE|[266]
13:27:00.49 (57030555)|STATEMENT_EXECUTE|[267]
13:27:00.49 (57070496)|HEAP_ALLOCATE|[EXTERNAL]|Bytes:4
13:27:00.49 (57086781)|HEAP_ALLOCATE|[266]|Bytes:5
13:27:00.49 (57097044)|HEAP_ALLOCATE|[266]|Bytes:28
13:27:00.49 (57103872)|VARIABLE_SCOPE_BEGIN|[266]|w|WorkOrder|true|false
13:27:00.49 (57129429)|VARIABLE_ASSIGNMENT|[266]|w|{"Id":"0WON00000004auxOAA","Status":"Assessment Scheduled","WorkTypeId":"08qN00000004Cc6IAE","CaseId":"500N000000CB1ZDIA1","WorkOrderNumber":"00004653","WorkType":{"Name":"Assessment","Id":"08qN00000004Cc6IAE"}}|0x107aadd8
13:27:00.49 (57136758)|STATEMENT_EXECUTE|[266]
13:27:00.49 (57138402)|STATEMENT_EXECUTE|[267]
13:27:00.49 (57148848)|HEAP_ALLOCATE|[EXTERNAL]|Bytes:4
13:27:00.49 (57160545)|HEAP_ALLOCATE|[266]|Bytes:5
13:27:00.49 (57174559)|VARIABLE_ASSIGNMENT|[266]|w|null|
13:27:00.49 (57180940)|STATEMENT_EXECUTE|[280]
13:27:00.49 (57184500)|HEAP_ALLOCATE|[280]|Bytes:415
13:27:00.49 (57203359)|HEAP_ALLOCATE|[280]|Bytes:4
13:27:00.49 (57236266)|HEAP_ALLOCATE|[280]|Bytes:12
13:27:00.49 (57245383)|HEAP_ALLOCATE|[280]|Bytes:12
13:27:00.49 (59351675)|SOQL_EXECUTE_BEGIN|[280]|Aggregations:0|SELECT Id, Status, Subject, ParentRecordId, AppointmentNumber, WorkType.Name, SchedStartTime, SchedEndTime, EarliestStartTime, DueDate, Committed_Start_Date__c, Committed_End_Date__c, Service_Resource__r.Name, Service_Resource__r.IsCapacityBased, Tier_2_Trade__r.Name, Tier_2_Trade_Account__r.Name FROM ServiceAppointment WHERE (ParentRecordId = :tmpVar1 AND Status != 'New') ORDER BY SchedStartTime ASC NULLS FIRST
13:27:00.49 (101718663)|SOQL_EXECUTE_END|[280]|Rows:1
13:27:00.49 (101757374)|HEAP_ALLOCATE|[280]|Bytes:8
13:27:00.49 (101792835)|HEAP_ALLOCATE|[280]|Bytes:607
13:27:00.49 (101857778)|HEAP_ALLOCATE|[280]|Bytes:8
13:27:00.49 (101885217)|VARIABLE_SCOPE_BEGIN|[280]|saList|List<ServiceAppointment>|true|false
13:27:00.49 (101980099)|VARIABLE_ASSIGNMENT|[280]|saList|[{"Id":"08pN00000004OvyIAE","Status":"Confirmed","Subject":"Thieves broke into m (158 more) ...","ParentRecordId":"0WON00000004auxOAA","AppointmentNumber":"SA-4436","WorkTypeId":"08qN00000004Cc6IAE","SchedStartTime":"2018-12-10T02:00:00.000Z","SchedEndTime":"2018-12-10T03:00:00.000Z","EarliestStartTime":"2018-12-07T02:03:00.000Z","DueDate":"2018-12-14T02:03:00.000Z","Service_Resource__c":"0HnN00000008OlgKAE","WorkType":{"Name":"Assessment","Id":"08qN00000004Cc6IAE"},"Service_Resource__r":{"Name":"Greg Patten","IsCapacityBased":false,"Id":"0HnN00000008OlgKAE"}}]|0x39e034f0
13:27:00.49 (101995678)|STATEMENT_EXECUTE|[289]
13:27:00.49 (102423715)|HEAP_ALLOCATE|[289]|Bytes:4
13:27:00.49 (102473125)|VARIABLE_SCOPE_BEGIN|[289]|tradeSAMap|Map<String,List<HRGanttChildController.srvApptWrapper>>|true|false
13:27:00.49 (102493154)|VARIABLE_ASSIGNMENT|[289]|tradeSAMap|{}|0x7fffedd0
13:27:00.49 (102499196)|STATEMENT_EXECUTE|[290]
13:27:00.49 (102509659)|HEAP_ALLOCATE|[290]|Bytes:4
13:27:00.49 (102575445)|VARIABLE_SCOPE_BEGIN|[290]|returnSAList|List<HRGanttChildController.srvTradeWrapper>|true|false
13:27:00.49 (102596233)|HEAP_ALLOCATE|[EXTERNAL]|Bytes:4
13:27:00.49 (102607254)|VARIABLE_ASSIGNMENT|[290]|returnSAList|[]|0x49fa8eab
13:27:00.49 (102653399)|STATEMENT_EXECUTE|[291]
13:27:00.49 (102791136)|HEAP_ALLOCATE|[292]|Bytes:5
13:27:00.49 (102812005)|HEAP_ALLOCATE|[292]|Bytes:56
13:27:00.49 (102821178)|VARIABLE_SCOPE_BEGIN|[292]|s|ServiceAppointment|true|false
13:27:00.49 (102874993)|VARIABLE_ASSIGNMENT|[292]|s|{"Id":"08pN00000004OvyIAE","Status":"Confirmed","Subject":"Thieves broke into m (158 more) ...","ParentRecordId":"0WON00000004auxOAA","AppointmentNumber":"SA-4436","WorkTypeId":"08qN00000004Cc6IAE","SchedStartTime":"2018-12-10T02:00:00.000Z","SchedEndTime":"2018-12-10T03:00:00.000Z","EarliestStartTime":"2018-12-07T02:03:00.000Z","DueDate":"2018-12-14T02:03:00.000Z","Service_Resource__c":"0HnN00000008OlgKAE","WorkType":{"Name":"Assessment","Id":"08qN00000004Cc6IAE"},"Service_Resource__r":{"Name":"Greg Patten","IsCapacityBased":false,"Id":"0HnN00000008OlgKAE"}}|0x3d61f2c8
13:27:00.49 (102888018)|STATEMENT_EXECUTE|[292]
13:27:00.49 (102890005)|STATEMENT_EXECUTE|[295]
13:27:00.49 (102994980)|HEAP_ALLOCATE|[295]|Bytes:384
13:27:00.49 (103003267)|HEAP_ALLOCATE|[295]|Bytes:59
13:27:00.49 (103034428)|HEAP_ALLOCATE|[295]|Bytes:60
13:27:00.49 (103053117)|CONSTRUCTOR_ENTRY|[295]|01pN0000000s8Kz|<init>()|HRGanttChildController.srvApptWrapper
13:27:00.49 (103081498)|VARIABLE_SCOPE_BEGIN|[383]|this|HRGanttChildController.srvApptWrapper|true|false
13:27:00.49 (103175748)|VARIABLE_ASSIGNMENT|[383]|this|{}|0x2062571a
13:27:00.49 (103184034)|STATEMENT_EXECUTE|[380]
13:27:00.49 (103185747)|STATEMENT_EXECUTE|[389]
13:27:00.49 (103187500)|STATEMENT_EXECUTE|[391]
13:27:00.49 (103188896)|STATEMENT_EXECUTE|[393]
13:27:00.49 (103190296)|STATEMENT_EXECUTE|[395]
13:27:00.49 (103191636)|STATEMENT_EXECUTE|[397]
13:27:00.49 (103192995)|STATEMENT_EXECUTE|[399]
13:27:00.49 (103198596)|STATEMENT_EXECUTE|[401]
13:27:00.49 (103200242)|STATEMENT_EXECUTE|[403]
13:27:00.49 (103201709)|STATEMENT_EXECUTE|[405]
13:27:00.49 (103203053)|STATEMENT_EXECUTE|[407]
13:27:00.49 (103204412)|STATEMENT_EXECUTE|[409]
13:27:00.49 (103205759)|STATEMENT_EXECUTE|[411]
13:27:00.49 (103207208)|STATEMENT_EXECUTE|[413]
13:27:00.49 (103208640)|STATEMENT_EXECUTE|[415]
13:27:00.49 (103229406)|STATEMENT_EXECUTE|[383]
13:27:00.49 (103233695)|CONSTRUCTOR_EXIT|[295]|01pN0000000s8Kz|<init>()|HRGanttChildController.srvApptWrapper
13:27:00.49 (103242240)|VARIABLE_SCOPE_BEGIN|[295]|saWrapper|HRGanttChildController.srvApptWrapper|true|false
13:27:00.49 (103267864)|VARIABLE_ASSIGNMENT|[295]|saWrapper|{}|0x2062571a
13:27:00.49 (103273966)|STATEMENT_EXECUTE|[296]
13:27:00.49 (103340764)|VARIABLE_ASSIGNMENT|[EXTERNAL]|this|{}|0x2062571a
13:27:00.49 (103413601)|VARIABLE_ASSIGNMENT|[EXTERNAL]|value|"08pN00000004OvyIAE"
13:27:00.49 (103466267)|VARIABLE_ASSIGNMENT|[389]|this.srvApptId|"08pN00000004OvyIAE"|0x2062571a
13:27:00.49 (103479084)|STATEMENT_EXECUTE|[297]
13:27:00.49 (103594733)|VARIABLE_ASSIGNMENT|[EXTERNAL]|this|{"srvApptId":"08pN00000004OvyIAE"}|0x2062571a
13:27:00.49 (103606736)|VARIABLE_ASSIGNMENT|[EXTERNAL]|value|"SA-4436"
13:27:00.49 (103617347)|VARIABLE_ASSIGNMENT|[391]|this.srvApptNumber|"SA-4436"|0x2062571a
13:27:00.49 (103626861)|STATEMENT_EXECUTE|[298]
13:27:00.49 (103730216)|VARIABLE_ASSIGNMENT|[EXTERNAL]|this|{"srvApptId":"08pN00000004OvyIAE","srvApptNumber":"SA-4436"}|0x2062571a
13:27:00.49 (103742162)|VARIABLE_ASSIGNMENT|[EXTERNAL]|value|"Confirmed"
13:27:00.49 (103751598)|VARIABLE_ASSIGNMENT|[393]|this.srvApptStatus|"Confirmed"|0x2062571a
13:27:00.49 (103761414)|STATEMENT_EXECUTE|[299]
13:27:00.49 (103892063)|VARIABLE_ASSIGNMENT|[EXTERNAL]|this|{"srvApptId":"08pN00000004OvyIAE","srvApptNumber":"SA-4436","srvApptStatus":"Confirmed"}|0x2062571a
13:27:00.49 (103906128)|VARIABLE_ASSIGNMENT|[EXTERNAL]|value|"Thieves broke into m (158 more) ..."
13:27:00.49 (103916870)|VARIABLE_ASSIGNMENT|[395]|this.srvApptSubject|"Thieves broke into m (158 more) ..."|0x2062571a
13:27:00.49 (103926511)|STATEMENT_EXECUTE|[300]
13:27:00.49 (104087504)|VARIABLE_ASSIGNMENT|[EXTERNAL]|this|{"srvApptId":"08pN00000004OvyIAE","srvApptNumber":"SA-4436","srvApptStatus":"Confirmed","srvApptSubject":"Thieves broke into my daughters home yesterday and I had a window made safe by O`Briens. The thieves came back overnight and have jammed another window and damaged the back door."}|0x2062571a
13:27:00.49 (104101957)|VARIABLE_ASSIGNMENT|[EXTERNAL]|value|"Assessment"
13:27:00.49 (104112290)|VARIABLE_ASSIGNMENT|[397]|this.workTypeName|"Assessment"|0x2062571a
13:27:00.49 (104121959)|STATEMENT_EXECUTE|[301]
13:27:00.49 (104261983)|VARIABLE_ASSIGNMENT|[EXTERNAL]|this|{"srvApptId":"08pN00000004OvyIAE","srvApptNumber":"SA-4436","srvApptStatus":"Confirmed","srvApptSubject":"Thieves broke into my daughters home yesterday and I had a window made safe by O`Briens. The thieves came back overnight and have jammed another window and damaged the back door.","workTypeName":"Assessment"}|0x2062571a
13:27:00.49 (104287618)|VARIABLE_ASSIGNMENT|[EXTERNAL]|value|"2018-12-10T02:00:00.000Z"
13:27:00.49 (104300466)|VARIABLE_ASSIGNMENT|[407]|this.schedStart|"2018-12-10T02:00:00.000Z"|0x2062571a
13:27:00.49 (104310589)|STATEMENT_EXECUTE|[302]
13:27:00.49 (104456934)|VARIABLE_ASSIGNMENT|[EXTERNAL]|this|{"schedStart":"2018-12-10T02:00:00Z","srvApptId":"08pN00000004OvyIAE","srvApptNumber":"SA-4436","srvApptStatus":"Confirmed","srvApptSubject":"Thieves broke into my daughters home yesterday and I had a window made safe by O`Briens. The thieves came back overnight and have jammed another window and damaged the back door.","workTypeName":"Assessment"}|0x2062571a
13:27:00.49 (104479356)|VARIABLE_ASSIGNMENT|[EXTERNAL]|value|"2018-12-10T03:00:00.000Z"
13:27:00.49 (104490826)|VARIABLE_ASSIGNMENT|[409]|this.schedFinish|"2018-12-10T03:00:00.000Z"|0x2062571a
13:27:00.49 (104500306)|STATEMENT_EXECUTE|[303]
13:27:00.49 (104643542)|VARIABLE_ASSIGNMENT|[EXTERNAL]|this|{"schedFinish":"2018-12-10T03:00:00Z","schedStart":"2018-12-10T02:00:00Z","srvApptId":"08pN00000004OvyIAE","srvApptNumber":"SA-4436","srvApptStatus":"Confirmed","srvApptSubject":"Thieves broke into my daughters home yesterday and I had a window made safe by O`Briens. The thieves came back overnight and have jammed another window and damaged the back door.","workTypeName":"Assessment"}|0x2062571a
13:27:00.49 (104666330)|VARIABLE_ASSIGNMENT|[EXTERNAL]|value|"2018-12-07T02:03:00.000Z"
13:27:00.49 (104678450)|VARIABLE_ASSIGNMENT|[411]|this.earliestStart|"2018-12-07T02:03:00.000Z"|0x2062571a
13:27:00.49 (104687708)|STATEMENT_EXECUTE|[304]
13:27:00.49 (104835155)|VARIABLE_ASSIGNMENT|[EXTERNAL]|this|{"earliestStart":"2018-12-07T02:03:00Z","schedFinish":"2018-12-10T03:00:00Z","schedStart":"2018-12-10T02:00:00Z","srvApptId":"08pN00000004OvyIAE","srvApptNumber":"SA-4436","srvApptStatus":"Confirmed","srvApptSubject":"Thieves broke into my daughters home yesterday and I had a window made safe by O`Briens. The thieves came back overnight and have jammed another window and damaged the back door.","workTypeName":"Assessment"}|0x2062571a
13:27:00.49 (104857635)|VARIABLE_ASSIGNMENT|[EXTERNAL]|value|"2018-12-14T02:03:00.000Z"
13:27:00.49 (104869796)|VARIABLE_ASSIGNMENT|[413]|this.dueDate|"2018-12-14T02:03:00.000Z"|0x2062571a
13:27:00.49 (104878891)|STATEMENT_EXECUTE|[305]
13:27:00.49 (105088851)|VARIABLE_ASSIGNMENT|[EXTERNAL]|this|{"dueDate":"2018-12-14T02:03:00Z","earliestStart":"2018-12-07T02:03:00Z","schedFinish":"2018-12-10T03:00:00Z","schedStart":"2018-12-10T02:00:00Z","srvApptId":"08pN00000004OvyIAE","srvApptNumber":"SA-4436","srvApptStatus":"Confirmed","srvApptSubject":"Thieves broke into my daughters home yesterday and I had a window made safe by O`Briens. The thieves came back overnight and have jammed another window and damaged the back door.","workTypeName":"Assessment"}|0x2062571a
13:27:00.49 (105106298)|VARIABLE_ASSIGNMENT|[EXTERNAL]|value|"Greg Patten"
13:27:00.49 (105117069)|VARIABLE_ASSIGNMENT|[399]|this.assignedToName|"Greg Patten"|0x2062571a
13:27:00.49 (105127302)|STATEMENT_EXECUTE|[306]
13:27:00.49 (105293858)|VARIABLE_ASSIGNMENT|[EXTERNAL]|this|{"assignedToName":"Greg Patten","dueDate":"2018-12-14T02:03:00Z","earliestStart":"2018-12-07T02:03:00Z","schedFinish":"2018-12-10T03:00:00Z","schedStart":"2018-12-10T02:00:00Z","srvApptId":"08pN00000004OvyIAE","srvApptNumber":"SA-4436","srvApptStatus":"Confirmed","srvApptSubject":"Thieves broke into my daughters home yesterday and I had a window made safe by O`Briens. The thieves came back overnight and have jammed another window and damaged the back door.","workTypeName":"Assessment"}|0x2062571a
13:27:00.49 (105310539)|VARIABLE_ASSIGNMENT|[EXTERNAL]|value|null
13:27:00.49 (105319604)|VARIABLE_ASSIGNMENT|[401]|this.assignedToNameTier2|null|0x2062571a
13:27:00.49 (105329386)|STATEMENT_EXECUTE|[307]
13:27:00.49 (105468533)|VARIABLE_ASSIGNMENT|[EXTERNAL]|this|{"assignedToName":"Greg Patten","dueDate":"2018-12-14T02:03:00Z","earliestStart":"2018-12-07T02:03:00Z","schedFinish":"2018-12-10T03:00:00Z","schedStart":"2018-12-10T02:00:00Z","srvApptId":"08pN00000004OvyIAE","srvApptNumber":"SA-4436","srvApptStatus":"Confirmed","srvApptSubject":"Thieves broke into my daughters home yesterday and I had a window made safe by O`Briens. The thieves came back overnight and have jammed another window and damaged the back door.","workTypeName":"Assessment"}|0x2062571a
13:27:00.49 (105487766)|VARIABLE_ASSIGNMENT|[EXTERNAL]|value|null
13:27:00.49 (105496292)|VARIABLE_ASSIGNMENT|[403]|this.committedStartDate|null|0x2062571a
13:27:00.49 (105505704)|STATEMENT_EXECUTE|[308]
13:27:00.49 (105640549)|VARIABLE_ASSIGNMENT|[EXTERNAL]|this|{"assignedToName":"Greg Patten","dueDate":"2018-12-14T02:03:00Z","earliestStart":"2018-12-07T02:03:00Z","schedFinish":"2018-12-10T03:00:00Z","schedStart":"2018-12-10T02:00:00Z","srvApptId":"08pN00000004OvyIAE","srvApptNumber":"SA-4436","srvApptStatus":"Confirmed","srvApptSubject":"Thieves broke into my daughters home yesterday and I had a window made safe by O`Briens. The thieves came back overnight and have jammed another window and damaged the back door.","workTypeName":"Assessment"}|0x2062571a
13:27:00.49 (105659072)|VARIABLE_ASSIGNMENT|[EXTERNAL]|value|null
13:27:00.49 (105667885)|VARIABLE_ASSIGNMENT|[405]|this.committedEndDate|null|0x2062571a
13:27:00.49 (105677285)|STATEMENT_EXECUTE|[309]
13:27:00.49 (105841680)|VARIABLE_ASSIGNMENT|[EXTERNAL]|this|{"assignedToName":"Greg Patten","dueDate":"2018-12-14T02:03:00Z","earliestStart":"2018-12-07T02:03:00Z","schedFinish":"2018-12-10T03:00:00Z","schedStart":"2018-12-10T02:00:00Z","srvApptId":"08pN00000004OvyIAE","srvApptNumber":"SA-4436","srvApptStatus":"Confirmed","srvApptSubject":"Thieves broke into my daughters home yesterday and I had a window made safe by O`Briens. The thieves came back overnight and have jammed another window and damaged the back door.","workTypeName":"Assessment"}|0x2062571a
13:27:00.49 (105857356)|VARIABLE_ASSIGNMENT|[EXTERNAL]|value|false
13:27:00.49 (105866364)|VARIABLE_ASSIGNMENT|[415]|this.capacityBased|false|0x2062571a
13:27:00.49 (105876143)|STATEMENT_EXECUTE|[311]
13:27:00.49 (106025711)|HEAP_ALLOCATE|[311]|Bytes:15
13:27:00.49 (106124507)|HEAP_ALLOCATE|[311]|Bytes:565
13:27:00.49 (106143719)|HEAP_ALLOCATE|[311]|Bytes:580
13:27:00.49 (106173749)|USER_DEBUG|[311]|DEBUG|***saWrapper = srvApptWrapper:[assignedToName=Greg Patten, assignedToNameTier2=null, capacityBased=false, committedEndDate=null, committedStartDate=null, dueDate=2018-12-14 02:03:00, earliestStart=2018-12-07 02:03:00, schedFinish=2018-12-10 03:00:00, schedStart=2018-12-10 02:00:00, srvApptId=08pN00000004OvyIAE, srvApptNumber=SA-4436, srvApptStatus=Confirmed, srvApptSubject=Thieves broke into my daughters home yesterday and I had a window made safe by O`Briens. The thieves came back overnight and have jammed another window and damaged the back door., workTypeName=Assessment]
13:27:00.49 (106188096)|STATEMENT_EXECUTE|[314]
13:27:00.49 (106236876)|VARIABLE_SCOPE_BEGIN|[314]|sw|List<HRGanttChildController.srvApptWrapper>|true|false
13:27:00.49 (106249482)|VARIABLE_ASSIGNMENT|[314]|sw|null|
13:27:00.49 (106275900)|STATEMENT_EXECUTE|[319]
13:27:00.49 (106278154)|STATEMENT_EXECUTE|[320]
13:27:00.49 (106283195)|HEAP_ALLOCATE|[320]|Bytes:16
13:27:00.49 (106293256)|HEAP_ALLOCATE|[320]|Bytes:14
13:27:00.49 (106304889)|HEAP_ALLOCATE|[320]|Bytes:40
13:27:00.49 (106327559)|USER_DEBUG|[320]|DEBUG|***Creating New AssessmentMap Element...
13:27:00.49 (106335622)|STATEMENT_EXECUTE|[321]
13:27:00.49 (106345193)|HEAP_ALLOCATE|[321]|Bytes:4
13:27:00.49 (106390117)|HEAP_ALLOCATE|[EXTERNAL]|Bytes:4
13:27:00.49 (106399904)|VARIABLE_ASSIGNMENT|[321]|sw|[]|0x1af2bf00
13:27:00.49 (106405809)|STATEMENT_EXECUTE|[322]
13:27:00.49 (106427992)|HEAP_ALLOCATE|[EXTERNAL]|Bytes:4
13:27:00.49 (106435221)|STATEMENT_EXECUTE|[324]
13:27:00.49 (106461530)|HEAP_ALLOCATE|[EXTERNAL]|Bytes:-4
13:27:00.49 (106478251)|HEAP_ALLOCATE|[292]|Bytes:5
13:27:00.49 (106492475)|VARIABLE_ASSIGNMENT|[292]|s|null|
13:27:00.49 (106498891)|STATEMENT_EXECUTE|[331]
13:27:00.49 (106531101)|HEAP_ALLOCATE|[331]|Bytes:18
13:27:00.49 (106542962)|VARIABLE_SCOPE_BEGIN|[331]|keyList|Set<String>|true|false
13:27:00.49 (106558985)|VARIABLE_ASSIGNMENT|[331]|keyList|["Assessment"]|0x636f1f9e
13:27:00.49 (106573820)|HEAP_ALLOCATE|[332]|Bytes:4
13:27:00.49 (106603396)|HEAP_ALLOCATE|[332]|Bytes:4
13:27:00.49 (106626650)|HEAP_ALLOCATE|[332]|Bytes:5
13:27:00.49 (106638935)|VARIABLE_SCOPE_BEGIN|[332]|key|String|false|false
13:27:00.49 (106649531)|VARIABLE_ASSIGNMENT|[332]|key|"Assessment"
13:27:00.49 (106654203)|STATEMENT_EXECUTE|[332]
13:27:00.49 (106655975)|STATEMENT_EXECUTE|[333]
13:27:00.49 (106706935)|HEAP_ALLOCATE|[333]|Bytes:128
13:27:00.49 (106713521)|HEAP_ALLOCATE|[333]|Bytes:11
13:27:00.49 (106723301)|HEAP_ALLOCATE|[333]|Bytes:12
13:27:00.49 (106736396)|CONSTRUCTOR_ENTRY|[333]|01pN0000000s8Kz|<init>()|HRGanttChildController.srvTradeWrapper
13:27:00.49 (106754871)|VARIABLE_SCOPE_BEGIN|[359]|this|HRGanttChildController.srvTradeWrapper|true|false
13:27:00.49 (106782649)|VARIABLE_ASSIGNMENT|[359]|this|{}|0x5a7bcf2b
13:27:00.49 (106790269)|STATEMENT_EXECUTE|[356]
13:27:00.49 (106792128)|STATEMENT_EXECUTE|[365]
13:27:00.49 (106793682)|STATEMENT_EXECUTE|[367]
13:27:00.49 (106806758)|STATEMENT_EXECUTE|[359]
13:27:00.49 (106808389)|STATEMENT_EXECUTE|[360]
13:27:00.49 (106816849)|HEAP_ALLOCATE|[360]|Bytes:4
13:27:00.49 (106867378)|VARIABLE_ASSIGNMENT|[EXTERNAL]|this|{}|0x5a7bcf2b
13:27:00.49 (106884038)|HEAP_ALLOCATE|[EXTERNAL]|Bytes:4
13:27:00.49 (106891447)|VARIABLE_ASSIGNMENT|[EXTERNAL]|value|[]|0xa711b18
13:27:00.49 (106901974)|VARIABLE_ASSIGNMENT|[367]|this.srvApptList|[]|0x5a7bcf2b
13:27:00.49 (106912213)|CONSTRUCTOR_EXIT|[333]|01pN0000000s8Kz|<init>()|HRGanttChildController.srvTradeWrapper
13:27:00.49 (106919233)|VARIABLE_SCOPE_BEGIN|[333]|tempWrapper|HRGanttChildController.srvTradeWrapper|true|false
13:27:00.49 (106936739)|VARIABLE_ASSIGNMENT|[333]|tempWrapper|{"srvApptList":"0xa711b18"}|0x5a7bcf2b
13:27:00.49 (106942684)|STATEMENT_EXECUTE|[334]
13:27:00.49 (106981657)|VARIABLE_ASSIGNMENT|[EXTERNAL]|this|{"srvApptList":"0xa711b18"}|0x5a7bcf2b
13:27:00.49 (106991731)|VARIABLE_ASSIGNMENT|[EXTERNAL]|value|"Assessment"
13:27:00.49 (107000293)|VARIABLE_ASSIGNMENT|[365]|this.workTypeName|"Assessment"|0x5a7bcf2b
13:27:00.49 (107009553)|STATEMENT_EXECUTE|[335]
13:27:00.49 (107043611)|VARIABLE_SCOPE_BEGIN|[335]|tempList|List<HRGanttChildController.srvApptWrapper>|true|false
13:27:00.49 (107315585)|VARIABLE_ASSIGNMENT|[EXTERNAL]|this|{"assignedToName":"Greg Patten","capacityBased":false,"dueDate":"2018-12-14T02:03:00Z","earliestStart":"2018-12-07T02:03:00Z","schedFinish":"2018-12-10T03:00:00Z","schedStart":"2018-12-10T02:00:00Z","srvApptId":"08pN00000004OvyIAE","srvApptNumber":"SA-4436","srvApptStatus":"Confirmed","srvApptSubject":"Thieves broke into my daughters home yesterday and I had a window made safe by O`Briens. The thieves came back overnight and have jammed another window and damaged the back door.","workTypeName":"Assessment"}|0x2062571a
13:27:00.49 (107363877)|VARIABLE_ASSIGNMENT|[335]|tempList|"common.apex.runtime.impl.ScalarList@20625739"|0x1af2bf00
13:27:00.49 (107371198)|STATEMENT_EXECUTE|[336]
13:27:00.49 (107409420)|VARIABLE_ASSIGNMENT|[EXTERNAL]|this|{"srvApptList":"0xa711b18","workTypeName":"Assessment"}|0x5a7bcf2b
13:27:00.49 (107612073)|VARIABLE_ASSIGNMENT|[EXTERNAL]|this|{"assignedToName":"Greg Patten","capacityBased":false,"dueDate":"2018-12-14T02:03:00Z","earliestStart":"2018-12-07T02:03:00Z","schedFinish":"2018-12-10T03:00:00Z","schedStart":"2018-12-10T02:00:00Z","srvApptId":"08pN00000004OvyIAE","srvApptNumber":"SA-4436","srvApptStatus":"Confirmed","srvApptSubject":"Thieves broke into my daughters home yesterday and I had a window made safe by O`Briens. The thieves came back overnight and have jammed another window and damaged the back door.","workTypeName":"Assessment"}|0x2062571a
13:27:00.49 (107641803)|VARIABLE_ASSIGNMENT|[EXTERNAL]|value|"common.apex.runtime.impl.ScalarList@20625739"|0x1af2bf00
13:27:00.49 (107840469)|VARIABLE_ASSIGNMENT|[EXTERNAL]|this|{"assignedToName":"Greg Patten","capacityBased":false,"dueDate":"2018-12-14T02:03:00Z","earliestStart":"2018-12-07T02:03:00Z","schedFinish":"2018-12-10T03:00:00Z","schedStart":"2018-12-10T02:00:00Z","srvApptId":"08pN00000004OvyIAE","srvApptNumber":"SA-4436","srvApptStatus":"Confirmed","srvApptSubject":"Thieves broke into my daughters home yesterday and I had a window made safe by O`Briens. The thieves came back overnight and have jammed another window and damaged the back door.","workTypeName":"Assessment"}|0x2062571a
13:27:00.49 (107868012)|VARIABLE_ASSIGNMENT|[367]|this.srvApptList|"common.apex.runtime.impl.ScalarList@20625739"|0x5a7bcf2b
13:27:00.49 (107878750)|STATEMENT_EXECUTE|[337]
13:27:00.49 (107904283)|HEAP_ALLOCATE|[EXTERNAL]|Bytes:4
13:27:00.49 (107921250)|HEAP_ALLOCATE|[332]|Bytes:5
13:27:00.49 (107933758)|VARIABLE_ASSIGNMENT|[332]|key|null
13:27:00.49 (107939292)|STATEMENT_EXECUTE|[341]
13:27:00.49 (107945176)|HEAP_ALLOCATE|[341]|Bytes:17
13:27:00.49 (108016569)|HEAP_ALLOCATE|[341]|Bytes:624
13:27:00.49 (108032865)|HEAP_ALLOCATE|[341]|Bytes:641
13:27:00.49 (108047058)|USER_DEBUG|[341]|DEBUG|***Return List = (srvTradeWrapper:[srvApptList=(srvApptWrapper:[assignedToName=Greg Patten, assignedToNameTier2=null, capacityBased=false, committedEndDate=null, committedStartDate=null, dueDate=2018-12-14 02:03:00, earliestStart=2018-12-07 02:03:00, schedFinish=2018-12-10 03:00:00, schedStart=2018-12-10 02:00:00, srvApptId=08pN00000004OvyIAE, srvApptNumber=SA-4436, srvApptStatus=Confirmed, srvApptSubject=Thieves broke into my daughters home yesterday and I had a window made safe by O`Briens. The thieves came back overnight and have jammed another window and damaged the back door., workTypeName=Assessment]), workTypeName=Assessment])
13:27:00.49 (108061686)|STATEMENT_EXECUTE|[342]
13:27:00.49 (108069761)|SYSTEM_MODE_EXIT|false
13:27:00.108 (108097323)|CUMULATIVE_LIMIT_USAGE
13:27:00.108 (108097323)|LIMIT_USAGE_FOR_NS|(default)|
  Number of SOQL queries: 4 out of 100
  Number of query rows: 7 out of 50000
  Number of SOSL queries: 0 out of 20
  Number of DML statements: 0 out of 150
  Number of DML rows: 0 out of 10000
  Maximum CPU time: 0 out of 10000
  Maximum heap size: 0 out of 6000000
  Number of callouts: 0 out of 100
  Number of Email Invocations: 0 out of 10
  Number of future calls: 0 out of 50
  Number of queueable jobs added to the queue: 0 out of 50
  Number of Mobile Apex push calls: 0 out of 10

13:27:00.108 (108097323)|CUMULATIVE_LIMIT_USAGE_END

13:27:00.49 (108138591)|CODE_UNIT_FINISHED|HRGanttChildController.getClaimScheduledAppointments(Id)
13:27:00.49 (108293372)|CODE_UNIT_FINISHED|Aura
13:27:00.49 (109681126)|EXECUTION_FINISHED
