44.0 APEX_CODE,FINEST;APEX_PROFILING,INFO;CALLOUT,INFO;DB,INFO;NBA,INFO;SYSTEM,DEBUG;VALIDATION,INFO;VISUALFORCE,INFO;WAVE,INFO;WORKFLOW,INFO
13:27:12.0 (304537)|USER_INFO|[EXTERNAL]|005N0000005hvfr|nikhil.jaitly@homerepair.com.uat|Australian Eastern Standard Time|GMT+11:00
13:27:12.0 (341849)|EXECUTION_STARTED
13:27:12.0 (345684)|CODE_UNIT_STARTED|[EXTERNAL]|Aura
13:27:12.0 (1505448)|HEAP_ALLOCATE|[72]|Bytes:3
13:27:12.0 (1547172)|HEAP_ALLOCATE|[77]|Bytes:152
13:27:12.0 (1558223)|HEAP_ALLOCATE|[342]|Bytes:408
13:27:12.0 (1582280)|HEAP_ALLOCATE|[355]|Bytes:408
13:27:12.0 (1595279)|HEAP_ALLOCATE|[467]|Bytes:48
13:27:12.0 (1615245)|HEAP_ALLOCATE|[139]|Bytes:6
13:27:12.0 (1637878)|HEAP_ALLOCATE|[EXTERNAL]|Bytes:5
13:27:12.0 (1647044)|HEAP_ALLOCATE|[EXTERNAL]|Bytes:5
13:27:12.0 (2432574)|CODE_UNIT_STARTED|[EXTERNAL]|01pN0000000oWSC|LightningFileUploadController.fetchCustomMetaDataValues(String)
13:27:12.0 (2523987)|HEAP_ALLOCATE|[EXTERNAL]|Bytes:7
13:27:12.0 (2536444)|METHOD_ENTRY|[1]|01pN0000000oWSC|LightningFileUploadController.LightningFileUploadController()
13:27:12.0 (2543994)|STATEMENT_EXECUTE|[1]
13:27:12.0 (2548613)|STATEMENT_EXECUTE|[1]
13:27:12.0 (2552620)|METHOD_EXIT|[1]|LightningFileUploadController
13:27:12.0 (2558230)|HEAP_ALLOCATE|[EXTERNAL]|Bytes:5
13:27:12.0 (2569346)|SYSTEM_MODE_ENTER|false
13:27:12.0 (2577932)|VARIABLE_SCOPE_BEGIN|[14]|platform|String|false|false
13:27:12.0 (2603681)|VARIABLE_ASSIGNMENT|[14]|platform|"Claim"
13:27:12.0 (2613045)|STATEMENT_EXECUTE|[14]
13:27:12.0 (2614847)|STATEMENT_EXECUTE|[15]
13:27:12.0 (2649924)|HEAP_ALLOCATE|[15]|Bytes:4
13:27:12.0 (2688299)|VARIABLE_SCOPE_BEGIN|[15]|platformList|List<String>|true|false
13:27:12.0 (2718060)|HEAP_ALLOCATE|[EXTERNAL]|Bytes:4
13:27:12.0 (2733233)|VARIABLE_ASSIGNMENT|[15]|platformList|[]|0x5258d4cf
13:27:12.0 (2739564)|STATEMENT_EXECUTE|[16]
13:27:12.0 (2742853)|HEAP_ALLOCATE|[16]|Bytes:64
13:27:12.0 (2748482)|HEAP_ALLOCATE|[16]|Bytes:1
13:27:12.0 (2762515)|HEAP_ALLOCATE|[16]|Bytes:70
13:27:12.0 (2796226)|HEAP_ALLOCATE|[50]|Bytes:5
13:27:12.0 (2816766)|HEAP_ALLOCATE|[56]|Bytes:5
13:27:12.0 (2825254)|HEAP_ALLOCATE|[64]|Bytes:7
13:27:12.0 (3599753)|SOQL_EXECUTE_BEGIN|[16]|Aggregations:0|SELECT MasterLabel FROM Document_Type__mdt WHERE Platform__c = 'Claim'
13:27:12.0 (7881086)|SOQL_EXECUTE_END|[16]|Rows:6
13:27:12.0 (7909162)|HEAP_ALLOCATE|[16]|Bytes:28
13:27:12.0 (7934070)|HEAP_ALLOCATE|[16]|Bytes:346
13:27:12.0 (8005543)|HEAP_ALLOCATE|[16]|Bytes:28
13:27:12.0 (8034010)|VARIABLE_SCOPE_BEGIN|[16]|DocumentTypeList|List<Document_Type__mdt>|true|false
13:27:12.0 (8059284)|VARIABLE_ASSIGNMENT|[16]|DocumentTypeList|"List of size 6 too large to display"|0x3036e281
13:27:12.0 (8295800)|HEAP_ALLOCATE|[17]|Bytes:5
13:27:12.0 (8340189)|HEAP_ALLOCATE|[17]|Bytes:12
13:27:12.0 (8349856)|VARIABLE_SCOPE_BEGIN|[17]|dt|Document_Type__mdt|true|false
13:27:12.0 (8375480)|VARIABLE_ASSIGNMENT|[17]|dt|{"MasterLabel":"Liability quote","Id":"m05N000000004BhIAI"}|0x6f0fdfc9
13:27:12.0 (8384573)|STATEMENT_EXECUTE|[17]
13:27:12.0 (8386663)|STATEMENT_EXECUTE|[18]
13:27:12.0 (8452739)|HEAP_ALLOCATE|[EXTERNAL]|Bytes:4
13:27:12.0 (8470533)|HEAP_ALLOCATE|[17]|Bytes:5
13:27:12.0 (8482090)|HEAP_ALLOCATE|[17]|Bytes:12
13:27:12.0 (8488402)|VARIABLE_SCOPE_BEGIN|[17]|dt|Document_Type__mdt|true|false
13:27:12.0 (8503939)|VARIABLE_ASSIGNMENT|[17]|dt|{"MasterLabel":"Assessment Report","Id":"m05N000000004BcIAI"}|0x48b2670c
13:27:12.0 (8510299)|STATEMENT_EXECUTE|[17]
13:27:12.0 (8511817)|STATEMENT_EXECUTE|[18]
13:27:12.0 (8522578)|HEAP_ALLOCATE|[EXTERNAL]|Bytes:4
13:27:12.0 (8534209)|HEAP_ALLOCATE|[17]|Bytes:5
13:27:12.0 (8543177)|HEAP_ALLOCATE|[17]|Bytes:12
13:27:12.0 (8548375)|VARIABLE_SCOPE_BEGIN|[17]|dt|Document_Type__mdt|true|false
13:27:12.0 (8561133)|VARIABLE_ASSIGNMENT|[17]|dt|{"MasterLabel":"Cash Settlement","Id":"m05N000000004BeIAI"}|0x58181d32
13:27:12.0 (8566834)|STATEMENT_EXECUTE|[17]
13:27:12.0 (8568341)|STATEMENT_EXECUTE|[18]
13:27:12.0 (8575477)|HEAP_ALLOCATE|[EXTERNAL]|Bytes:4
13:27:12.0 (8585150)|HEAP_ALLOCATE|[17]|Bytes:5
13:27:12.0 (8593563)|HEAP_ALLOCATE|[17]|Bytes:12
13:27:12.0 (8598802)|VARIABLE_SCOPE_BEGIN|[17]|dt|Document_Type__mdt|true|false
13:27:12.0 (8612005)|VARIABLE_ASSIGNMENT|[17]|dt|{"MasterLabel":"Partial Decline","Id":"m05N000000004BlIAI"}|0xc1ed0d7
13:27:12.0 (8617186)|STATEMENT_EXECUTE|[17]
13:27:12.0 (8618689)|STATEMENT_EXECUTE|[18]
13:27:12.0 (8625209)|HEAP_ALLOCATE|[EXTERNAL]|Bytes:4
13:27:12.0 (8640637)|HEAP_ALLOCATE|[17]|Bytes:5
13:27:12.0 (8649627)|HEAP_ALLOCATE|[17]|Bytes:12
13:27:12.0 (8654470)|VARIABLE_SCOPE_BEGIN|[17]|dt|Document_Type__mdt|true|false
13:27:12.0 (8667643)|VARIABLE_ASSIGNMENT|[17]|dt|{"MasterLabel":"Others","Id":"m05N000000004BkIAI"}|0x1dfea70a
13:27:12.0 (8673144)|STATEMENT_EXECUTE|[17]
13:27:12.0 (8674649)|STATEMENT_EXECUTE|[18]
13:27:12.0 (8681090)|HEAP_ALLOCATE|[EXTERNAL]|Bytes:4
13:27:12.0 (8690554)|HEAP_ALLOCATE|[17]|Bytes:5
13:27:12.0 (8698706)|HEAP_ALLOCATE|[17]|Bytes:12
13:27:12.0 (8704596)|VARIABLE_SCOPE_BEGIN|[17]|dt|Document_Type__mdt|true|false
13:27:12.0 (8717265)|VARIABLE_ASSIGNMENT|[17]|dt|{"MasterLabel":"Decline Report","Id":"m05N000000004BfIAI"}|0x462f39be
13:27:12.0 (8722800)|STATEMENT_EXECUTE|[17]
13:27:12.0 (8724300)|STATEMENT_EXECUTE|[18]
13:27:12.0 (8730439)|HEAP_ALLOCATE|[EXTERNAL]|Bytes:4
13:27:12.0 (8740349)|HEAP_ALLOCATE|[17]|Bytes:5
13:27:12.0 (8751055)|VARIABLE_ASSIGNMENT|[17]|dt|null|
13:27:12.0 (8756612)|STATEMENT_EXECUTE|[20]
13:27:12.0 (8765784)|SYSTEM_MODE_EXIT|false
13:27:12.8 (8799227)|CUMULATIVE_LIMIT_USAGE
13:27:12.8 (8799227)|LIMIT_USAGE_FOR_NS|(default)|
  Number of SOQL queries: 0 out of 100
  Number of query rows: 6 out of 50000
  Number of SOSL queries: 0 out of 20
  Number of DML statements: 0 out of 150
  Number of DML rows: 0 out of 10000
  Maximum CPU time: 0 out of 10000
  Maximum heap size: 0 out of 6000000
  Number of callouts: 0 out of 100
  Number of Email Invocations: 0 out of 10
  Number of future calls: 0 out of 50
  Number of queueable jobs added to the queue: 0 out of 50
  Number of Mobile Apex push calls: 0 out of 10

13:27:12.8 (8799227)|CUMULATIVE_LIMIT_USAGE_END

13:27:12.0 (8836903)|CODE_UNIT_FINISHED|LightningFileUploadController.fetchCustomMetaDataValues(String)
13:27:12.0 (8911599)|CODE_UNIT_FINISHED|Aura
13:27:12.0 (10101195)|EXECUTION_FINISHED
