44.0 APEX_CODE,FINEST;APEX_PROFILING,INFO;CALLOUT,INFO;DB,INFO;NBA,INFO;SYSTEM,DEBUG;VALIDATION,INFO;VISUALFORCE,INFO;WAVE,INFO;WORKFLOW,INFO
13:26:52.0 (85356)|USER_INFO|[EXTERNAL]|005N0000005hvfr|nikhil.jaitly@homerepair.com.uat|Australian Eastern Standard Time|GMT+11:00
13:26:52.0 (121613)|EXECUTION_STARTED
13:26:52.0 (126254)|CODE_UNIT_STARTED|[EXTERNAL]|Aura
13:26:52.0 (711243)|HEAP_ALLOCATE|[72]|Bytes:3
13:26:52.0 (765960)|HEAP_ALLOCATE|[77]|Bytes:152
13:26:52.0 (782935)|HEAP_ALLOCATE|[342]|Bytes:408
13:26:52.0 (796139)|HEAP_ALLOCATE|[355]|Bytes:408
13:26:52.0 (806414)|HEAP_ALLOCATE|[467]|Bytes:48
13:26:52.0 (831543)|HEAP_ALLOCATE|[139]|Bytes:6
13:26:52.0 (852053)|HEAP_ALLOCATE|[EXTERNAL]|Bytes:18
13:26:52.0 (860441)|HEAP_ALLOCATE|[EXTERNAL]|Bytes:18
13:26:52.0 (1599617)|CODE_UNIT_STARTED|[EXTERNAL]|01pN0000000oWSC|LightningFileUploadController.fetchContentDocument(String)
13:26:52.0 (1701117)|HEAP_ALLOCATE|[EXTERNAL]|Bytes:7
13:26:52.0 (1714062)|METHOD_ENTRY|[1]|01pN0000000oWSC|LightningFileUploadController.LightningFileUploadController()
13:26:52.0 (1722120)|STATEMENT_EXECUTE|[1]
13:26:52.0 (1727732)|STATEMENT_EXECUTE|[1]
13:26:52.0 (1732085)|METHOD_EXIT|[1]|LightningFileUploadController
13:26:52.0 (1737227)|HEAP_ALLOCATE|[EXTERNAL]|Bytes:18
13:26:52.0 (1751243)|SYSTEM_MODE_ENTER|false
13:26:52.0 (1759583)|VARIABLE_SCOPE_BEGIN|[23]|caseId|String|false|false
13:26:52.0 (1784478)|VARIABLE_ASSIGNMENT|[23]|caseId|"500N000000CB1ZDIA1"
13:26:52.0 (1796009)|STATEMENT_EXECUTE|[23]
13:26:52.0 (1797813)|STATEMENT_EXECUTE|[24]
13:26:52.0 (1852021)|HEAP_ALLOCATE|[24]|Bytes:4
13:26:52.0 (1924499)|VARIABLE_SCOPE_BEGIN|[24]|ContentDocumentLinkList|List<ContentDocumentLink>|true|false
13:26:52.0 (1944141)|HEAP_ALLOCATE|[EXTERNAL]|Bytes:4
13:26:52.0 (1958232)|VARIABLE_ASSIGNMENT|[24]|ContentDocumentLinkList|[]|0x135a96d1
13:26:52.0 (1997123)|HEAP_ALLOCATE|[50]|Bytes:5
13:26:52.0 (2022831)|HEAP_ALLOCATE|[56]|Bytes:5
13:26:52.0 (2032326)|HEAP_ALLOCATE|[64]|Bytes:7
13:26:52.0 (2068793)|STATEMENT_EXECUTE|[25]
13:26:52.0 (2070962)|STATEMENT_EXECUTE|[26]
13:26:52.0 (2073504)|HEAP_ALLOCATE|[26]|Bytes:305
13:26:52.0 (2092064)|HEAP_ALLOCATE|[26]|Bytes:4
13:26:52.0 (2101511)|HEAP_ALLOCATE|[26]|Bytes:7
13:26:52.0 (4593476)|SOQL_EXECUTE_BEGIN|[26]|Aggregations:0|SELECT id, ContentDocumentId, ContentDocument.LatestPublishedVersion.Title, ContentDocument.LatestPublishedVersion.LastModifiedBy.Name, ContentDocument.Description FROM ContentDocumentLink WHERE LinkedEntityId = :tmpVar1 ORDER BY ContentDocument.LatestPublishedVersion.CreatedDate DESC NULLS FIRST LIMIT 5
13:26:52.0 (9329183)|SOQL_EXECUTE_END|[26]|Rows:0
13:26:52.0 (9353313)|HEAP_ALLOCATE|[26]|Bytes:4
13:26:52.0 (9368172)|HEAP_ALLOCATE|[26]|Bytes:0
13:26:52.0 (9403696)|HEAP_ALLOCATE|[26]|Bytes:4
13:26:52.0 (9423061)|VARIABLE_ASSIGNMENT|[26]|ContentDocumentLinkList|[]|0x5f3678c4
13:26:52.0 (9430208)|STATEMENT_EXECUTE|[28]
13:26:52.0 (9439737)|SYSTEM_MODE_EXIT|false
13:26:52.9 (9465516)|CUMULATIVE_LIMIT_USAGE
13:26:52.9 (9465516)|LIMIT_USAGE_FOR_NS|(default)|
  Number of SOQL queries: 1 out of 100
  Number of query rows: 0 out of 50000
  Number of SOSL queries: 0 out of 20
  Number of DML statements: 0 out of 150
  Number of DML rows: 0 out of 10000
  Maximum CPU time: 0 out of 10000
  Maximum heap size: 0 out of 6000000
  Number of callouts: 0 out of 100
  Number of Email Invocations: 0 out of 10
  Number of future calls: 0 out of 50
  Number of queueable jobs added to the queue: 0 out of 50
  Number of Mobile Apex push calls: 0 out of 10

13:26:52.9 (9465516)|CUMULATIVE_LIMIT_USAGE_END

13:26:52.0 (9497657)|CODE_UNIT_FINISHED|LightningFileUploadController.fetchContentDocument(String)
13:26:52.0 (9556685)|CODE_UNIT_FINISHED|Aura
13:26:52.0 (10591306)|EXECUTION_FINISHED
