44.0 APEX_CODE,FINEST;APEX_PROFILING,INFO;CALLOUT,INFO;DB,INFO;NBA,INFO;SYSTEM,DEBUG;VALIDATION,INFO;VISUALFORCE,INFO;WAVE,INFO;WORKFLOW,INFO
13:27:28.0 (91062)|USER_INFO|[EXTERNAL]|005N0000005hvfr|nikhil.jaitly@homerepair.com.uat|Australian Eastern Standard Time|GMT+11:00
13:27:28.0 (125941)|EXECUTION_STARTED
13:27:28.0 (130865)|CODE_UNIT_STARTED|[EXTERNAL]|Aura
13:27:28.0 (766652)|HEAP_ALLOCATE|[72]|Bytes:3
13:27:28.0 (828206)|HEAP_ALLOCATE|[77]|Bytes:152
13:27:28.0 (845280)|HEAP_ALLOCATE|[342]|Bytes:408
13:27:28.0 (860119)|HEAP_ALLOCATE|[355]|Bytes:408
13:27:28.0 (871295)|HEAP_ALLOCATE|[467]|Bytes:48
13:27:28.0 (896203)|HEAP_ALLOCATE|[139]|Bytes:6
13:27:28.0 (917082)|HEAP_ALLOCATE|[EXTERNAL]|Bytes:18
13:27:28.0 (925954)|HEAP_ALLOCATE|[EXTERNAL]|Bytes:18
13:27:28.0 (1677518)|CODE_UNIT_STARTED|[EXTERNAL]|01pN0000000oWSC|LightningFileUploadController.fetchContentDocument(String)
13:27:28.0 (1779986)|HEAP_ALLOCATE|[EXTERNAL]|Bytes:7
13:27:28.0 (1797341)|METHOD_ENTRY|[1]|01pN0000000oWSC|LightningFileUploadController.LightningFileUploadController()
13:27:28.0 (1804852)|STATEMENT_EXECUTE|[1]
13:27:28.0 (1811116)|STATEMENT_EXECUTE|[1]
13:27:28.0 (1815146)|METHOD_EXIT|[1]|LightningFileUploadController
13:27:28.0 (1820548)|HEAP_ALLOCATE|[EXTERNAL]|Bytes:18
13:27:28.0 (1834596)|SYSTEM_MODE_ENTER|false
13:27:28.0 (1843021)|VARIABLE_SCOPE_BEGIN|[23]|caseId|String|false|false
13:27:28.0 (1865099)|VARIABLE_ASSIGNMENT|[23]|caseId|"500N000000CYOT2IAP"
13:27:28.0 (1876235)|STATEMENT_EXECUTE|[23]
13:27:28.0 (1878058)|STATEMENT_EXECUTE|[24]
13:27:28.0 (1931463)|HEAP_ALLOCATE|[24]|Bytes:4
13:27:28.0 (2005768)|VARIABLE_SCOPE_BEGIN|[24]|ContentDocumentLinkList|List<ContentDocumentLink>|true|false
13:27:28.0 (2019874)|HEAP_ALLOCATE|[EXTERNAL]|Bytes:4
13:27:28.0 (2032196)|VARIABLE_ASSIGNMENT|[24]|ContentDocumentLinkList|[]|0x4b30732a
13:27:28.0 (2070340)|HEAP_ALLOCATE|[50]|Bytes:5
13:27:28.0 (2095964)|HEAP_ALLOCATE|[56]|Bytes:5
13:27:28.0 (2104208)|HEAP_ALLOCATE|[64]|Bytes:7
13:27:28.0 (2142163)|STATEMENT_EXECUTE|[25]
13:27:28.0 (2144140)|STATEMENT_EXECUTE|[26]
13:27:28.0 (2147036)|HEAP_ALLOCATE|[26]|Bytes:305
13:27:28.0 (2165640)|HEAP_ALLOCATE|[26]|Bytes:4
13:27:28.0 (2175174)|HEAP_ALLOCATE|[26]|Bytes:7
13:27:28.0 (3514206)|SOQL_EXECUTE_BEGIN|[26]|Aggregations:0|SELECT id, ContentDocumentId, ContentDocument.LatestPublishedVersion.Title, ContentDocument.LatestPublishedVersion.LastModifiedBy.Name, ContentDocument.Description FROM ContentDocumentLink WHERE LinkedEntityId = :tmpVar1 ORDER BY ContentDocument.LatestPublishedVersion.CreatedDate DESC NULLS FIRST LIMIT 5
13:27:28.0 (18260846)|SOQL_EXECUTE_END|[26]|Rows:1
13:27:28.0 (18287262)|HEAP_ALLOCATE|[26]|Bytes:8
13:27:28.0 (18311983)|HEAP_ALLOCATE|[26]|Bytes:367
13:27:28.0 (18352762)|HEAP_ALLOCATE|[26]|Bytes:8
13:27:28.0 (18418847)|VARIABLE_ASSIGNMENT|[26]|ContentDocumentLinkList|[{"Id":"06AN0000002AIVkMAO","ContentDocumentId":"069N0000001QRzgIAG","ContentDocument":{"LatestPublishedVersionId":"068N0000001QEYeIAO","Id":"069N0000001QRzgIAG","LatestPublishedVersion":{"Title":"AssementReport-500N0 (17 more) ...","LastModifiedById":"005N00000056f2VIAQ","Id":"068N0000001QEYeIAO","LastModifiedBy":{"Name":"Chelsea Briggs","Id":"005N00000056f2VIAQ"}}}}]|0x15d6dc07
13:27:28.0 (18432361)|STATEMENT_EXECUTE|[28]
13:27:28.0 (18443082)|SYSTEM_MODE_EXIT|false
13:27:28.18 (18472583)|CUMULATIVE_LIMIT_USAGE
13:27:28.18 (18472583)|LIMIT_USAGE_FOR_NS|(default)|
  Number of SOQL queries: 1 out of 100
  Number of query rows: 1 out of 50000
  Number of SOSL queries: 0 out of 20
  Number of DML statements: 0 out of 150
  Number of DML rows: 0 out of 10000
  Maximum CPU time: 0 out of 10000
  Maximum heap size: 0 out of 6000000
  Number of callouts: 0 out of 100
  Number of Email Invocations: 0 out of 10
  Number of future calls: 0 out of 50
  Number of queueable jobs added to the queue: 0 out of 50
  Number of Mobile Apex push calls: 0 out of 10

13:27:28.18 (18472583)|CUMULATIVE_LIMIT_USAGE_END

13:27:28.0 (18509533)|CODE_UNIT_FINISHED|LightningFileUploadController.fetchContentDocument(String)
13:27:28.0 (18620076)|CODE_UNIT_FINISHED|Aura
13:27:28.0 (19789331)|EXECUTION_FINISHED
